ARM GAS  C:\Users\atill\AppData\Local\Temp\ccaEGBuj.s 			page 1


   1              		.syntax unified
   2              		.cpu cortex-m3
   3              		.fpu softvfp
   4              		.eabi_attribute 20, 1
   5              		.eabi_attribute 21, 1
   6              		.eabi_attribute 23, 3
   7              		.eabi_attribute 24, 1
   8              		.eabi_attribute 25, 1
   9              		.eabi_attribute 26, 1
  10              		.eabi_attribute 30, 1
  11              		.eabi_attribute 34, 1
  12              		.eabi_attribute 18, 4
  13              		.thumb
  14              		.syntax unified
  15              		.file	"cymetadata.c"
  16              		.text
  17              	.Ltext0:
  18              		.cfi_sections	.debug_frame
  19              		.global	cy_metadata
  20              		.global	cy_meta_flashprotect
  21              		.global	cy_meta_wonvl
  22              		.global	cy_meta_custnvl
  23              		.global	cy_meta_configecc
  24              		.section	.cyconfigecc,"a",%progbits
  25              		.align	2
  26              		.type	cy_meta_configecc, %object
  27              		.size	cy_meta_configecc, 188
  28              	cy_meta_configecc:
  29 0000 01       		.byte	1
  30 0001 52       		.byte	82
  31 0002 00       		.byte	0
  32 0003 40       		.byte	64
  33 0004 0B       		.byte	11
  34 0005 02       		.byte	2
  35 0006 01       		.byte	1
  36 0007 40       		.byte	64
  37 0008 0A       		.byte	10
  38 0009 03       		.byte	3
  39 000a 01       		.byte	1
  40 000b 40       		.byte	64
  41 000c 01       		.byte	1
  42 000d 05       		.byte	5
  43 000e 01       		.byte	1
  44 000f 40       		.byte	64
  45 0010 01       		.byte	1
  46 0011 07       		.byte	7
  47 0012 01       		.byte	1
  48 0013 40       		.byte	64
  49 0014 01       		.byte	1
  50 0015 09       		.byte	9
  51 0016 01       		.byte	1
  52 0017 40       		.byte	64
  53 0018 02       		.byte	2
  54 0019 40       		.byte	64
  55 001a 01       		.byte	1
  56 001b 40       		.byte	64
  57 001c 07       		.byte	7
ARM GAS  C:\Users\atill\AppData\Local\Temp\ccaEGBuj.s 			page 2


  58 001d 41       		.byte	65
  59 001e 01       		.byte	1
  60 001f 40       		.byte	64
  61 0020 03       		.byte	3
  62 0021 42       		.byte	66
  63 0022 01       		.byte	1
  64 0023 40       		.byte	64
  65 0024 02       		.byte	2
  66 0025 43       		.byte	67
  67 0026 01       		.byte	1
  68 0027 40       		.byte	64
  69 0028 02       		.byte	2
  70 0029 46       		.byte	70
  71 002a 01       		.byte	1
  72 002b 40       		.byte	64
  73 002c 01       		.byte	1
  74 002d 47       		.byte	71
  75 002e 01       		.byte	1
  76 002f 40       		.byte	64
  77 0030 02       		.byte	2
  78 0031 50       		.byte	80
  79 0032 01       		.byte	1
  80 0033 40       		.byte	64
  81 0034 01       		.byte	1
  82 0035 51       		.byte	81
  83 0036 01       		.byte	1
  84 0037 40       		.byte	64
  85 0038 01       		.byte	1
  86 0039 20       		.byte	32
  87 003a 02       		.byte	2
  88 003b 04       		.byte	4
  89 003c 10       		.byte	16
  90 003d 01       		.byte	1
  91 003e 12       		.byte	18
  92 003f 02       		.byte	2
  93 0040 16       		.byte	22
  94 0041 01       		.byte	1
  95 0042 30       		.byte	48
  96 0043 04       		.byte	4
  97 0044 32       		.byte	50
  98 0045 02       		.byte	2
  99 0046 36       		.byte	54
 100 0047 01       		.byte	1
 101 0048 3B       		.byte	59
 102 0049 0C       		.byte	12
 103 004a 58       		.byte	88
 104 004b 04       		.byte	4
 105 004c 59       		.byte	89
 106 004d 0B       		.byte	11
 107 004e 5F       		.byte	95
 108 004f 01       		.byte	1
 109 0050 07       		.byte	7
 110 0051 80       		.byte	-128
 111 0052 0E       		.byte	14
 112 0053 60       		.byte	96
 113 0054 1E       		.byte	30
 114 0055 60       		.byte	96
ARM GAS  C:\Users\atill\AppData\Local\Temp\ccaEGBuj.s 			page 3


 115 0056 1F       		.byte	31
 116 0057 80       		.byte	-128
 117 0058 27       		.byte	39
 118 0059 20       		.byte	32
 119 005a 7F       		.byte	127
 120 005b 80       		.byte	-128
 121 005c 87       		.byte	-121
 122 005d 20       		.byte	32
 123 005e C0       		.byte	-64
 124 005f 10       		.byte	16
 125 0060 C2       		.byte	-62
 126 0061 30       		.byte	48
 127 0062 DE       		.byte	-34
 128 0063 80       		.byte	-128
 129 0064 AF       		.byte	-81
 130 0065 80       		.byte	-128
 131 0066 EE       		.byte	-18
 132 0067 04       		.byte	4
 133 0068 EE       		.byte	-18
 134 0069 04       		.byte	4
 135 006a 33       		.byte	51
 136 006b 20       		.byte	32
 137 006c CC       		.byte	-52
 138 006d 10       		.byte	16
 139 006e 0E       		.byte	14
 140 006f 04       		.byte	4
 141 0070 63       		.byte	99
 142 0071 04       		.byte	4
 143 0072 87       		.byte	-121
 144 0073 04       		.byte	4
 145 0074 A7       		.byte	-89
 146 0075 20       		.byte	32
 147 0076 C2       		.byte	-62
 148 0077 80       		.byte	-128
 149 0078 D8       		.byte	-40
 150 0079 40       		.byte	64
 151 007a E2       		.byte	-30
 152 007b 40       		.byte	64
 153 007c A7       		.byte	-89
 154 007d 20       		.byte	32
 155 007e AE       		.byte	-82
 156 007f 04       		.byte	4
 157 0080 E8       		.byte	-24
 158 0081 40       		.byte	64
 159 0082 AB       		.byte	-85
 160 0083 20       		.byte	32
 161 0084 EE       		.byte	-18
 162 0085 20       		.byte	32
 163 0086 1B       		.byte	27
 164 0087 04       		.byte	4
 165 0088 C6       		.byte	-58
 166 0089 08       		.byte	8
 167 008a AB       		.byte	-85
 168 008b 04       		.byte	4
 169 008c 00       		.byte	0
 170 008d 01       		.byte	1
 171 008e 08       		.byte	8
ARM GAS  C:\Users\atill\AppData\Local\Temp\ccaEGBuj.s 			page 4


 172 008f 01       		.byte	1
 173 0090 00       		.byte	0
 174 0091 03       		.byte	3
 175 0092 00       		.byte	0
 176 0093 00       		.byte	0
 177 0094 80       		.byte	-128
 178 0095 00       		.byte	0
 179 0096 00       		.byte	0
 180 0097 BF       		.byte	-65
 181 0098 3F       		.byte	63
 182 0099 00       		.byte	0
 183 009a 20       		.byte	32
 184 009b 00       		.byte	0
 185 009c 40       		.byte	64
 186 009d 00       		.byte	0
 187 009e 00       		.byte	0
 188 009f 00       		.byte	0
 189 00a0 00       		.byte	0
 190 00a1 0B       		.byte	11
 191 00a2 0B       		.byte	11
 192 00a3 00       		.byte	0
 193 00a4 00       		.byte	0
 194 00a5 00       		.byte	0
 195 00a6 00       		.byte	0
 196 00a7 00       		.byte	0
 197 00a8 00       		.byte	0
 198 00a9 F8       		.byte	-8
 199 00aa F8       		.byte	-8
 200 00ab 00       		.byte	0
 201 00ac 00       		.byte	0
 202 00ad 00       		.byte	0
 203 00ae 00       		.byte	0
 204 00af 00       		.byte	0
 205 00b0 01       		.byte	1
 206 00b1 00       		.byte	0
 207 00b2 00       		.byte	0
 208 00b3 00       		.byte	0
 209 00b4 00       		.byte	0
 210 00b5 00       		.byte	0
 211 00b6 00       		.byte	0
 212 00b7 00       		.byte	0
 213 00b8 10       		.byte	16
 214 00b9 00       		.byte	0
 215 00ba 18       		.byte	24
 216 00bb 01       		.byte	1
 217              		.section	.cywolatch,"a",%progbits
 218              		.align	2
 219              		.type	cy_meta_wonvl, %object
 220              		.size	cy_meta_wonvl, 4
 221              	cy_meta_wonvl:
 222 0000 BC       		.byte	-68
 223 0001 90       		.byte	-112
 224 0002 AC       		.byte	-84
 225 0003 AF       		.byte	-81
 226              		.section	.cycustnvl,"a",%progbits
 227              		.align	2
 228              		.type	cy_meta_custnvl, %object
ARM GAS  C:\Users\atill\AppData\Local\Temp\ccaEGBuj.s 			page 5


 229              		.size	cy_meta_custnvl, 4
 230              	cy_meta_custnvl:
 231 0000 00       		.byte	0
 232 0001 00       		.byte	0
 233 0002 40       		.byte	64
 234 0003 05       		.byte	5
 235              		.section	.cymeta,"a",%progbits
 236              		.align	2
 237              		.type	cy_metadata, %object
 238              		.size	cy_metadata, 12
 239              	cy_metadata:
 240 0000 00       		.byte	0
 241 0001 01       		.byte	1
 242 0002 2E       		.byte	46
 243 0003 16       		.byte	22
 244 0004 10       		.byte	16
 245 0005 69       		.byte	105
 246 0006 00       		.byte	0
 247 0007 01       		.byte	1
 248 0008 00       		.byte	0
 249 0009 00       		.byte	0
 250 000a 00       		.byte	0
 251 000b 00       		.byte	0
 252              		.section	.cyflashprotect,"a",%progbits
 253              		.align	2
 254              		.type	cy_meta_flashprotect, %object
 255              		.size	cy_meta_flashprotect, 256
 256              	cy_meta_flashprotect:
 257 0000 00000000 		.space	256
 257      00000000 
 257      00000000 
 257      00000000 
 257      00000000 
 258              		.text
 259              	.Letext0:
 260              		.file 1 "c:\\program files (x86)\\cypress\\psoc creator\\4.4\\psoc creator\\import\\gnu\\arm\\5.4.
 261              		.file 2 "c:\\program files (x86)\\cypress\\psoc creator\\4.4\\psoc creator\\import\\gnu\\arm\\5.4.
 262              		.file 3 "Generated_Source\\PSoC5\\cymetadata.c"
 263              		.section	.debug_info,"",%progbits
 264              	.Ldebug_info0:
 265 0000 30010000 		.4byte	0x130
 266 0004 0400     		.2byte	0x4
 267 0006 00000000 		.4byte	.Ldebug_abbrev0
 268 000a 04       		.byte	0x4
 269 000b 01       		.uleb128 0x1
 270 000c 72000000 		.4byte	.LASF17
 271 0010 0C       		.byte	0xc
 272 0011 CC010000 		.4byte	.LASF18
 273 0015 16000000 		.4byte	.LASF19
 274 0019 00000000 		.4byte	.Ldebug_line0
 275 001d 02       		.uleb128 0x2
 276 001e 01       		.byte	0x1
 277 001f 06       		.byte	0x6
 278 0020 C0010000 		.4byte	.LASF0
 279 0024 03       		.uleb128 0x3
 280 0025 00000000 		.4byte	.LASF9
 281 0029 01       		.byte	0x1
ARM GAS  C:\Users\atill\AppData\Local\Temp\ccaEGBuj.s 			page 6


 282 002a 1D       		.byte	0x1d
 283 002b 2F000000 		.4byte	0x2f
 284 002f 02       		.uleb128 0x2
 285 0030 01       		.byte	0x1
 286 0031 08       		.byte	0x8
 287 0032 64000000 		.4byte	.LASF1
 288 0036 02       		.uleb128 0x2
 289 0037 02       		.byte	0x2
 290 0038 05       		.byte	0x5
 291 0039 AD010000 		.4byte	.LASF2
 292 003d 02       		.uleb128 0x2
 293 003e 02       		.byte	0x2
 294 003f 07       		.byte	0x7
 295 0040 12010000 		.4byte	.LASF3
 296 0044 02       		.uleb128 0x2
 297 0045 04       		.byte	0x4
 298 0046 05       		.byte	0x5
 299 0047 B7010000 		.4byte	.LASF4
 300 004b 02       		.uleb128 0x2
 301 004c 04       		.byte	0x4
 302 004d 07       		.byte	0x7
 303 004e 00010000 		.4byte	.LASF5
 304 0052 02       		.uleb128 0x2
 305 0053 08       		.byte	0x8
 306 0054 05       		.byte	0x5
 307 0055 9F010000 		.4byte	.LASF6
 308 0059 02       		.uleb128 0x2
 309 005a 08       		.byte	0x8
 310 005b 07       		.byte	0x7
 311 005c 54010000 		.4byte	.LASF7
 312 0060 04       		.uleb128 0x4
 313 0061 04       		.byte	0x4
 314 0062 05       		.byte	0x5
 315 0063 696E7400 		.ascii	"int\000"
 316 0067 02       		.uleb128 0x2
 317 0068 04       		.byte	0x4
 318 0069 07       		.byte	0x7
 319 006a 47010000 		.4byte	.LASF8
 320 006e 03       		.uleb128 0x3
 321 006f 6B010000 		.4byte	.LASF10
 322 0073 02       		.byte	0x2
 323 0074 18       		.byte	0x18
 324 0075 24000000 		.4byte	0x24
 325 0079 05       		.uleb128 0x5
 326 007a 90000000 		.4byte	0x90
 327 007e 89000000 		.4byte	0x89
 328 0082 06       		.uleb128 0x6
 329 0083 89000000 		.4byte	0x89
 330 0087 BB       		.byte	0xbb
 331 0088 00       		.byte	0
 332 0089 02       		.uleb128 0x2
 333 008a 04       		.byte	0x4
 334 008b 07       		.byte	0x7
 335 008c 96010000 		.4byte	.LASF11
 336 0090 07       		.uleb128 0x7
 337 0091 6E000000 		.4byte	0x6e
 338 0095 08       		.uleb128 0x8
ARM GAS  C:\Users\atill\AppData\Local\Temp\ccaEGBuj.s 			page 7


 339 0096 35010000 		.4byte	.LASF12
 340 009a 03       		.byte	0x3
 341 009b 1F       		.byte	0x1f
 342 009c A6000000 		.4byte	0xa6
 343 00a0 05       		.uleb128 0x5
 344 00a1 03       		.byte	0x3
 345 00a2 00000000 		.4byte	cy_meta_configecc
 346 00a6 07       		.uleb128 0x7
 347 00a7 79000000 		.4byte	0x79
 348 00ab 05       		.uleb128 0x5
 349 00ac 90000000 		.4byte	0x90
 350 00b0 BB000000 		.4byte	0xbb
 351 00b4 06       		.uleb128 0x6
 352 00b5 89000000 		.4byte	0x89
 353 00b9 03       		.byte	0x3
 354 00ba 00       		.byte	0
 355 00bb 08       		.uleb128 0x8
 356 00bc 25010000 		.4byte	.LASF13
 357 00c0 03       		.byte	0x3
 358 00c1 44       		.byte	0x44
 359 00c2 CC000000 		.4byte	0xcc
 360 00c6 05       		.uleb128 0x5
 361 00c7 03       		.byte	0x3
 362 00c8 00000000 		.4byte	cy_meta_custnvl
 363 00cc 07       		.uleb128 0x7
 364 00cd AB000000 		.4byte	0xab
 365 00d1 08       		.uleb128 0x8
 366 00d2 88010000 		.4byte	.LASF14
 367 00d6 03       		.byte	0x3
 368 00d7 52       		.byte	0x52
 369 00d8 E2000000 		.4byte	0xe2
 370 00dc 05       		.uleb128 0x5
 371 00dd 03       		.byte	0x3
 372 00de 00000000 		.4byte	cy_meta_wonvl
 373 00e2 07       		.uleb128 0x7
 374 00e3 AB000000 		.4byte	0xab
 375 00e7 05       		.uleb128 0x5
 376 00e8 90000000 		.4byte	0x90
 377 00ec F7000000 		.4byte	0xf7
 378 00f0 06       		.uleb128 0x6
 379 00f1 89000000 		.4byte	0x89
 380 00f5 FF       		.byte	0xff
 381 00f6 00       		.byte	0
 382 00f7 08       		.uleb128 0x8
 383 00f8 73010000 		.4byte	.LASF15
 384 00fc 03       		.byte	0x3
 385 00fd 60       		.byte	0x60
 386 00fe 08010000 		.4byte	0x108
 387 0102 05       		.uleb128 0x5
 388 0103 03       		.byte	0x3
 389 0104 00000000 		.4byte	cy_meta_flashprotect
 390 0108 07       		.uleb128 0x7
 391 0109 E7000000 		.4byte	0xe7
 392 010d 05       		.uleb128 0x5
 393 010e 90000000 		.4byte	0x90
 394 0112 1D010000 		.4byte	0x11d
 395 0116 06       		.uleb128 0x6
ARM GAS  C:\Users\atill\AppData\Local\Temp\ccaEGBuj.s 			page 8


 396 0117 89000000 		.4byte	0x89
 397 011b 0B       		.byte	0xb
 398 011c 00       		.byte	0
 399 011d 08       		.uleb128 0x8
 400 011e 0A000000 		.4byte	.LASF16
 401 0122 03       		.byte	0x3
 402 0123 8D       		.byte	0x8d
 403 0124 2E010000 		.4byte	0x12e
 404 0128 05       		.uleb128 0x5
 405 0129 03       		.byte	0x3
 406 012a 00000000 		.4byte	cy_metadata
 407 012e 07       		.uleb128 0x7
 408 012f 0D010000 		.4byte	0x10d
 409 0133 00       		.byte	0
 410              		.section	.debug_abbrev,"",%progbits
 411              	.Ldebug_abbrev0:
 412 0000 01       		.uleb128 0x1
 413 0001 11       		.uleb128 0x11
 414 0002 01       		.byte	0x1
 415 0003 25       		.uleb128 0x25
 416 0004 0E       		.uleb128 0xe
 417 0005 13       		.uleb128 0x13
 418 0006 0B       		.uleb128 0xb
 419 0007 03       		.uleb128 0x3
 420 0008 0E       		.uleb128 0xe
 421 0009 1B       		.uleb128 0x1b
 422 000a 0E       		.uleb128 0xe
 423 000b 10       		.uleb128 0x10
 424 000c 17       		.uleb128 0x17
 425 000d 00       		.byte	0
 426 000e 00       		.byte	0
 427 000f 02       		.uleb128 0x2
 428 0010 24       		.uleb128 0x24
 429 0011 00       		.byte	0
 430 0012 0B       		.uleb128 0xb
 431 0013 0B       		.uleb128 0xb
 432 0014 3E       		.uleb128 0x3e
 433 0015 0B       		.uleb128 0xb
 434 0016 03       		.uleb128 0x3
 435 0017 0E       		.uleb128 0xe
 436 0018 00       		.byte	0
 437 0019 00       		.byte	0
 438 001a 03       		.uleb128 0x3
 439 001b 16       		.uleb128 0x16
 440 001c 00       		.byte	0
 441 001d 03       		.uleb128 0x3
 442 001e 0E       		.uleb128 0xe
 443 001f 3A       		.uleb128 0x3a
 444 0020 0B       		.uleb128 0xb
 445 0021 3B       		.uleb128 0x3b
 446 0022 0B       		.uleb128 0xb
 447 0023 49       		.uleb128 0x49
 448 0024 13       		.uleb128 0x13
 449 0025 00       		.byte	0
 450 0026 00       		.byte	0
 451 0027 04       		.uleb128 0x4
 452 0028 24       		.uleb128 0x24
ARM GAS  C:\Users\atill\AppData\Local\Temp\ccaEGBuj.s 			page 9


 453 0029 00       		.byte	0
 454 002a 0B       		.uleb128 0xb
 455 002b 0B       		.uleb128 0xb
 456 002c 3E       		.uleb128 0x3e
 457 002d 0B       		.uleb128 0xb
 458 002e 03       		.uleb128 0x3
 459 002f 08       		.uleb128 0x8
 460 0030 00       		.byte	0
 461 0031 00       		.byte	0
 462 0032 05       		.uleb128 0x5
 463 0033 01       		.uleb128 0x1
 464 0034 01       		.byte	0x1
 465 0035 49       		.uleb128 0x49
 466 0036 13       		.uleb128 0x13
 467 0037 01       		.uleb128 0x1
 468 0038 13       		.uleb128 0x13
 469 0039 00       		.byte	0
 470 003a 00       		.byte	0
 471 003b 06       		.uleb128 0x6
 472 003c 21       		.uleb128 0x21
 473 003d 00       		.byte	0
 474 003e 49       		.uleb128 0x49
 475 003f 13       		.uleb128 0x13
 476 0040 2F       		.uleb128 0x2f
 477 0041 0B       		.uleb128 0xb
 478 0042 00       		.byte	0
 479 0043 00       		.byte	0
 480 0044 07       		.uleb128 0x7
 481 0045 26       		.uleb128 0x26
 482 0046 00       		.byte	0
 483 0047 49       		.uleb128 0x49
 484 0048 13       		.uleb128 0x13
 485 0049 00       		.byte	0
 486 004a 00       		.byte	0
 487 004b 08       		.uleb128 0x8
 488 004c 34       		.uleb128 0x34
 489 004d 00       		.byte	0
 490 004e 03       		.uleb128 0x3
 491 004f 0E       		.uleb128 0xe
 492 0050 3A       		.uleb128 0x3a
 493 0051 0B       		.uleb128 0xb
 494 0052 3B       		.uleb128 0x3b
 495 0053 0B       		.uleb128 0xb
 496 0054 49       		.uleb128 0x49
 497 0055 13       		.uleb128 0x13
 498 0056 3F       		.uleb128 0x3f
 499 0057 19       		.uleb128 0x19
 500 0058 02       		.uleb128 0x2
 501 0059 18       		.uleb128 0x18
 502 005a 00       		.byte	0
 503 005b 00       		.byte	0
 504 005c 00       		.byte	0
 505              		.section	.debug_aranges,"",%progbits
 506 0000 14000000 		.4byte	0x14
 507 0004 0200     		.2byte	0x2
 508 0006 00000000 		.4byte	.Ldebug_info0
 509 000a 04       		.byte	0x4
ARM GAS  C:\Users\atill\AppData\Local\Temp\ccaEGBuj.s 			page 10


 510 000b 00       		.byte	0
 511 000c 0000     		.2byte	0
 512 000e 0000     		.2byte	0
 513 0010 00000000 		.4byte	0
 514 0014 00000000 		.4byte	0
 515              		.section	.debug_line,"",%progbits
 516              	.Ldebug_line0:
 517 0000 3D010000 		.section	.debug_str,"MS",%progbits,1
 517      02003701 
 517      00000201 
 517      FB0E0D00 
 517      01010101 
 518              	.LASF9:
 519 0000 5F5F7569 		.ascii	"__uint8_t\000"
 519      6E74385F 
 519      7400
 520              	.LASF16:
 521 000a 63795F6D 		.ascii	"cy_metadata\000"
 521      65746164 
 521      61746100 
 522              	.LASF19:
 523 0016 433A5C55 		.ascii	"C:\\Users\\atill\\OneDrive\\Documenten\\PSoC Creato"
 523      73657273 
 523      5C617469 
 523      6C6C5C4F 
 523      6E654472 
 524 0044 725C486F 		.ascii	"r\\Homework\\E Debouncer V2.cydsn\000"
 524      6D65776F 
 524      726B5C45 
 524      20446562 
 524      6F756E63 
 525              	.LASF1:
 526 0064 756E7369 		.ascii	"unsigned char\000"
 526      676E6564 
 526      20636861 
 526      7200
 527              	.LASF17:
 528 0072 474E5520 		.ascii	"GNU C11 5.4.1 20160609 (release) [ARM/embedded-5-br"
 528      43313120 
 528      352E342E 
 528      31203230 
 528      31363036 
 529 00a5 616E6368 		.ascii	"anch revision 237715] -mcpu=cortex-m3 -mthumb -g -O"
 529      20726576 
 529      6973696F 
 529      6E203233 
 529      37373135 
 530 00d8 67202D66 		.ascii	"g -ffunction-sections -ffat-lto-objects\000"
 530      66756E63 
 530      74696F6E 
 530      2D736563 
 530      74696F6E 
 531              	.LASF5:
 532 0100 6C6F6E67 		.ascii	"long unsigned int\000"
 532      20756E73 
 532      69676E65 
 532      6420696E 
ARM GAS  C:\Users\atill\AppData\Local\Temp\ccaEGBuj.s 			page 11


 532      7400
 533              	.LASF3:
 534 0112 73686F72 		.ascii	"short unsigned int\000"
 534      7420756E 
 534      7369676E 
 534      65642069 
 534      6E7400
 535              	.LASF13:
 536 0125 63795F6D 		.ascii	"cy_meta_custnvl\000"
 536      6574615F 
 536      63757374 
 536      6E766C00 
 537              	.LASF12:
 538 0135 63795F6D 		.ascii	"cy_meta_configecc\000"
 538      6574615F 
 538      636F6E66 
 538      69676563 
 538      6300
 539              	.LASF8:
 540 0147 756E7369 		.ascii	"unsigned int\000"
 540      676E6564 
 540      20696E74 
 540      00
 541              	.LASF7:
 542 0154 6C6F6E67 		.ascii	"long long unsigned int\000"
 542      206C6F6E 
 542      6720756E 
 542      7369676E 
 542      65642069 
 543              	.LASF10:
 544 016b 75696E74 		.ascii	"uint8_t\000"
 544      385F7400 
 545              	.LASF15:
 546 0173 63795F6D 		.ascii	"cy_meta_flashprotect\000"
 546      6574615F 
 546      666C6173 
 546      6870726F 
 546      74656374 
 547              	.LASF14:
 548 0188 63795F6D 		.ascii	"cy_meta_wonvl\000"
 548      6574615F 
 548      776F6E76 
 548      6C00
 549              	.LASF11:
 550 0196 73697A65 		.ascii	"sizetype\000"
 550      74797065 
 550      00
 551              	.LASF6:
 552 019f 6C6F6E67 		.ascii	"long long int\000"
 552      206C6F6E 
 552      6720696E 
 552      7400
 553              	.LASF2:
 554 01ad 73686F72 		.ascii	"short int\000"
 554      7420696E 
 554      7400
 555              	.LASF4:
ARM GAS  C:\Users\atill\AppData\Local\Temp\ccaEGBuj.s 			page 12


 556 01b7 6C6F6E67 		.ascii	"long int\000"
 556      20696E74 
 556      00
 557              	.LASF0:
 558 01c0 7369676E 		.ascii	"signed char\000"
 558      65642063 
 558      68617200 
 559              	.LASF18:
 560 01cc 47656E65 		.ascii	"Generated_Source\\PSoC5\\cymetadata.c\000"
 560      72617465 
 560      645F536F 
 560      75726365 
 560      5C50536F 
 561              		.ident	"GCC: (GNU Tools for ARM Embedded Processors) 5.4.1 20160609 (release) [ARM/embedded-5-bran
