ARM GAS  C:\Users\atill\AppData\Local\Temp\cc3SvzSV.s 			page 1


   1              		.syntax unified
   2              		.cpu cortex-m3
   3              		.fpu softvfp
   4              		.eabi_attribute 20, 1
   5              		.eabi_attribute 21, 1
   6              		.eabi_attribute 23, 3
   7              		.eabi_attribute 24, 1
   8              		.eabi_attribute 25, 1
   9              		.eabi_attribute 26, 1
  10              		.eabi_attribute 30, 1
  11              		.eabi_attribute 34, 1
  12              		.eabi_attribute 18, 4
  13              		.thumb
  14              		.syntax unified
  15              		.file	"main.c"
  16              		.text
  17              	.Ltext0:
  18              		.cfi_sections	.debug_frame
  19              		.section	.text.main,"ax",%progbits
  20              		.align	2
  21              		.global	main
  22              		.thumb
  23              		.thumb_func
  24              		.type	main, %function
  25              	main:
  26              	.LFB63:
  27              		.file 1 "main.c"
   1:main.c        **** /* ========================================
   2:main.c        ****  *
   3:main.c        ****  * Copyright YOUR COMPANY, THE YEAR
   4:main.c        ****  * All Rights Reserved
   5:main.c        ****  * UNPUBLISHED, LICENSED SOFTWARE.
   6:main.c        ****  *
   7:main.c        ****  * CONFIDENTIAL AND PROPRIETARY INFORMATION
   8:main.c        ****  * WHICH IS THE PROPERTY OF your company.
   9:main.c        ****  *
  10:main.c        ****  * ========================================
  11:main.c        **** */
  12:main.c        **** #include "project.h"
  13:main.c        **** 
  14:main.c        **** int main(void)
  15:main.c        **** {
  28              		.loc 1 15 0
  29              		.cfi_startproc
  30              		@ args = 0, pretend = 0, frame = 0
  31              		@ frame_needed = 0, uses_anonymous_args = 0
  32 0000 08B5     		push	{r3, lr}
  33              		.cfi_def_cfa_offset 8
  34              		.cfi_offset 3, -8
  35              		.cfi_offset 14, -4
  16:main.c        ****     CyGlobalIntEnable; /* Enable global interrupts. */
  36              		.loc 1 16 0
  37              		.syntax unified
  38              	@ 16 "main.c" 1
  39 0002 62B6     		CPSIE   i
  40              	@ 0 "" 2
  17:main.c        **** 
ARM GAS  C:\Users\atill\AppData\Local\Temp\cc3SvzSV.s 			page 2


  18:main.c        ****     /* Place your initialization/startup code here (e.g. MyInst_Start()) */
  19:main.c        ****     ADC_SAR_1_Start() ; 
  41              		.loc 1 19 0
  42              		.thumb
  43              		.syntax unified
  44 0004 FFF7FEFF 		bl	ADC_SAR_1_Start
  45              	.LVL0:
  20:main.c        ****     ADC_SAR_1_StartConvert() ;
  46              		.loc 1 20 0
  47 0008 FFF7FEFF 		bl	ADC_SAR_1_StartConvert
  48              	.LVL1:
  49              	.L2:
  21:main.c        ****     
  22:main.c        ****     int output = 10 ;
  23:main.c        ****     
  24:main.c        ****     output = 0b0000000001 ;
  25:main.c        ****     
  26:main.c        ****     for(;;)
  27:main.c        ****     {
  28:main.c        ****         //output = ADC_SAR_1_GetResult16() ;
  29:main.c        ****         
  30:main.c        ****         HELFT_A_Write(Outdiv2_Read()) ;
  50              		.loc 1 30 0 discriminator 1
  51 000c FFF7FEFF 		bl	Outdiv2_Read
  52              	.LVL2:
  53 0010 FFF7FEFF 		bl	HELFT_A_Write
  54              	.LVL3:
  55 0014 FAE7     		b	.L2
  56              		.cfi_endproc
  57              	.LFE63:
  58              		.size	main, .-main
  59 0016 00BF     		.text
  60              	.Letext0:
  61              		.file 2 "c:\\program files (x86)\\cypress\\psoc creator\\4.4\\psoc creator\\import\\gnu\\arm\\5.4.
  62              		.file 3 "c:\\program files (x86)\\cypress\\psoc creator\\4.4\\psoc creator\\import\\gnu\\arm\\5.4.
  63              		.file 4 "Generated_Source\\PSoC5/ADC_SAR_1.h"
  64              		.file 5 "Generated_Source\\PSoC5/Outdiv2.h"
  65              		.file 6 "Generated_Source\\PSoC5/HELFT_A.h"
  66              		.file 7 "Generated_Source\\PSoC5/core_cm3.h"
  67              		.section	.debug_info,"",%progbits
  68              	.Ldebug_info0:
  69 0000 28010000 		.4byte	0x128
  70 0004 0400     		.2byte	0x4
  71 0006 00000000 		.4byte	.Ldebug_abbrev0
  72 000a 04       		.byte	0x4
  73 000b 01       		.uleb128 0x1
  74 000c 3A000000 		.4byte	.LASF20
  75 0010 0C       		.byte	0xc
  76 0011 2E000000 		.4byte	.LASF21
  77 0015 38010000 		.4byte	.LASF22
  78 0019 00000000 		.4byte	.Ldebug_ranges0+0
  79 001d 00000000 		.4byte	0
  80 0021 00000000 		.4byte	.Ldebug_line0
  81 0025 02       		.uleb128 0x2
  82 0026 01       		.byte	0x1
  83 0027 06       		.byte	0x6
  84 0028 9A010000 		.4byte	.LASF0
ARM GAS  C:\Users\atill\AppData\Local\Temp\cc3SvzSV.s 			page 3


  85 002c 02       		.uleb128 0x2
  86 002d 01       		.byte	0x1
  87 002e 08       		.byte	0x8
  88 002f 1C010000 		.4byte	.LASF1
  89 0033 02       		.uleb128 0x2
  90 0034 02       		.byte	0x2
  91 0035 05       		.byte	0x5
  92 0036 D0010000 		.4byte	.LASF2
  93 003a 02       		.uleb128 0x2
  94 003b 02       		.byte	0x2
  95 003c 07       		.byte	0x7
  96 003d 0E000000 		.4byte	.LASF3
  97 0041 03       		.uleb128 0x3
  98 0042 C0010000 		.4byte	.LASF9
  99 0046 02       		.byte	0x2
 100 0047 3F       		.byte	0x3f
 101 0048 4C000000 		.4byte	0x4c
 102 004c 02       		.uleb128 0x2
 103 004d 04       		.byte	0x4
 104 004e 05       		.byte	0x5
 105 004f 2F010000 		.4byte	.LASF4
 106 0053 02       		.uleb128 0x2
 107 0054 04       		.byte	0x4
 108 0055 07       		.byte	0x7
 109 0056 C8000000 		.4byte	.LASF5
 110 005a 02       		.uleb128 0x2
 111 005b 08       		.byte	0x8
 112 005c 05       		.byte	0x5
 113 005d 00000000 		.4byte	.LASF6
 114 0061 02       		.uleb128 0x2
 115 0062 08       		.byte	0x8
 116 0063 07       		.byte	0x7
 117 0064 DA000000 		.4byte	.LASF7
 118 0068 04       		.uleb128 0x4
 119 0069 04       		.byte	0x4
 120 006a 05       		.byte	0x5
 121 006b 696E7400 		.ascii	"int\000"
 122 006f 02       		.uleb128 0x2
 123 0070 04       		.byte	0x4
 124 0071 07       		.byte	0x7
 125 0072 21000000 		.4byte	.LASF8
 126 0076 03       		.uleb128 0x3
 127 0077 DA010000 		.4byte	.LASF10
 128 007b 03       		.byte	0x3
 129 007c 2C       		.byte	0x2c
 130 007d 41000000 		.4byte	0x41
 131 0081 02       		.uleb128 0x2
 132 0082 04       		.byte	0x4
 133 0083 04       		.byte	0x4
 134 0084 CA010000 		.4byte	.LASF11
 135 0088 02       		.uleb128 0x2
 136 0089 08       		.byte	0x8
 137 008a 04       		.byte	0x4
 138 008b 86010000 		.4byte	.LASF12
 139 008f 02       		.uleb128 0x2
 140 0090 01       		.byte	0x1
 141 0091 08       		.byte	0x8
ARM GAS  C:\Users\atill\AppData\Local\Temp\cc3SvzSV.s 			page 4


 142 0092 2A010000 		.4byte	.LASF13
 143 0096 02       		.uleb128 0x2
 144 0097 04       		.byte	0x4
 145 0098 07       		.byte	0x7
 146 0099 F2010000 		.4byte	.LASF14
 147 009d 02       		.uleb128 0x2
 148 009e 08       		.byte	0x8
 149 009f 04       		.byte	0x4
 150 00a0 A6010000 		.4byte	.LASF15
 151 00a4 05       		.uleb128 0x5
 152 00a5 35000000 		.4byte	.LASF23
 153 00a9 01       		.byte	0x1
 154 00aa 0E       		.byte	0xe
 155 00ab 68000000 		.4byte	0x68
 156 00af 00000000 		.4byte	.LFB63
 157 00b3 16000000 		.4byte	.LFE63-.LFB63
 158 00b7 01       		.uleb128 0x1
 159 00b8 9C       		.byte	0x9c
 160 00b9 EE000000 		.4byte	0xee
 161 00bd 06       		.uleb128 0x6
 162 00be 15010000 		.4byte	.LASF24
 163 00c2 01       		.byte	0x1
 164 00c3 16       		.byte	0x16
 165 00c4 68000000 		.4byte	0x68
 166 00c8 01       		.byte	0x1
 167 00c9 07       		.uleb128 0x7
 168 00ca 08000000 		.4byte	.LVL0
 169 00ce FF000000 		.4byte	0xff
 170 00d2 07       		.uleb128 0x7
 171 00d3 0C000000 		.4byte	.LVL1
 172 00d7 0A010000 		.4byte	0x10a
 173 00db 07       		.uleb128 0x7
 174 00dc 10000000 		.4byte	.LVL2
 175 00e0 15010000 		.4byte	0x115
 176 00e4 07       		.uleb128 0x7
 177 00e5 14000000 		.4byte	.LVL3
 178 00e9 20010000 		.4byte	0x120
 179 00ed 00       		.byte	0
 180 00ee 08       		.uleb128 0x8
 181 00ef 8D010000 		.4byte	.LASF25
 182 00f3 07       		.byte	0x7
 183 00f4 1207     		.2byte	0x712
 184 00f6 FA000000 		.4byte	0xfa
 185 00fa 09       		.uleb128 0x9
 186 00fb 76000000 		.4byte	0x76
 187 00ff 0A       		.uleb128 0xa
 188 0100 E2010000 		.4byte	.LASF16
 189 0104 E2010000 		.4byte	.LASF16
 190 0108 04       		.byte	0x4
 191 0109 34       		.byte	0x34
 192 010a 0A       		.uleb128 0xa
 193 010b F1000000 		.4byte	.LASF17
 194 010f F1000000 		.4byte	.LASF17
 195 0113 04       		.byte	0x4
 196 0114 D1       		.byte	0xd1
 197 0115 0A       		.uleb128 0xa
 198 0116 08010000 		.4byte	.LASF18
ARM GAS  C:\Users\atill\AppData\Local\Temp\cc3SvzSV.s 			page 5


 199 011a 08010000 		.4byte	.LASF18
 200 011e 05       		.byte	0x5
 201 011f 29       		.byte	0x29
 202 0120 0A       		.uleb128 0xa
 203 0121 B2010000 		.4byte	.LASF19
 204 0125 B2010000 		.4byte	.LASF19
 205 0129 06       		.byte	0x6
 206 012a 26       		.byte	0x26
 207 012b 00       		.byte	0
 208              		.section	.debug_abbrev,"",%progbits
 209              	.Ldebug_abbrev0:
 210 0000 01       		.uleb128 0x1
 211 0001 11       		.uleb128 0x11
 212 0002 01       		.byte	0x1
 213 0003 25       		.uleb128 0x25
 214 0004 0E       		.uleb128 0xe
 215 0005 13       		.uleb128 0x13
 216 0006 0B       		.uleb128 0xb
 217 0007 03       		.uleb128 0x3
 218 0008 0E       		.uleb128 0xe
 219 0009 1B       		.uleb128 0x1b
 220 000a 0E       		.uleb128 0xe
 221 000b 55       		.uleb128 0x55
 222 000c 17       		.uleb128 0x17
 223 000d 11       		.uleb128 0x11
 224 000e 01       		.uleb128 0x1
 225 000f 10       		.uleb128 0x10
 226 0010 17       		.uleb128 0x17
 227 0011 00       		.byte	0
 228 0012 00       		.byte	0
 229 0013 02       		.uleb128 0x2
 230 0014 24       		.uleb128 0x24
 231 0015 00       		.byte	0
 232 0016 0B       		.uleb128 0xb
 233 0017 0B       		.uleb128 0xb
 234 0018 3E       		.uleb128 0x3e
 235 0019 0B       		.uleb128 0xb
 236 001a 03       		.uleb128 0x3
 237 001b 0E       		.uleb128 0xe
 238 001c 00       		.byte	0
 239 001d 00       		.byte	0
 240 001e 03       		.uleb128 0x3
 241 001f 16       		.uleb128 0x16
 242 0020 00       		.byte	0
 243 0021 03       		.uleb128 0x3
 244 0022 0E       		.uleb128 0xe
 245 0023 3A       		.uleb128 0x3a
 246 0024 0B       		.uleb128 0xb
 247 0025 3B       		.uleb128 0x3b
 248 0026 0B       		.uleb128 0xb
 249 0027 49       		.uleb128 0x49
 250 0028 13       		.uleb128 0x13
 251 0029 00       		.byte	0
 252 002a 00       		.byte	0
 253 002b 04       		.uleb128 0x4
 254 002c 24       		.uleb128 0x24
 255 002d 00       		.byte	0
ARM GAS  C:\Users\atill\AppData\Local\Temp\cc3SvzSV.s 			page 6


 256 002e 0B       		.uleb128 0xb
 257 002f 0B       		.uleb128 0xb
 258 0030 3E       		.uleb128 0x3e
 259 0031 0B       		.uleb128 0xb
 260 0032 03       		.uleb128 0x3
 261 0033 08       		.uleb128 0x8
 262 0034 00       		.byte	0
 263 0035 00       		.byte	0
 264 0036 05       		.uleb128 0x5
 265 0037 2E       		.uleb128 0x2e
 266 0038 01       		.byte	0x1
 267 0039 3F       		.uleb128 0x3f
 268 003a 19       		.uleb128 0x19
 269 003b 03       		.uleb128 0x3
 270 003c 0E       		.uleb128 0xe
 271 003d 3A       		.uleb128 0x3a
 272 003e 0B       		.uleb128 0xb
 273 003f 3B       		.uleb128 0x3b
 274 0040 0B       		.uleb128 0xb
 275 0041 27       		.uleb128 0x27
 276 0042 19       		.uleb128 0x19
 277 0043 49       		.uleb128 0x49
 278 0044 13       		.uleb128 0x13
 279 0045 8701     		.uleb128 0x87
 280 0047 19       		.uleb128 0x19
 281 0048 11       		.uleb128 0x11
 282 0049 01       		.uleb128 0x1
 283 004a 12       		.uleb128 0x12
 284 004b 06       		.uleb128 0x6
 285 004c 40       		.uleb128 0x40
 286 004d 18       		.uleb128 0x18
 287 004e 9742     		.uleb128 0x2117
 288 0050 19       		.uleb128 0x19
 289 0051 01       		.uleb128 0x1
 290 0052 13       		.uleb128 0x13
 291 0053 00       		.byte	0
 292 0054 00       		.byte	0
 293 0055 06       		.uleb128 0x6
 294 0056 34       		.uleb128 0x34
 295 0057 00       		.byte	0
 296 0058 03       		.uleb128 0x3
 297 0059 0E       		.uleb128 0xe
 298 005a 3A       		.uleb128 0x3a
 299 005b 0B       		.uleb128 0xb
 300 005c 3B       		.uleb128 0x3b
 301 005d 0B       		.uleb128 0xb
 302 005e 49       		.uleb128 0x49
 303 005f 13       		.uleb128 0x13
 304 0060 1C       		.uleb128 0x1c
 305 0061 0B       		.uleb128 0xb
 306 0062 00       		.byte	0
 307 0063 00       		.byte	0
 308 0064 07       		.uleb128 0x7
 309 0065 898201   		.uleb128 0x4109
 310 0068 00       		.byte	0
 311 0069 11       		.uleb128 0x11
 312 006a 01       		.uleb128 0x1
ARM GAS  C:\Users\atill\AppData\Local\Temp\cc3SvzSV.s 			page 7


 313 006b 31       		.uleb128 0x31
 314 006c 13       		.uleb128 0x13
 315 006d 00       		.byte	0
 316 006e 00       		.byte	0
 317 006f 08       		.uleb128 0x8
 318 0070 34       		.uleb128 0x34
 319 0071 00       		.byte	0
 320 0072 03       		.uleb128 0x3
 321 0073 0E       		.uleb128 0xe
 322 0074 3A       		.uleb128 0x3a
 323 0075 0B       		.uleb128 0xb
 324 0076 3B       		.uleb128 0x3b
 325 0077 05       		.uleb128 0x5
 326 0078 49       		.uleb128 0x49
 327 0079 13       		.uleb128 0x13
 328 007a 3F       		.uleb128 0x3f
 329 007b 19       		.uleb128 0x19
 330 007c 3C       		.uleb128 0x3c
 331 007d 19       		.uleb128 0x19
 332 007e 00       		.byte	0
 333 007f 00       		.byte	0
 334 0080 09       		.uleb128 0x9
 335 0081 35       		.uleb128 0x35
 336 0082 00       		.byte	0
 337 0083 49       		.uleb128 0x49
 338 0084 13       		.uleb128 0x13
 339 0085 00       		.byte	0
 340 0086 00       		.byte	0
 341 0087 0A       		.uleb128 0xa
 342 0088 2E       		.uleb128 0x2e
 343 0089 00       		.byte	0
 344 008a 3F       		.uleb128 0x3f
 345 008b 19       		.uleb128 0x19
 346 008c 3C       		.uleb128 0x3c
 347 008d 19       		.uleb128 0x19
 348 008e 6E       		.uleb128 0x6e
 349 008f 0E       		.uleb128 0xe
 350 0090 03       		.uleb128 0x3
 351 0091 0E       		.uleb128 0xe
 352 0092 3A       		.uleb128 0x3a
 353 0093 0B       		.uleb128 0xb
 354 0094 3B       		.uleb128 0x3b
 355 0095 0B       		.uleb128 0xb
 356 0096 00       		.byte	0
 357 0097 00       		.byte	0
 358 0098 00       		.byte	0
 359              		.section	.debug_aranges,"",%progbits
 360 0000 1C000000 		.4byte	0x1c
 361 0004 0200     		.2byte	0x2
 362 0006 00000000 		.4byte	.Ldebug_info0
 363 000a 04       		.byte	0x4
 364 000b 00       		.byte	0
 365 000c 0000     		.2byte	0
 366 000e 0000     		.2byte	0
 367 0010 00000000 		.4byte	.LFB63
 368 0014 16000000 		.4byte	.LFE63-.LFB63
 369 0018 00000000 		.4byte	0
ARM GAS  C:\Users\atill\AppData\Local\Temp\cc3SvzSV.s 			page 8


 370 001c 00000000 		.4byte	0
 371              		.section	.debug_ranges,"",%progbits
 372              	.Ldebug_ranges0:
 373 0000 00000000 		.4byte	.LFB63
 374 0004 16000000 		.4byte	.LFE63
 375 0008 00000000 		.4byte	0
 376 000c 00000000 		.4byte	0
 377              		.section	.debug_line,"",%progbits
 378              	.Ldebug_line0:
 379 0000 87010000 		.section	.debug_str,"MS",%progbits,1
 379      02006801 
 379      00000201 
 379      FB0E0D00 
 379      01010101 
 380              	.LASF6:
 381 0000 6C6F6E67 		.ascii	"long long int\000"
 381      206C6F6E 
 381      6720696E 
 381      7400
 382              	.LASF3:
 383 000e 73686F72 		.ascii	"short unsigned int\000"
 383      7420756E 
 383      7369676E 
 383      65642069 
 383      6E7400
 384              	.LASF8:
 385 0021 756E7369 		.ascii	"unsigned int\000"
 385      676E6564 
 385      20696E74 
 385      00
 386              	.LASF21:
 387 002e 6D61696E 		.ascii	"main.c\000"
 387      2E6300
 388              	.LASF23:
 389 0035 6D61696E 		.ascii	"main\000"
 389      00
 390              	.LASF20:
 391 003a 474E5520 		.ascii	"GNU C11 5.4.1 20160609 (release) [ARM/embedded-5-br"
 391      43313120 
 391      352E342E 
 391      31203230 
 391      31363036 
 392 006d 616E6368 		.ascii	"anch revision 237715] -mcpu=cortex-m3 -mthumb -g -O"
 392      20726576 
 392      6973696F 
 392      6E203233 
 392      37373135 
 393 00a0 67202D66 		.ascii	"g -ffunction-sections -ffat-lto-objects\000"
 393      66756E63 
 393      74696F6E 
 393      2D736563 
 393      74696F6E 
 394              	.LASF5:
 395 00c8 6C6F6E67 		.ascii	"long unsigned int\000"
 395      20756E73 
 395      69676E65 
 395      6420696E 
ARM GAS  C:\Users\atill\AppData\Local\Temp\cc3SvzSV.s 			page 9


 395      7400
 396              	.LASF7:
 397 00da 6C6F6E67 		.ascii	"long long unsigned int\000"
 397      206C6F6E 
 397      6720756E 
 397      7369676E 
 397      65642069 
 398              	.LASF17:
 399 00f1 4144435F 		.ascii	"ADC_SAR_1_StartConvert\000"
 399      5341525F 
 399      315F5374 
 399      61727443 
 399      6F6E7665 
 400              	.LASF18:
 401 0108 4F757464 		.ascii	"Outdiv2_Read\000"
 401      6976325F 
 401      52656164 
 401      00
 402              	.LASF24:
 403 0115 6F757470 		.ascii	"output\000"
 403      757400
 404              	.LASF1:
 405 011c 756E7369 		.ascii	"unsigned char\000"
 405      676E6564 
 405      20636861 
 405      7200
 406              	.LASF13:
 407 012a 63686172 		.ascii	"char\000"
 407      00
 408              	.LASF4:
 409 012f 6C6F6E67 		.ascii	"long int\000"
 409      20696E74 
 409      00
 410              	.LASF22:
 411 0138 433A5C55 		.ascii	"C:\\Users\\atill\\OneDrive\\Documenten\\PSoC Creato"
 411      73657273 
 411      5C617469 
 411      6C6C5C4F 
 411      6E654472 
 412 0166 725C486F 		.ascii	"r\\Homework\\E Debouncer V2.cydsn\000"
 412      6D65776F 
 412      726B5C45 
 412      20446562 
 412      6F756E63 
 413              	.LASF12:
 414 0186 646F7562 		.ascii	"double\000"
 414      6C6500
 415              	.LASF25:
 416 018d 49544D5F 		.ascii	"ITM_RxBuffer\000"
 416      52784275 
 416      66666572 
 416      00
 417              	.LASF0:
 418 019a 7369676E 		.ascii	"signed char\000"
 418      65642063 
 418      68617200 
 419              	.LASF15:
ARM GAS  C:\Users\atill\AppData\Local\Temp\cc3SvzSV.s 			page 10


 420 01a6 6C6F6E67 		.ascii	"long double\000"
 420      20646F75 
 420      626C6500 
 421              	.LASF19:
 422 01b2 48454C46 		.ascii	"HELFT_A_Write\000"
 422      545F415F 
 422      57726974 
 422      6500
 423              	.LASF9:
 424 01c0 5F5F696E 		.ascii	"__int32_t\000"
 424      7433325F 
 424      7400
 425              	.LASF11:
 426 01ca 666C6F61 		.ascii	"float\000"
 426      7400
 427              	.LASF2:
 428 01d0 73686F72 		.ascii	"short int\000"
 428      7420696E 
 428      7400
 429              	.LASF10:
 430 01da 696E7433 		.ascii	"int32_t\000"
 430      325F7400 
 431              	.LASF16:
 432 01e2 4144435F 		.ascii	"ADC_SAR_1_Start\000"
 432      5341525F 
 432      315F5374 
 432      61727400 
 433              	.LASF14:
 434 01f2 73697A65 		.ascii	"sizetype\000"
 434      74797065 
 434      00
 435              		.ident	"GCC: (GNU Tools for ARM Embedded Processors) 5.4.1 20160609 (release) [ARM/embedded-5-bran
