Loading plugins phase: Elapsed time ==> 0s.219ms
<CYPRESSTAG name="CyDsfit arguments...">
cydsfit arguments: -.fdsnotice -.fdswarpdepfile=warp_dependencies.txt -.fdselabdepfile=elab_dependencies.txt -.fdsbldfile=generated_files.txt -.fdsreffile=referenced_files.txt -p C:\Users\atill\OneDrive\Documenten\PSoC Creator\Homework\F.cydsn\F.cyprj -d CY8C5888LTI-LP097 -s C:\Users\atill\OneDrive\Documenten\PSoC Creator\Homework\F.cydsn\Generated_Source\PSoC5 -- -yv2 -q10 -ygs -o2 -v3 -.fftcfgtype=LE
</CYPRESSTAG>
<CYPRESSTAG name="Design elaboration results...">
</CYPRESSTAG>
Elaboration phase: Elapsed time ==> 2s.079ms
<CYPRESSTAG name="HDL generation results...">
</CYPRESSTAG>
HDL generation phase: Elapsed time ==> 0s.052ms
<CYPRESSTAG name="Synthesis results...">

     | | | | | | |
   _________________
  -|               |-
  -|               |-
  -|               |-
  -|    CYPRESS    |-
  -|               |-
  -|               |-   Warp Verilog Synthesis Compiler: Version 6.3 IR 41
  -|               |-   Copyright (C) 1991-2001 Cypress Semiconductor
   |_______________|
     | | | | | | |

======================================================================
Compiling:  F.v
Program  :   C:\Program Files (x86)\Cypress\PSoC Creator\4.4\PSoC Creator\warp\bin\warp.exe
Options  :    -yv2 -q10 -ygs -o2 -v3 -.fftcfgtype=LE -ya -.fftprj=C:\Users\atill\OneDrive\Documenten\PSoC Creator\Homework\F.cydsn\F.cyprj -dcpsoc3 F.v -verilog
======================================================================

======================================================================
Compiling:  F.v
Program  :   C:\Program Files (x86)\Cypress\PSoC Creator\4.4\PSoC Creator\warp\bin\warp.exe
Options  :    -yv2 -q10 -ygs -o2 -v3 -.fftcfgtype=LE -ya -.fftprj=C:\Users\atill\OneDrive\Documenten\PSoC Creator\Homework\F.cydsn\F.cyprj -dcpsoc3 F.v -verilog
======================================================================

======================================================================
Compiling:  F.v
Program  :   vlogfe
Options  :    -yv2 -q10 -ygs -o2 -v3 -.fftcfgtype=LE -ya -.fftprj=C:\Users\atill\OneDrive\Documenten\PSoC Creator\Homework\F.cydsn\F.cyprj -dcpsoc3 -verilog F.v
======================================================================

vlogfe V6.3 IR 41:  Verilog parser
Mon Jan 04 21:05:01 2021


======================================================================
Compiling:  F.v
Program  :   vpp
Options  :    -yv2 -q10 F.v
======================================================================

vpp V6.3 IR 41:  Verilog Pre-Processor
Mon Jan 04 21:05:02 2021

Flattening file 'C:\Program Files (x86)\Cypress\PSoC Creator\4.4\PSoC Creator\psoc\content\CyPrimitives\cyprimitives.cylib\xor_v1_0\xor_v1_0.v'
Flattening file 'C:\Program Files (x86)\Cypress\PSoC Creator\4.4\PSoC Creator\psoc\content\CyComponentLibrary\CyComponentLibrary.cylib\B_PWM_v3_30\B_PWM_v3_30.v'
Flattening file 'C:\Program Files (x86)\Cypress\PSoC Creator\4.4\PSoC Creator\warp\lib\common\cypress.v'
Flattening file 'C:\Program Files (x86)\Cypress\PSoC Creator\4.4\PSoC Creator\warp\lib\common\cy_psoc3_inc.v'
Flattening file 'C:\Program Files (x86)\Cypress\PSoC Creator\4.4\PSoC Creator\psoc\content\CyPrimitives\cyprimitives.cylib\cy_virtualmux_v1_0\cy_virtualmux_v1_0.v'
Flattening file 'C:\Program Files (x86)\Cypress\PSoC Creator\4.4\PSoC Creator\psoc\content\CyPrimitives\cyprimitives.cylib\OneTerminal\OneTerminal.v'
Flattening file 'C:\Program Files (x86)\Cypress\PSoC Creator\4.4\PSoC Creator\psoc\content\CyPrimitives\cyprimitives.cylib\ZeroTerminal\ZeroTerminal.v'

vpp:  No errors.

Library 'work' => directory 'lcpsoc3'
General_symbol_table
General_symbol_table
Linking 'C:\Program Files (x86)\Cypress\PSoC Creator\4.4\PSoC Creator\warp\lib\common\std.vhd'.
Linking 'C:\Program Files (x86)\Cypress\PSoC Creator\4.4\PSoC Creator\warp\lib\common\cypress.vhd'.
Linking 'C:\Program Files (x86)\Cypress\PSoC Creator\4.4\PSoC Creator\warp\lib\common\work\cypress.vif'.
Linking 'C:\Program Files (x86)\Cypress\PSoC Creator\4.4\PSoC Creator\warp\lib\ieee\work\stdlogic.vif'.
Linking 'C:\Program Files (x86)\Cypress\PSoC Creator\4.4\PSoC Creator\warp\lib\common\stdlogic\lpmpkg.vif'.
Linking 'C:\Program Files (x86)\Cypress\PSoC Creator\4.4\PSoC Creator\warp\lib\common\stdlogic\rtlpkg.vif'.
Linking 'C:\Program Files (x86)\Cypress\PSoC Creator\4.4\PSoC Creator\warp\lib\common\stdlogic\mod_cnst.vif'.
Linking 'C:\Program Files (x86)\Cypress\PSoC Creator\4.4\PSoC Creator\warp\lib\common\stdlogic\mod_mthv.vif'.
Linking 'C:\Program Files (x86)\Cypress\PSoC Creator\4.4\PSoC Creator\warp\lib\common\stdlogic\mod_genv.vif'.
Using control file 'F.ctl'.
C:\Program Files (x86)\Cypress\PSoC Creator\4.4\PSoC Creator\psoc\content\CyComponentLibrary\CyComponentLibrary.cylib\B_PWM_v3_30\B_PWM_v3_30.v (line 947, col 46):  Note: Substituting module 'sub_vi_vv' for '-'.
C:\Program Files (x86)\Cypress\PSoC Creator\4.4\PSoC Creator\psoc\content\CyComponentLibrary\CyComponentLibrary.cylib\B_PWM_v3_30\B_PWM_v3_30.v (line 977, col 46):  Note: Substituting module 'add_vi_vv' for '+'.
Linking 'C:\Program Files (x86)\Cypress\PSoC Creator\4.4\PSoC Creator\warp\lib\common\stdlogic\cy_psoc3pkg.vif'.
Linking 'C:\Program Files (x86)\Cypress\PSoC Creator\4.4\PSoC Creator\warp\lib\common\stdlogic\cy_psoc3.vif'.

vlogfe:  No errors.


======================================================================
Compiling:  F.v
Program  :   tovif
Options  :    -yv2 -q10 -ygs -o2 -v3 -.fftcfgtype=LE -ya -.fftprj=C:\Users\atill\OneDrive\Documenten\PSoC Creator\Homework\F.cydsn\F.cyprj -dcpsoc3 -verilog F.v
======================================================================

tovif V6.3 IR 41:  High-level synthesis
Mon Jan 04 21:05:02 2021

Linking 'C:\Program Files (x86)\Cypress\PSoC Creator\4.4\PSoC Creator\warp\lib\common\std.vhd'.
Linking 'C:\Program Files (x86)\Cypress\PSoC Creator\4.4\PSoC Creator\warp\lib\common\cypress.vhd'.
Linking 'C:\Program Files (x86)\Cypress\PSoC Creator\4.4\PSoC Creator\warp\lib\common\work\cypress.vif'.
Linking 'C:\Program Files (x86)\Cypress\PSoC Creator\4.4\PSoC Creator\warp\lib\ieee\work\stdlogic.vif'.
Linking 'C:\Program Files (x86)\Cypress\PSoC Creator\4.4\PSoC Creator\warp\lib\common\stdlogic\lpmpkg.vif'.
Linking 'C:\Program Files (x86)\Cypress\PSoC Creator\4.4\PSoC Creator\warp\lib\common\stdlogic\rtlpkg.vif'.
Linking 'C:\Program Files (x86)\Cypress\PSoC Creator\4.4\PSoC Creator\warp\lib\common\stdlogic\mod_cnst.vif'.
Linking 'C:\Program Files (x86)\Cypress\PSoC Creator\4.4\PSoC Creator\warp\lib\common\stdlogic\mod_mthv.vif'.
Linking 'C:\Program Files (x86)\Cypress\PSoC Creator\4.4\PSoC Creator\warp\lib\common\stdlogic\mod_genv.vif'.
Linking 'C:\Users\atill\OneDrive\Documenten\PSoC Creator\Homework\F.cydsn\codegentemp\F.ctl'.
Linking 'C:\Program Files (x86)\Cypress\PSoC Creator\4.4\PSoC Creator\psoc\content\CyPrimitives\cyprimitives.cylib\xor_v1_0\xor_v1_0.v'.
Linking 'C:\Users\atill\OneDrive\Documenten\PSoC Creator\Homework\F.cydsn\codegentemp\F.v'.
Linking 'C:\Program Files (x86)\Cypress\PSoC Creator\4.4\PSoC Creator\psoc\content\CyComponentLibrary\CyComponentLibrary.cylib\B_PWM_v3_30\B_PWM_v3_30.v'.
Linking 'C:\Program Files (x86)\Cypress\PSoC Creator\4.4\PSoC Creator\warp\lib\common\cypress.v'.
Linking 'C:\Program Files (x86)\Cypress\PSoC Creator\4.4\PSoC Creator\warp\lib\common\cy_psoc3_inc.v'.
Linking 'C:\Program Files (x86)\Cypress\PSoC Creator\4.4\PSoC Creator\psoc\content\CyPrimitives\cyprimitives.cylib\cy_virtualmux_v1_0\cy_virtualmux_v1_0.v'.
Linking 'C:\Program Files (x86)\Cypress\PSoC Creator\4.4\PSoC Creator\psoc\content\CyPrimitives\cyprimitives.cylib\OneTerminal\OneTerminal.v'.
Linking 'C:\Program Files (x86)\Cypress\PSoC Creator\4.4\PSoC Creator\psoc\content\CyPrimitives\cyprimitives.cylib\ZeroTerminal\ZeroTerminal.v'.
Linking 'C:\Program Files (x86)\Cypress\PSoC Creator\4.4\PSoC Creator\warp\lib\common\stdlogic\cy_psoc3pkg.vif'.
Linking 'C:\Program Files (x86)\Cypress\PSoC Creator\4.4\PSoC Creator\warp\lib\common\stdlogic\cy_psoc3.vif'.
Linking 'C:\Program Files (x86)\Cypress\PSoC Creator\4.4\PSoC Creator\warp\lib\lcpsoc3\stdlogic\mod_cnst.vif'.

tovif:  No errors.


======================================================================
Compiling:  F.v
Program  :   topld
Options  :    -yv2 -q10 -ygs -o2 -v3 -.fftcfgtype=LE -ya -.fftprj=C:\Users\atill\OneDrive\Documenten\PSoC Creator\Homework\F.cydsn\F.cyprj -dcpsoc3 -verilog F.v
======================================================================

topld V6.3 IR 41:  Synthesis and optimization
Mon Jan 04 21:05:03 2021

Linking 'C:\Program Files (x86)\Cypress\PSoC Creator\4.4\PSoC Creator\warp\lib\common\std.vhd'.
Linking 'C:\Program Files (x86)\Cypress\PSoC Creator\4.4\PSoC Creator\warp\lib\common\cypress.vhd'.
Linking 'C:\Program Files (x86)\Cypress\PSoC Creator\4.4\PSoC Creator\warp\lib\common\work\cypress.vif'.
Linking 'C:\Program Files (x86)\Cypress\PSoC Creator\4.4\PSoC Creator\warp\lib\ieee\work\stdlogic.vif'.
Linking 'C:\Program Files (x86)\Cypress\PSoC Creator\4.4\PSoC Creator\warp\lib\common\stdlogic\lpmpkg.vif'.
Linking 'C:\Program Files (x86)\Cypress\PSoC Creator\4.4\PSoC Creator\warp\lib\common\stdlogic\rtlpkg.vif'.
Linking 'C:\Program Files (x86)\Cypress\PSoC Creator\4.4\PSoC Creator\warp\lib\common\stdlogic\mod_cnst.vif'.
Linking 'C:\Program Files (x86)\Cypress\PSoC Creator\4.4\PSoC Creator\warp\lib\common\stdlogic\mod_mthv.vif'.
Linking 'C:\Program Files (x86)\Cypress\PSoC Creator\4.4\PSoC Creator\warp\lib\common\stdlogic\mod_genv.vif'.
Linking 'C:\Users\atill\OneDrive\Documenten\PSoC Creator\Homework\F.cydsn\codegentemp\F.ctl'.
Linking 'C:\Program Files (x86)\Cypress\PSoC Creator\4.4\PSoC Creator\psoc\content\CyPrimitives\cyprimitives.cylib\xor_v1_0\xor_v1_0.v'.
Linking 'C:\Users\atill\OneDrive\Documenten\PSoC Creator\Homework\F.cydsn\codegentemp\F.v'.
Linking 'C:\Program Files (x86)\Cypress\PSoC Creator\4.4\PSoC Creator\psoc\content\CyComponentLibrary\CyComponentLibrary.cylib\B_PWM_v3_30\B_PWM_v3_30.v'.
Linking 'C:\Program Files (x86)\Cypress\PSoC Creator\4.4\PSoC Creator\warp\lib\common\cypress.v'.
Linking 'C:\Program Files (x86)\Cypress\PSoC Creator\4.4\PSoC Creator\warp\lib\common\cy_psoc3_inc.v'.
Linking 'C:\Program Files (x86)\Cypress\PSoC Creator\4.4\PSoC Creator\psoc\content\CyPrimitives\cyprimitives.cylib\cy_virtualmux_v1_0\cy_virtualmux_v1_0.v'.
Linking 'C:\Program Files (x86)\Cypress\PSoC Creator\4.4\PSoC Creator\psoc\content\CyPrimitives\cyprimitives.cylib\OneTerminal\OneTerminal.v'.
Linking 'C:\Program Files (x86)\Cypress\PSoC Creator\4.4\PSoC Creator\psoc\content\CyPrimitives\cyprimitives.cylib\ZeroTerminal\ZeroTerminal.v'.
Linking 'C:\Program Files (x86)\Cypress\PSoC Creator\4.4\PSoC Creator\warp\lib\common\stdlogic\cy_psoc3pkg.vif'.
Linking 'C:\Program Files (x86)\Cypress\PSoC Creator\4.4\PSoC Creator\warp\lib\common\stdlogic\cy_psoc3.vif'.
Linking 'C:\Program Files (x86)\Cypress\PSoC Creator\4.4\PSoC Creator\warp\lib\lcpsoc3\stdlogic\mod_cnst.vif'.
Linking 'C:\Program Files (x86)\Cypress\PSoC Creator\4.4\PSoC Creator\warp\lib\lcpsoc3\stdlogic\cpsoc3.vif'.

----------------------------------------------------------
Detecting unused logic.
----------------------------------------------------------
    User names
	\PWM_2:PWMUDB:km_run\
	\PWM_2:PWMUDB:ctrl_cmpmode2_2\
	\PWM_2:PWMUDB:ctrl_cmpmode2_1\
	\PWM_2:PWMUDB:ctrl_cmpmode2_0\
	\PWM_2:PWMUDB:ctrl_cmpmode1_2\
	\PWM_2:PWMUDB:ctrl_cmpmode1_1\
	\PWM_2:PWMUDB:ctrl_cmpmode1_0\
	\PWM_2:PWMUDB:capt_rising\
	\PWM_2:PWMUDB:capt_falling\
	\PWM_2:PWMUDB:trig_rise\
	\PWM_2:PWMUDB:trig_fall\
	\PWM_2:PWMUDB:sc_kill\
	\PWM_2:PWMUDB:min_kill\
	\PWM_2:PWMUDB:km_tc\
	\PWM_2:PWMUDB:db_tc\
	\PWM_2:PWMUDB:dith_sel\
	\PWM_2:PWMUDB:compare2\
	\PWM_2:Net_101\
	Net_214
	Net_215
	\PWM_2:PWMUDB:MODULE_1:b_31\
	\PWM_2:PWMUDB:MODULE_1:b_30\
	\PWM_2:PWMUDB:MODULE_1:b_29\
	\PWM_2:PWMUDB:MODULE_1:b_28\
	\PWM_2:PWMUDB:MODULE_1:b_27\
	\PWM_2:PWMUDB:MODULE_1:b_26\
	\PWM_2:PWMUDB:MODULE_1:b_25\
	\PWM_2:PWMUDB:MODULE_1:b_24\
	\PWM_2:PWMUDB:MODULE_1:b_23\
	\PWM_2:PWMUDB:MODULE_1:b_22\
	\PWM_2:PWMUDB:MODULE_1:b_21\
	\PWM_2:PWMUDB:MODULE_1:b_20\
	\PWM_2:PWMUDB:MODULE_1:b_19\
	\PWM_2:PWMUDB:MODULE_1:b_18\
	\PWM_2:PWMUDB:MODULE_1:b_17\
	\PWM_2:PWMUDB:MODULE_1:b_16\
	\PWM_2:PWMUDB:MODULE_1:b_15\
	\PWM_2:PWMUDB:MODULE_1:b_14\
	\PWM_2:PWMUDB:MODULE_1:b_13\
	\PWM_2:PWMUDB:MODULE_1:b_12\
	\PWM_2:PWMUDB:MODULE_1:b_11\
	\PWM_2:PWMUDB:MODULE_1:b_10\
	\PWM_2:PWMUDB:MODULE_1:b_9\
	\PWM_2:PWMUDB:MODULE_1:b_8\
	\PWM_2:PWMUDB:MODULE_1:b_7\
	\PWM_2:PWMUDB:MODULE_1:b_6\
	\PWM_2:PWMUDB:MODULE_1:b_5\
	\PWM_2:PWMUDB:MODULE_1:b_4\
	\PWM_2:PWMUDB:MODULE_1:b_3\
	\PWM_2:PWMUDB:MODULE_1:b_2\
	\PWM_2:PWMUDB:MODULE_1:b_1\
	\PWM_2:PWMUDB:MODULE_1:b_0\
	\PWM_2:PWMUDB:MODULE_1:g2:a0:a_31\
	\PWM_2:PWMUDB:MODULE_1:g2:a0:a_30\
	\PWM_2:PWMUDB:MODULE_1:g2:a0:a_29\
	\PWM_2:PWMUDB:MODULE_1:g2:a0:a_28\
	\PWM_2:PWMUDB:MODULE_1:g2:a0:a_27\
	\PWM_2:PWMUDB:MODULE_1:g2:a0:a_26\
	\PWM_2:PWMUDB:MODULE_1:g2:a0:a_25\
	\PWM_2:PWMUDB:MODULE_1:g2:a0:a_24\
	\PWM_2:PWMUDB:MODULE_1:g2:a0:b_31\
	\PWM_2:PWMUDB:MODULE_1:g2:a0:b_30\
	\PWM_2:PWMUDB:MODULE_1:g2:a0:b_29\
	\PWM_2:PWMUDB:MODULE_1:g2:a0:b_28\
	\PWM_2:PWMUDB:MODULE_1:g2:a0:b_27\
	\PWM_2:PWMUDB:MODULE_1:g2:a0:b_26\
	\PWM_2:PWMUDB:MODULE_1:g2:a0:b_25\
	\PWM_2:PWMUDB:MODULE_1:g2:a0:b_24\
	\PWM_2:PWMUDB:MODULE_1:g2:a0:b_23\
	\PWM_2:PWMUDB:MODULE_1:g2:a0:b_22\
	\PWM_2:PWMUDB:MODULE_1:g2:a0:b_21\
	\PWM_2:PWMUDB:MODULE_1:g2:a0:b_20\
	\PWM_2:PWMUDB:MODULE_1:g2:a0:b_19\
	\PWM_2:PWMUDB:MODULE_1:g2:a0:b_18\
	\PWM_2:PWMUDB:MODULE_1:g2:a0:b_17\
	\PWM_2:PWMUDB:MODULE_1:g2:a0:b_16\
	\PWM_2:PWMUDB:MODULE_1:g2:a0:b_15\
	\PWM_2:PWMUDB:MODULE_1:g2:a0:b_14\
	\PWM_2:PWMUDB:MODULE_1:g2:a0:b_13\
	\PWM_2:PWMUDB:MODULE_1:g2:a0:b_12\
	\PWM_2:PWMUDB:MODULE_1:g2:a0:b_11\
	\PWM_2:PWMUDB:MODULE_1:g2:a0:b_10\
	\PWM_2:PWMUDB:MODULE_1:g2:a0:b_9\
	\PWM_2:PWMUDB:MODULE_1:g2:a0:b_8\
	\PWM_2:PWMUDB:MODULE_1:g2:a0:b_7\
	\PWM_2:PWMUDB:MODULE_1:g2:a0:b_6\
	\PWM_2:PWMUDB:MODULE_1:g2:a0:b_5\
	\PWM_2:PWMUDB:MODULE_1:g2:a0:b_4\
	\PWM_2:PWMUDB:MODULE_1:g2:a0:b_3\
	\PWM_2:PWMUDB:MODULE_1:g2:a0:b_2\
	\PWM_2:PWMUDB:MODULE_1:g2:a0:b_1\
	\PWM_2:PWMUDB:MODULE_1:g2:a0:b_0\
	\PWM_2:PWMUDB:MODULE_1:g2:a0:s_31\
	\PWM_2:PWMUDB:MODULE_1:g2:a0:s_30\
	\PWM_2:PWMUDB:MODULE_1:g2:a0:s_29\
	\PWM_2:PWMUDB:MODULE_1:g2:a0:s_28\
	\PWM_2:PWMUDB:MODULE_1:g2:a0:s_27\
	\PWM_2:PWMUDB:MODULE_1:g2:a0:s_26\
	\PWM_2:PWMUDB:MODULE_1:g2:a0:s_25\
	\PWM_2:PWMUDB:MODULE_1:g2:a0:s_24\
	\PWM_2:PWMUDB:MODULE_1:g2:a0:s_23\
	\PWM_2:PWMUDB:MODULE_1:g2:a0:s_22\
	\PWM_2:PWMUDB:MODULE_1:g2:a0:s_21\
	\PWM_2:PWMUDB:MODULE_1:g2:a0:s_20\
	\PWM_2:PWMUDB:MODULE_1:g2:a0:s_19\
	\PWM_2:PWMUDB:MODULE_1:g2:a0:s_18\
	\PWM_2:PWMUDB:MODULE_1:g2:a0:s_17\
	\PWM_2:PWMUDB:MODULE_1:g2:a0:s_16\
	\PWM_2:PWMUDB:MODULE_1:g2:a0:s_15\
	\PWM_2:PWMUDB:MODULE_1:g2:a0:s_14\
	\PWM_2:PWMUDB:MODULE_1:g2:a0:s_13\
	\PWM_2:PWMUDB:MODULE_1:g2:a0:s_12\
	\PWM_2:PWMUDB:MODULE_1:g2:a0:s_11\
	\PWM_2:PWMUDB:MODULE_1:g2:a0:s_10\
	\PWM_2:PWMUDB:MODULE_1:g2:a0:s_9\
	\PWM_2:PWMUDB:MODULE_1:g2:a0:s_8\
	\PWM_2:PWMUDB:MODULE_1:g2:a0:s_7\
	\PWM_2:PWMUDB:MODULE_1:g2:a0:s_6\
	\PWM_2:PWMUDB:MODULE_1:g2:a0:s_5\
	\PWM_2:PWMUDB:MODULE_1:g2:a0:s_4\
	\PWM_2:PWMUDB:MODULE_1:g2:a0:s_3\
	\PWM_2:PWMUDB:MODULE_1:g2:a0:s_2\
	\PWM_2:PWMUDB:MODULE_1:g2:a0:g1:z1:s0:g1:u0:c_31\
	\PWM_2:PWMUDB:MODULE_1:g2:a0:g1:z1:s0:g1:u0:c_30\
	\PWM_2:PWMUDB:MODULE_1:g2:a0:g1:z1:s0:g1:u0:c_29\
	\PWM_2:PWMUDB:MODULE_1:g2:a0:g1:z1:s0:g1:u0:c_28\
	\PWM_2:PWMUDB:MODULE_1:g2:a0:g1:z1:s0:g1:u0:c_27\
	\PWM_2:PWMUDB:MODULE_1:g2:a0:g1:z1:s0:g1:u0:c_26\
	\PWM_2:PWMUDB:MODULE_1:g2:a0:g1:z1:s0:g1:u0:c_25\
	Net_209
	Net_217
	\PWM_2:Net_113\
	\PWM_2:Net_107\
	\PWM_2:Net_114\
	\PWM_1:PWMUDB:km_run\
	\PWM_1:PWMUDB:ctrl_cmpmode2_2\
	\PWM_1:PWMUDB:ctrl_cmpmode2_1\
	\PWM_1:PWMUDB:ctrl_cmpmode2_0\
	\PWM_1:PWMUDB:ctrl_cmpmode1_2\
	\PWM_1:PWMUDB:ctrl_cmpmode1_1\
	\PWM_1:PWMUDB:ctrl_cmpmode1_0\
	\PWM_1:PWMUDB:capt_rising\
	\PWM_1:PWMUDB:capt_falling\
	\PWM_1:PWMUDB:trig_rise\
	\PWM_1:PWMUDB:trig_fall\
	\PWM_1:PWMUDB:sc_kill\
	\PWM_1:PWMUDB:min_kill\
	\PWM_1:PWMUDB:km_tc\
	\PWM_1:PWMUDB:db_tc\
	\PWM_1:PWMUDB:dith_sel\
	\PWM_1:PWMUDB:compare2\
	\PWM_1:Net_101\
	Net_155
	Net_156
	\PWM_1:PWMUDB:MODULE_2:b_31\
	\PWM_1:PWMUDB:MODULE_2:b_30\
	\PWM_1:PWMUDB:MODULE_2:b_29\
	\PWM_1:PWMUDB:MODULE_2:b_28\
	\PWM_1:PWMUDB:MODULE_2:b_27\
	\PWM_1:PWMUDB:MODULE_2:b_26\
	\PWM_1:PWMUDB:MODULE_2:b_25\
	\PWM_1:PWMUDB:MODULE_2:b_24\
	\PWM_1:PWMUDB:MODULE_2:b_23\
	\PWM_1:PWMUDB:MODULE_2:b_22\
	\PWM_1:PWMUDB:MODULE_2:b_21\
	\PWM_1:PWMUDB:MODULE_2:b_20\
	\PWM_1:PWMUDB:MODULE_2:b_19\
	\PWM_1:PWMUDB:MODULE_2:b_18\
	\PWM_1:PWMUDB:MODULE_2:b_17\
	\PWM_1:PWMUDB:MODULE_2:b_16\
	\PWM_1:PWMUDB:MODULE_2:b_15\
	\PWM_1:PWMUDB:MODULE_2:b_14\
	\PWM_1:PWMUDB:MODULE_2:b_13\
	\PWM_1:PWMUDB:MODULE_2:b_12\
	\PWM_1:PWMUDB:MODULE_2:b_11\
	\PWM_1:PWMUDB:MODULE_2:b_10\
	\PWM_1:PWMUDB:MODULE_2:b_9\
	\PWM_1:PWMUDB:MODULE_2:b_8\
	\PWM_1:PWMUDB:MODULE_2:b_7\
	\PWM_1:PWMUDB:MODULE_2:b_6\
	\PWM_1:PWMUDB:MODULE_2:b_5\
	\PWM_1:PWMUDB:MODULE_2:b_4\
	\PWM_1:PWMUDB:MODULE_2:b_3\
	\PWM_1:PWMUDB:MODULE_2:b_2\
	\PWM_1:PWMUDB:MODULE_2:b_1\
	\PWM_1:PWMUDB:MODULE_2:b_0\
	\PWM_1:PWMUDB:MODULE_2:g2:a0:a_31\
	\PWM_1:PWMUDB:MODULE_2:g2:a0:a_30\
	\PWM_1:PWMUDB:MODULE_2:g2:a0:a_29\
	\PWM_1:PWMUDB:MODULE_2:g2:a0:a_28\
	\PWM_1:PWMUDB:MODULE_2:g2:a0:a_27\
	\PWM_1:PWMUDB:MODULE_2:g2:a0:a_26\
	\PWM_1:PWMUDB:MODULE_2:g2:a0:a_25\
	\PWM_1:PWMUDB:MODULE_2:g2:a0:a_24\
	\PWM_1:PWMUDB:MODULE_2:g2:a0:b_31\
	\PWM_1:PWMUDB:MODULE_2:g2:a0:b_30\
	\PWM_1:PWMUDB:MODULE_2:g2:a0:b_29\
	\PWM_1:PWMUDB:MODULE_2:g2:a0:b_28\
	\PWM_1:PWMUDB:MODULE_2:g2:a0:b_27\
	\PWM_1:PWMUDB:MODULE_2:g2:a0:b_26\
	\PWM_1:PWMUDB:MODULE_2:g2:a0:b_25\
	\PWM_1:PWMUDB:MODULE_2:g2:a0:b_24\
	\PWM_1:PWMUDB:MODULE_2:g2:a0:b_23\
	\PWM_1:PWMUDB:MODULE_2:g2:a0:b_22\
	\PWM_1:PWMUDB:MODULE_2:g2:a0:b_21\
	\PWM_1:PWMUDB:MODULE_2:g2:a0:b_20\
	\PWM_1:PWMUDB:MODULE_2:g2:a0:b_19\
	\PWM_1:PWMUDB:MODULE_2:g2:a0:b_18\
	\PWM_1:PWMUDB:MODULE_2:g2:a0:b_17\
	\PWM_1:PWMUDB:MODULE_2:g2:a0:b_16\
	\PWM_1:PWMUDB:MODULE_2:g2:a0:b_15\
	\PWM_1:PWMUDB:MODULE_2:g2:a0:b_14\
	\PWM_1:PWMUDB:MODULE_2:g2:a0:b_13\
	\PWM_1:PWMUDB:MODULE_2:g2:a0:b_12\
	\PWM_1:PWMUDB:MODULE_2:g2:a0:b_11\
	\PWM_1:PWMUDB:MODULE_2:g2:a0:b_10\
	\PWM_1:PWMUDB:MODULE_2:g2:a0:b_9\
	\PWM_1:PWMUDB:MODULE_2:g2:a0:b_8\
	\PWM_1:PWMUDB:MODULE_2:g2:a0:b_7\
	\PWM_1:PWMUDB:MODULE_2:g2:a0:b_6\
	\PWM_1:PWMUDB:MODULE_2:g2:a0:b_5\
	\PWM_1:PWMUDB:MODULE_2:g2:a0:b_4\
	\PWM_1:PWMUDB:MODULE_2:g2:a0:b_3\
	\PWM_1:PWMUDB:MODULE_2:g2:a0:b_2\
	\PWM_1:PWMUDB:MODULE_2:g2:a0:b_1\
	\PWM_1:PWMUDB:MODULE_2:g2:a0:b_0\
	\PWM_1:PWMUDB:MODULE_2:g2:a0:s_31\
	\PWM_1:PWMUDB:MODULE_2:g2:a0:s_30\
	\PWM_1:PWMUDB:MODULE_2:g2:a0:s_29\
	\PWM_1:PWMUDB:MODULE_2:g2:a0:s_28\
	\PWM_1:PWMUDB:MODULE_2:g2:a0:s_27\
	\PWM_1:PWMUDB:MODULE_2:g2:a0:s_26\
	\PWM_1:PWMUDB:MODULE_2:g2:a0:s_25\
	\PWM_1:PWMUDB:MODULE_2:g2:a0:s_24\
	\PWM_1:PWMUDB:MODULE_2:g2:a0:s_23\
	\PWM_1:PWMUDB:MODULE_2:g2:a0:s_22\
	\PWM_1:PWMUDB:MODULE_2:g2:a0:s_21\
	\PWM_1:PWMUDB:MODULE_2:g2:a0:s_20\
	\PWM_1:PWMUDB:MODULE_2:g2:a0:s_19\
	\PWM_1:PWMUDB:MODULE_2:g2:a0:s_18\
	\PWM_1:PWMUDB:MODULE_2:g2:a0:s_17\
	\PWM_1:PWMUDB:MODULE_2:g2:a0:s_16\
	\PWM_1:PWMUDB:MODULE_2:g2:a0:s_15\
	\PWM_1:PWMUDB:MODULE_2:g2:a0:s_14\
	\PWM_1:PWMUDB:MODULE_2:g2:a0:s_13\
	\PWM_1:PWMUDB:MODULE_2:g2:a0:s_12\
	\PWM_1:PWMUDB:MODULE_2:g2:a0:s_11\
	\PWM_1:PWMUDB:MODULE_2:g2:a0:s_10\
	\PWM_1:PWMUDB:MODULE_2:g2:a0:s_9\
	\PWM_1:PWMUDB:MODULE_2:g2:a0:s_8\
	\PWM_1:PWMUDB:MODULE_2:g2:a0:s_7\
	\PWM_1:PWMUDB:MODULE_2:g2:a0:s_6\
	\PWM_1:PWMUDB:MODULE_2:g2:a0:s_5\
	\PWM_1:PWMUDB:MODULE_2:g2:a0:s_4\
	\PWM_1:PWMUDB:MODULE_2:g2:a0:s_3\
	\PWM_1:PWMUDB:MODULE_2:g2:a0:s_2\
	\PWM_1:PWMUDB:MODULE_2:g2:a0:g1:z1:s0:g1:u0:c_31\
	\PWM_1:PWMUDB:MODULE_2:g2:a0:g1:z1:s0:g1:u0:c_30\
	\PWM_1:PWMUDB:MODULE_2:g2:a0:g1:z1:s0:g1:u0:c_29\
	\PWM_1:PWMUDB:MODULE_2:g2:a0:g1:z1:s0:g1:u0:c_28\
	\PWM_1:PWMUDB:MODULE_2:g2:a0:g1:z1:s0:g1:u0:c_27\
	\PWM_1:PWMUDB:MODULE_2:g2:a0:g1:z1:s0:g1:u0:c_26\
	\PWM_1:PWMUDB:MODULE_2:g2:a0:g1:z1:s0:g1:u0:c_25\
	Net_150
	Net_158
	\PWM_1:Net_113\
	\PWM_1:Net_107\
	\PWM_1:Net_114\

    Synthesized names
	\PWM_2:PWMUDB:add_vi_vv_MODGEN_1_31\
	\PWM_2:PWMUDB:add_vi_vv_MODGEN_1_30\
	\PWM_2:PWMUDB:add_vi_vv_MODGEN_1_29\
	\PWM_2:PWMUDB:add_vi_vv_MODGEN_1_28\
	\PWM_2:PWMUDB:add_vi_vv_MODGEN_1_27\
	\PWM_2:PWMUDB:add_vi_vv_MODGEN_1_26\
	\PWM_2:PWMUDB:add_vi_vv_MODGEN_1_25\
	\PWM_2:PWMUDB:add_vi_vv_MODGEN_1_24\
	\PWM_2:PWMUDB:add_vi_vv_MODGEN_1_23\
	\PWM_2:PWMUDB:add_vi_vv_MODGEN_1_22\
	\PWM_2:PWMUDB:add_vi_vv_MODGEN_1_21\
	\PWM_2:PWMUDB:add_vi_vv_MODGEN_1_20\
	\PWM_2:PWMUDB:add_vi_vv_MODGEN_1_19\
	\PWM_2:PWMUDB:add_vi_vv_MODGEN_1_18\
	\PWM_2:PWMUDB:add_vi_vv_MODGEN_1_17\
	\PWM_2:PWMUDB:add_vi_vv_MODGEN_1_16\
	\PWM_2:PWMUDB:add_vi_vv_MODGEN_1_15\
	\PWM_2:PWMUDB:add_vi_vv_MODGEN_1_14\
	\PWM_2:PWMUDB:add_vi_vv_MODGEN_1_13\
	\PWM_2:PWMUDB:add_vi_vv_MODGEN_1_12\
	\PWM_2:PWMUDB:add_vi_vv_MODGEN_1_11\
	\PWM_2:PWMUDB:add_vi_vv_MODGEN_1_10\
	\PWM_2:PWMUDB:add_vi_vv_MODGEN_1_9\
	\PWM_2:PWMUDB:add_vi_vv_MODGEN_1_8\
	\PWM_2:PWMUDB:add_vi_vv_MODGEN_1_7\
	\PWM_2:PWMUDB:add_vi_vv_MODGEN_1_6\
	\PWM_2:PWMUDB:add_vi_vv_MODGEN_1_5\
	\PWM_2:PWMUDB:add_vi_vv_MODGEN_1_4\
	\PWM_2:PWMUDB:add_vi_vv_MODGEN_1_3\
	\PWM_2:PWMUDB:add_vi_vv_MODGEN_1_2\
	\PWM_1:PWMUDB:add_vi_vv_MODGEN_2_31\
	\PWM_1:PWMUDB:add_vi_vv_MODGEN_2_30\
	\PWM_1:PWMUDB:add_vi_vv_MODGEN_2_29\
	\PWM_1:PWMUDB:add_vi_vv_MODGEN_2_28\
	\PWM_1:PWMUDB:add_vi_vv_MODGEN_2_27\
	\PWM_1:PWMUDB:add_vi_vv_MODGEN_2_26\
	\PWM_1:PWMUDB:add_vi_vv_MODGEN_2_25\
	\PWM_1:PWMUDB:add_vi_vv_MODGEN_2_24\
	\PWM_1:PWMUDB:add_vi_vv_MODGEN_2_23\
	\PWM_1:PWMUDB:add_vi_vv_MODGEN_2_22\
	\PWM_1:PWMUDB:add_vi_vv_MODGEN_2_21\
	\PWM_1:PWMUDB:add_vi_vv_MODGEN_2_20\
	\PWM_1:PWMUDB:add_vi_vv_MODGEN_2_19\
	\PWM_1:PWMUDB:add_vi_vv_MODGEN_2_18\
	\PWM_1:PWMUDB:add_vi_vv_MODGEN_2_17\
	\PWM_1:PWMUDB:add_vi_vv_MODGEN_2_16\
	\PWM_1:PWMUDB:add_vi_vv_MODGEN_2_15\
	\PWM_1:PWMUDB:add_vi_vv_MODGEN_2_14\
	\PWM_1:PWMUDB:add_vi_vv_MODGEN_2_13\
	\PWM_1:PWMUDB:add_vi_vv_MODGEN_2_12\
	\PWM_1:PWMUDB:add_vi_vv_MODGEN_2_11\
	\PWM_1:PWMUDB:add_vi_vv_MODGEN_2_10\
	\PWM_1:PWMUDB:add_vi_vv_MODGEN_2_9\
	\PWM_1:PWMUDB:add_vi_vv_MODGEN_2_8\
	\PWM_1:PWMUDB:add_vi_vv_MODGEN_2_7\
	\PWM_1:PWMUDB:add_vi_vv_MODGEN_2_6\
	\PWM_1:PWMUDB:add_vi_vv_MODGEN_2_5\
	\PWM_1:PWMUDB:add_vi_vv_MODGEN_2_4\
	\PWM_1:PWMUDB:add_vi_vv_MODGEN_2_3\
	\PWM_1:PWMUDB:add_vi_vv_MODGEN_2_2\

Deleted 268 User equations/components.
Deleted 60 Synthesized equations/components.

------------------------------------------------------
Alias Detection
------------------------------------------------------
Aliasing one to tmpOE__Pin_1_net_0
Aliasing \PWM_2:PWMUDB:hwCapture\ to zero
Aliasing \PWM_2:PWMUDB:trig_out\ to tmpOE__Pin_1_net_0
Aliasing \PWM_2:PWMUDB:runmode_enable\\R\ to zero
Aliasing \PWM_2:PWMUDB:runmode_enable\\S\ to zero
Aliasing \PWM_2:PWMUDB:ltch_kill_reg\\R\ to zero
Aliasing \PWM_2:PWMUDB:ltch_kill_reg\\S\ to zero
Aliasing \PWM_2:PWMUDB:min_kill_reg\\R\ to zero
Aliasing \PWM_2:PWMUDB:min_kill_reg\\S\ to zero
Aliasing \PWM_2:PWMUDB:final_kill\ to tmpOE__Pin_1_net_0
Aliasing \PWM_2:PWMUDB:dith_count_1\\R\ to zero
Aliasing \PWM_2:PWMUDB:dith_count_1\\S\ to zero
Aliasing \PWM_2:PWMUDB:dith_count_0\\R\ to zero
Aliasing \PWM_2:PWMUDB:dith_count_0\\S\ to zero
Aliasing \PWM_2:PWMUDB:reset\ to zero
Aliasing \PWM_2:PWMUDB:status_6\ to zero
Aliasing \PWM_2:PWMUDB:status_4\ to zero
Aliasing \PWM_2:PWMUDB:cmp2\ to zero
Aliasing \PWM_2:PWMUDB:cmp1_status_reg\\R\ to zero
Aliasing \PWM_2:PWMUDB:cmp1_status_reg\\S\ to zero
Aliasing \PWM_2:PWMUDB:cmp2_status_reg\\R\ to zero
Aliasing \PWM_2:PWMUDB:cmp2_status_reg\\S\ to zero
Aliasing \PWM_2:PWMUDB:final_kill_reg\\R\ to zero
Aliasing \PWM_2:PWMUDB:final_kill_reg\\S\ to zero
Aliasing \PWM_2:PWMUDB:cs_addr_0\ to zero
Aliasing \PWM_2:PWMUDB:pwm1_i\ to zero
Aliasing \PWM_2:PWMUDB:pwm2_i\ to zero
Aliasing \PWM_2:PWMUDB:MODULE_1:g2:a0:a_23\ to zero
Aliasing \PWM_2:PWMUDB:MODULE_1:g2:a0:a_22\ to zero
Aliasing \PWM_2:PWMUDB:MODULE_1:g2:a0:a_21\ to zero
Aliasing \PWM_2:PWMUDB:MODULE_1:g2:a0:a_20\ to zero
Aliasing \PWM_2:PWMUDB:MODULE_1:g2:a0:a_19\ to zero
Aliasing \PWM_2:PWMUDB:MODULE_1:g2:a0:a_18\ to zero
Aliasing \PWM_2:PWMUDB:MODULE_1:g2:a0:a_17\ to zero
Aliasing \PWM_2:PWMUDB:MODULE_1:g2:a0:a_16\ to zero
Aliasing \PWM_2:PWMUDB:MODULE_1:g2:a0:a_15\ to zero
Aliasing \PWM_2:PWMUDB:MODULE_1:g2:a0:a_14\ to zero
Aliasing \PWM_2:PWMUDB:MODULE_1:g2:a0:a_13\ to zero
Aliasing \PWM_2:PWMUDB:MODULE_1:g2:a0:a_12\ to zero
Aliasing \PWM_2:PWMUDB:MODULE_1:g2:a0:a_11\ to zero
Aliasing \PWM_2:PWMUDB:MODULE_1:g2:a0:a_10\ to zero
Aliasing \PWM_2:PWMUDB:MODULE_1:g2:a0:a_9\ to zero
Aliasing \PWM_2:PWMUDB:MODULE_1:g2:a0:a_8\ to zero
Aliasing \PWM_2:PWMUDB:MODULE_1:g2:a0:a_7\ to zero
Aliasing \PWM_2:PWMUDB:MODULE_1:g2:a0:a_6\ to zero
Aliasing \PWM_2:PWMUDB:MODULE_1:g2:a0:a_5\ to zero
Aliasing \PWM_2:PWMUDB:MODULE_1:g2:a0:a_4\ to zero
Aliasing \PWM_2:PWMUDB:MODULE_1:g2:a0:a_3\ to zero
Aliasing \PWM_2:PWMUDB:MODULE_1:g2:a0:a_2\ to zero
Aliasing \PWM_2:PWMUDB:MODULE_1:g2:a0:g1:z1:s0:g1:u0:b_0\ to tmpOE__Pin_1_net_0
Aliasing \PWM_1:PWMUDB:hwCapture\ to zero
Aliasing \PWM_1:PWMUDB:trig_out\ to tmpOE__Pin_1_net_0
Aliasing \PWM_1:PWMUDB:runmode_enable\\R\ to zero
Aliasing \PWM_1:PWMUDB:runmode_enable\\S\ to zero
Aliasing \PWM_1:PWMUDB:ltch_kill_reg\\R\ to zero
Aliasing \PWM_1:PWMUDB:ltch_kill_reg\\S\ to zero
Aliasing \PWM_1:PWMUDB:min_kill_reg\\R\ to zero
Aliasing \PWM_1:PWMUDB:min_kill_reg\\S\ to zero
Aliasing \PWM_1:PWMUDB:final_kill\ to tmpOE__Pin_1_net_0
Aliasing \PWM_1:PWMUDB:dith_count_1\\R\ to zero
Aliasing \PWM_1:PWMUDB:dith_count_1\\S\ to zero
Aliasing \PWM_1:PWMUDB:dith_count_0\\R\ to zero
Aliasing \PWM_1:PWMUDB:dith_count_0\\S\ to zero
Aliasing \PWM_1:PWMUDB:reset\ to zero
Aliasing \PWM_1:PWMUDB:status_6\ to zero
Aliasing \PWM_1:PWMUDB:status_4\ to zero
Aliasing \PWM_1:PWMUDB:cmp2\ to zero
Aliasing \PWM_1:PWMUDB:cmp1_status_reg\\R\ to zero
Aliasing \PWM_1:PWMUDB:cmp1_status_reg\\S\ to zero
Aliasing \PWM_1:PWMUDB:cmp2_status_reg\\R\ to zero
Aliasing \PWM_1:PWMUDB:cmp2_status_reg\\S\ to zero
Aliasing \PWM_1:PWMUDB:final_kill_reg\\R\ to zero
Aliasing \PWM_1:PWMUDB:final_kill_reg\\S\ to zero
Aliasing \PWM_1:PWMUDB:cs_addr_0\ to zero
Aliasing \PWM_1:PWMUDB:pwm1_i\ to zero
Aliasing \PWM_1:PWMUDB:pwm2_i\ to zero
Aliasing \PWM_1:PWMUDB:MODULE_2:g2:a0:a_23\ to zero
Aliasing \PWM_1:PWMUDB:MODULE_2:g2:a0:a_22\ to zero
Aliasing \PWM_1:PWMUDB:MODULE_2:g2:a0:a_21\ to zero
Aliasing \PWM_1:PWMUDB:MODULE_2:g2:a0:a_20\ to zero
Aliasing \PWM_1:PWMUDB:MODULE_2:g2:a0:a_19\ to zero
Aliasing \PWM_1:PWMUDB:MODULE_2:g2:a0:a_18\ to zero
Aliasing \PWM_1:PWMUDB:MODULE_2:g2:a0:a_17\ to zero
Aliasing \PWM_1:PWMUDB:MODULE_2:g2:a0:a_16\ to zero
Aliasing \PWM_1:PWMUDB:MODULE_2:g2:a0:a_15\ to zero
Aliasing \PWM_1:PWMUDB:MODULE_2:g2:a0:a_14\ to zero
Aliasing \PWM_1:PWMUDB:MODULE_2:g2:a0:a_13\ to zero
Aliasing \PWM_1:PWMUDB:MODULE_2:g2:a0:a_12\ to zero
Aliasing \PWM_1:PWMUDB:MODULE_2:g2:a0:a_11\ to zero
Aliasing \PWM_1:PWMUDB:MODULE_2:g2:a0:a_10\ to zero
Aliasing \PWM_1:PWMUDB:MODULE_2:g2:a0:a_9\ to zero
Aliasing \PWM_1:PWMUDB:MODULE_2:g2:a0:a_8\ to zero
Aliasing \PWM_1:PWMUDB:MODULE_2:g2:a0:a_7\ to zero
Aliasing \PWM_1:PWMUDB:MODULE_2:g2:a0:a_6\ to zero
Aliasing \PWM_1:PWMUDB:MODULE_2:g2:a0:a_5\ to zero
Aliasing \PWM_1:PWMUDB:MODULE_2:g2:a0:a_4\ to zero
Aliasing \PWM_1:PWMUDB:MODULE_2:g2:a0:a_3\ to zero
Aliasing \PWM_1:PWMUDB:MODULE_2:g2:a0:a_2\ to zero
Aliasing \PWM_1:PWMUDB:MODULE_2:g2:a0:g1:z1:s0:g1:u0:b_0\ to tmpOE__Pin_1_net_0
Aliasing \PWM_2:PWMUDB:min_kill_reg\\D\ to tmpOE__Pin_1_net_0
Aliasing \PWM_2:PWMUDB:prevCapture\\D\ to zero
Aliasing \PWM_2:PWMUDB:trig_last\\D\ to zero
Aliasing \PWM_2:PWMUDB:ltch_kill_reg\\D\ to tmpOE__Pin_1_net_0
Aliasing \PWM_2:PWMUDB:prevCompare1\\D\ to \PWM_2:PWMUDB:pwm_temp\
Aliasing \PWM_2:PWMUDB:tc_i_reg\\D\ to \PWM_2:PWMUDB:status_2\
Aliasing \PWM_1:PWMUDB:min_kill_reg\\D\ to tmpOE__Pin_1_net_0
Aliasing \PWM_1:PWMUDB:prevCapture\\D\ to zero
Aliasing \PWM_1:PWMUDB:trig_last\\D\ to zero
Aliasing \PWM_1:PWMUDB:ltch_kill_reg\\D\ to tmpOE__Pin_1_net_0
Aliasing \PWM_1:PWMUDB:prevCompare1\\D\ to \PWM_1:PWMUDB:pwm_temp\
Aliasing \PWM_1:PWMUDB:tc_i_reg\\D\ to \PWM_1:PWMUDB:status_2\
Removing Lhs of wire one[13] = tmpOE__Pin_1_net_0[7]
Removing Rhs of wire Net_219[15] = \PWM_1:Net_96\[475]
Removing Rhs of wire Net_219[15] = \PWM_1:PWMUDB:pwm_i_reg\[467]
Removing Rhs of wire Net_220[16] = \PWM_2:Net_96\[142]
Removing Rhs of wire Net_220[16] = \PWM_2:PWMUDB:pwm_i_reg\[134]
Removing Lhs of wire \PWM_2:PWMUDB:ctrl_enable\[31] = \PWM_2:PWMUDB:control_7\[23]
Removing Lhs of wire \PWM_2:PWMUDB:hwCapture\[41] = zero[12]
Removing Lhs of wire \PWM_2:PWMUDB:hwEnable\[42] = \PWM_2:PWMUDB:control_7\[23]
Removing Lhs of wire \PWM_2:PWMUDB:trig_out\[46] = tmpOE__Pin_1_net_0[7]
Removing Lhs of wire \PWM_2:PWMUDB:runmode_enable\\R\[48] = zero[12]
Removing Lhs of wire \PWM_2:PWMUDB:runmode_enable\\S\[49] = zero[12]
Removing Lhs of wire \PWM_2:PWMUDB:final_enable\[50] = \PWM_2:PWMUDB:runmode_enable\[47]
Removing Lhs of wire \PWM_2:PWMUDB:ltch_kill_reg\\R\[54] = zero[12]
Removing Lhs of wire \PWM_2:PWMUDB:ltch_kill_reg\\S\[55] = zero[12]
Removing Lhs of wire \PWM_2:PWMUDB:min_kill_reg\\R\[56] = zero[12]
Removing Lhs of wire \PWM_2:PWMUDB:min_kill_reg\\S\[57] = zero[12]
Removing Lhs of wire \PWM_2:PWMUDB:final_kill\[60] = tmpOE__Pin_1_net_0[7]
Removing Lhs of wire \PWM_2:PWMUDB:add_vi_vv_MODGEN_1_1\[64] = \PWM_2:PWMUDB:MODULE_1:g2:a0:s_1\[304]
Removing Lhs of wire \PWM_2:PWMUDB:add_vi_vv_MODGEN_1_0\[66] = \PWM_2:PWMUDB:MODULE_1:g2:a0:s_0\[305]
Removing Lhs of wire \PWM_2:PWMUDB:dith_count_1\\R\[67] = zero[12]
Removing Lhs of wire \PWM_2:PWMUDB:dith_count_1\\S\[68] = zero[12]
Removing Lhs of wire \PWM_2:PWMUDB:dith_count_0\\R\[69] = zero[12]
Removing Lhs of wire \PWM_2:PWMUDB:dith_count_0\\S\[70] = zero[12]
Removing Lhs of wire \PWM_2:PWMUDB:reset\[73] = zero[12]
Removing Lhs of wire \PWM_2:PWMUDB:status_6\[74] = zero[12]
Removing Rhs of wire \PWM_2:PWMUDB:status_5\[75] = \PWM_2:PWMUDB:final_kill_reg\[89]
Removing Lhs of wire \PWM_2:PWMUDB:status_4\[76] = zero[12]
Removing Rhs of wire \PWM_2:PWMUDB:status_3\[77] = \PWM_2:PWMUDB:fifo_full\[96]
Removing Rhs of wire \PWM_2:PWMUDB:status_1\[79] = \PWM_2:PWMUDB:cmp2_status_reg\[88]
Removing Rhs of wire \PWM_2:PWMUDB:status_0\[80] = \PWM_2:PWMUDB:cmp1_status_reg\[87]
Removing Lhs of wire \PWM_2:PWMUDB:cmp2_status\[85] = zero[12]
Removing Lhs of wire \PWM_2:PWMUDB:cmp2\[86] = zero[12]
Removing Lhs of wire \PWM_2:PWMUDB:cmp1_status_reg\\R\[90] = zero[12]
Removing Lhs of wire \PWM_2:PWMUDB:cmp1_status_reg\\S\[91] = zero[12]
Removing Lhs of wire \PWM_2:PWMUDB:cmp2_status_reg\\R\[92] = zero[12]
Removing Lhs of wire \PWM_2:PWMUDB:cmp2_status_reg\\S\[93] = zero[12]
Removing Lhs of wire \PWM_2:PWMUDB:final_kill_reg\\R\[94] = zero[12]
Removing Lhs of wire \PWM_2:PWMUDB:final_kill_reg\\S\[95] = zero[12]
Removing Lhs of wire \PWM_2:PWMUDB:cs_addr_2\[97] = \PWM_2:PWMUDB:tc_i\[52]
Removing Lhs of wire \PWM_2:PWMUDB:cs_addr_1\[98] = \PWM_2:PWMUDB:runmode_enable\[47]
Removing Lhs of wire \PWM_2:PWMUDB:cs_addr_0\[99] = zero[12]
Removing Lhs of wire \PWM_2:PWMUDB:compare1\[132] = \PWM_2:PWMUDB:cmp1_less\[103]
Removing Lhs of wire \PWM_2:PWMUDB:pwm1_i\[137] = zero[12]
Removing Lhs of wire \PWM_2:PWMUDB:pwm2_i\[139] = zero[12]
Removing Lhs of wire \PWM_2:PWMUDB:pwm_temp\[145] = \PWM_2:PWMUDB:cmp1\[83]
Removing Lhs of wire \PWM_2:PWMUDB:MODULE_1:g2:a0:a_23\[186] = zero[12]
Removing Lhs of wire \PWM_2:PWMUDB:MODULE_1:g2:a0:a_22\[187] = zero[12]
Removing Lhs of wire \PWM_2:PWMUDB:MODULE_1:g2:a0:a_21\[188] = zero[12]
Removing Lhs of wire \PWM_2:PWMUDB:MODULE_1:g2:a0:a_20\[189] = zero[12]
Removing Lhs of wire \PWM_2:PWMUDB:MODULE_1:g2:a0:a_19\[190] = zero[12]
Removing Lhs of wire \PWM_2:PWMUDB:MODULE_1:g2:a0:a_18\[191] = zero[12]
Removing Lhs of wire \PWM_2:PWMUDB:MODULE_1:g2:a0:a_17\[192] = zero[12]
Removing Lhs of wire \PWM_2:PWMUDB:MODULE_1:g2:a0:a_16\[193] = zero[12]
Removing Lhs of wire \PWM_2:PWMUDB:MODULE_1:g2:a0:a_15\[194] = zero[12]
Removing Lhs of wire \PWM_2:PWMUDB:MODULE_1:g2:a0:a_14\[195] = zero[12]
Removing Lhs of wire \PWM_2:PWMUDB:MODULE_1:g2:a0:a_13\[196] = zero[12]
Removing Lhs of wire \PWM_2:PWMUDB:MODULE_1:g2:a0:a_12\[197] = zero[12]
Removing Lhs of wire \PWM_2:PWMUDB:MODULE_1:g2:a0:a_11\[198] = zero[12]
Removing Lhs of wire \PWM_2:PWMUDB:MODULE_1:g2:a0:a_10\[199] = zero[12]
Removing Lhs of wire \PWM_2:PWMUDB:MODULE_1:g2:a0:a_9\[200] = zero[12]
Removing Lhs of wire \PWM_2:PWMUDB:MODULE_1:g2:a0:a_8\[201] = zero[12]
Removing Lhs of wire \PWM_2:PWMUDB:MODULE_1:g2:a0:a_7\[202] = zero[12]
Removing Lhs of wire \PWM_2:PWMUDB:MODULE_1:g2:a0:a_6\[203] = zero[12]
Removing Lhs of wire \PWM_2:PWMUDB:MODULE_1:g2:a0:a_5\[204] = zero[12]
Removing Lhs of wire \PWM_2:PWMUDB:MODULE_1:g2:a0:a_4\[205] = zero[12]
Removing Lhs of wire \PWM_2:PWMUDB:MODULE_1:g2:a0:a_3\[206] = zero[12]
Removing Lhs of wire \PWM_2:PWMUDB:MODULE_1:g2:a0:a_2\[207] = zero[12]
Removing Lhs of wire \PWM_2:PWMUDB:MODULE_1:g2:a0:a_1\[208] = \PWM_2:PWMUDB:MODIN1_1\[209]
Removing Lhs of wire \PWM_2:PWMUDB:MODIN1_1\[209] = \PWM_2:PWMUDB:dith_count_1\[63]
Removing Lhs of wire \PWM_2:PWMUDB:MODULE_1:g2:a0:a_0\[210] = \PWM_2:PWMUDB:MODIN1_0\[211]
Removing Lhs of wire \PWM_2:PWMUDB:MODIN1_0\[211] = \PWM_2:PWMUDB:dith_count_0\[65]
Removing Lhs of wire \PWM_2:PWMUDB:MODULE_1:g2:a0:g1:z1:s0:g1:u0:c_0\[343] = tmpOE__Pin_1_net_0[7]
Removing Lhs of wire \PWM_2:PWMUDB:MODULE_1:g2:a0:g1:z1:s0:g1:u0:b_0\[344] = tmpOE__Pin_1_net_0[7]
Removing Lhs of wire \PWM_1:PWMUDB:ctrl_enable\[364] = \PWM_1:PWMUDB:control_7\[356]
Removing Lhs of wire \PWM_1:PWMUDB:hwCapture\[374] = zero[12]
Removing Lhs of wire \PWM_1:PWMUDB:hwEnable\[375] = \PWM_1:PWMUDB:control_7\[356]
Removing Lhs of wire \PWM_1:PWMUDB:trig_out\[379] = tmpOE__Pin_1_net_0[7]
Removing Lhs of wire \PWM_1:PWMUDB:runmode_enable\\R\[381] = zero[12]
Removing Lhs of wire \PWM_1:PWMUDB:runmode_enable\\S\[382] = zero[12]
Removing Lhs of wire \PWM_1:PWMUDB:final_enable\[383] = \PWM_1:PWMUDB:runmode_enable\[380]
Removing Lhs of wire \PWM_1:PWMUDB:ltch_kill_reg\\R\[387] = zero[12]
Removing Lhs of wire \PWM_1:PWMUDB:ltch_kill_reg\\S\[388] = zero[12]
Removing Lhs of wire \PWM_1:PWMUDB:min_kill_reg\\R\[389] = zero[12]
Removing Lhs of wire \PWM_1:PWMUDB:min_kill_reg\\S\[390] = zero[12]
Removing Lhs of wire \PWM_1:PWMUDB:final_kill\[393] = tmpOE__Pin_1_net_0[7]
Removing Lhs of wire \PWM_1:PWMUDB:add_vi_vv_MODGEN_2_1\[397] = \PWM_1:PWMUDB:MODULE_2:g2:a0:s_1\[637]
Removing Lhs of wire \PWM_1:PWMUDB:add_vi_vv_MODGEN_2_0\[399] = \PWM_1:PWMUDB:MODULE_2:g2:a0:s_0\[638]
Removing Lhs of wire \PWM_1:PWMUDB:dith_count_1\\R\[400] = zero[12]
Removing Lhs of wire \PWM_1:PWMUDB:dith_count_1\\S\[401] = zero[12]
Removing Lhs of wire \PWM_1:PWMUDB:dith_count_0\\R\[402] = zero[12]
Removing Lhs of wire \PWM_1:PWMUDB:dith_count_0\\S\[403] = zero[12]
Removing Lhs of wire \PWM_1:PWMUDB:reset\[406] = zero[12]
Removing Lhs of wire \PWM_1:PWMUDB:status_6\[407] = zero[12]
Removing Rhs of wire \PWM_1:PWMUDB:status_5\[408] = \PWM_1:PWMUDB:final_kill_reg\[422]
Removing Lhs of wire \PWM_1:PWMUDB:status_4\[409] = zero[12]
Removing Rhs of wire \PWM_1:PWMUDB:status_3\[410] = \PWM_1:PWMUDB:fifo_full\[429]
Removing Rhs of wire \PWM_1:PWMUDB:status_1\[412] = \PWM_1:PWMUDB:cmp2_status_reg\[421]
Removing Rhs of wire \PWM_1:PWMUDB:status_0\[413] = \PWM_1:PWMUDB:cmp1_status_reg\[420]
Removing Lhs of wire \PWM_1:PWMUDB:cmp2_status\[418] = zero[12]
Removing Lhs of wire \PWM_1:PWMUDB:cmp2\[419] = zero[12]
Removing Lhs of wire \PWM_1:PWMUDB:cmp1_status_reg\\R\[423] = zero[12]
Removing Lhs of wire \PWM_1:PWMUDB:cmp1_status_reg\\S\[424] = zero[12]
Removing Lhs of wire \PWM_1:PWMUDB:cmp2_status_reg\\R\[425] = zero[12]
Removing Lhs of wire \PWM_1:PWMUDB:cmp2_status_reg\\S\[426] = zero[12]
Removing Lhs of wire \PWM_1:PWMUDB:final_kill_reg\\R\[427] = zero[12]
Removing Lhs of wire \PWM_1:PWMUDB:final_kill_reg\\S\[428] = zero[12]
Removing Lhs of wire \PWM_1:PWMUDB:cs_addr_2\[430] = \PWM_1:PWMUDB:tc_i\[385]
Removing Lhs of wire \PWM_1:PWMUDB:cs_addr_1\[431] = \PWM_1:PWMUDB:runmode_enable\[380]
Removing Lhs of wire \PWM_1:PWMUDB:cs_addr_0\[432] = zero[12]
Removing Lhs of wire \PWM_1:PWMUDB:compare1\[465] = \PWM_1:PWMUDB:cmp1_less\[436]
Removing Lhs of wire \PWM_1:PWMUDB:pwm1_i\[470] = zero[12]
Removing Lhs of wire \PWM_1:PWMUDB:pwm2_i\[472] = zero[12]
Removing Lhs of wire \PWM_1:PWMUDB:pwm_temp\[478] = \PWM_1:PWMUDB:cmp1\[416]
Removing Lhs of wire \PWM_1:PWMUDB:MODULE_2:g2:a0:a_23\[519] = zero[12]
Removing Lhs of wire \PWM_1:PWMUDB:MODULE_2:g2:a0:a_22\[520] = zero[12]
Removing Lhs of wire \PWM_1:PWMUDB:MODULE_2:g2:a0:a_21\[521] = zero[12]
Removing Lhs of wire \PWM_1:PWMUDB:MODULE_2:g2:a0:a_20\[522] = zero[12]
Removing Lhs of wire \PWM_1:PWMUDB:MODULE_2:g2:a0:a_19\[523] = zero[12]
Removing Lhs of wire \PWM_1:PWMUDB:MODULE_2:g2:a0:a_18\[524] = zero[12]
Removing Lhs of wire \PWM_1:PWMUDB:MODULE_2:g2:a0:a_17\[525] = zero[12]
Removing Lhs of wire \PWM_1:PWMUDB:MODULE_2:g2:a0:a_16\[526] = zero[12]
Removing Lhs of wire \PWM_1:PWMUDB:MODULE_2:g2:a0:a_15\[527] = zero[12]
Removing Lhs of wire \PWM_1:PWMUDB:MODULE_2:g2:a0:a_14\[528] = zero[12]
Removing Lhs of wire \PWM_1:PWMUDB:MODULE_2:g2:a0:a_13\[529] = zero[12]
Removing Lhs of wire \PWM_1:PWMUDB:MODULE_2:g2:a0:a_12\[530] = zero[12]
Removing Lhs of wire \PWM_1:PWMUDB:MODULE_2:g2:a0:a_11\[531] = zero[12]
Removing Lhs of wire \PWM_1:PWMUDB:MODULE_2:g2:a0:a_10\[532] = zero[12]
Removing Lhs of wire \PWM_1:PWMUDB:MODULE_2:g2:a0:a_9\[533] = zero[12]
Removing Lhs of wire \PWM_1:PWMUDB:MODULE_2:g2:a0:a_8\[534] = zero[12]
Removing Lhs of wire \PWM_1:PWMUDB:MODULE_2:g2:a0:a_7\[535] = zero[12]
Removing Lhs of wire \PWM_1:PWMUDB:MODULE_2:g2:a0:a_6\[536] = zero[12]
Removing Lhs of wire \PWM_1:PWMUDB:MODULE_2:g2:a0:a_5\[537] = zero[12]
Removing Lhs of wire \PWM_1:PWMUDB:MODULE_2:g2:a0:a_4\[538] = zero[12]
Removing Lhs of wire \PWM_1:PWMUDB:MODULE_2:g2:a0:a_3\[539] = zero[12]
Removing Lhs of wire \PWM_1:PWMUDB:MODULE_2:g2:a0:a_2\[540] = zero[12]
Removing Lhs of wire \PWM_1:PWMUDB:MODULE_2:g2:a0:a_1\[541] = \PWM_1:PWMUDB:MODIN2_1\[542]
Removing Lhs of wire \PWM_1:PWMUDB:MODIN2_1\[542] = \PWM_1:PWMUDB:dith_count_1\[396]
Removing Lhs of wire \PWM_1:PWMUDB:MODULE_2:g2:a0:a_0\[543] = \PWM_1:PWMUDB:MODIN2_0\[544]
Removing Lhs of wire \PWM_1:PWMUDB:MODIN2_0\[544] = \PWM_1:PWMUDB:dith_count_0\[398]
Removing Lhs of wire \PWM_1:PWMUDB:MODULE_2:g2:a0:g1:z1:s0:g1:u0:c_0\[676] = tmpOE__Pin_1_net_0[7]
Removing Lhs of wire \PWM_1:PWMUDB:MODULE_2:g2:a0:g1:z1:s0:g1:u0:b_0\[677] = tmpOE__Pin_1_net_0[7]
Removing Lhs of wire \PWM_2:PWMUDB:min_kill_reg\\D\[683] = tmpOE__Pin_1_net_0[7]
Removing Lhs of wire \PWM_2:PWMUDB:prevCapture\\D\[684] = zero[12]
Removing Lhs of wire \PWM_2:PWMUDB:trig_last\\D\[685] = zero[12]
Removing Lhs of wire \PWM_2:PWMUDB:ltch_kill_reg\\D\[688] = tmpOE__Pin_1_net_0[7]
Removing Lhs of wire \PWM_2:PWMUDB:prevCompare1\\D\[691] = \PWM_2:PWMUDB:cmp1\[83]
Removing Lhs of wire \PWM_2:PWMUDB:cmp1_status_reg\\D\[692] = \PWM_2:PWMUDB:cmp1_status\[84]
Removing Lhs of wire \PWM_2:PWMUDB:cmp2_status_reg\\D\[693] = zero[12]
Removing Lhs of wire \PWM_2:PWMUDB:pwm_i_reg\\D\[695] = \PWM_2:PWMUDB:pwm_i\[135]
Removing Lhs of wire \PWM_2:PWMUDB:pwm1_i_reg\\D\[696] = zero[12]
Removing Lhs of wire \PWM_2:PWMUDB:pwm2_i_reg\\D\[697] = zero[12]
Removing Lhs of wire \PWM_2:PWMUDB:tc_i_reg\\D\[698] = \PWM_2:PWMUDB:status_2\[78]
Removing Lhs of wire \PWM_1:PWMUDB:min_kill_reg\\D\[699] = tmpOE__Pin_1_net_0[7]
Removing Lhs of wire \PWM_1:PWMUDB:prevCapture\\D\[700] = zero[12]
Removing Lhs of wire \PWM_1:PWMUDB:trig_last\\D\[701] = zero[12]
Removing Lhs of wire \PWM_1:PWMUDB:ltch_kill_reg\\D\[704] = tmpOE__Pin_1_net_0[7]
Removing Lhs of wire \PWM_1:PWMUDB:prevCompare1\\D\[707] = \PWM_1:PWMUDB:cmp1\[416]
Removing Lhs of wire \PWM_1:PWMUDB:cmp1_status_reg\\D\[708] = \PWM_1:PWMUDB:cmp1_status\[417]
Removing Lhs of wire \PWM_1:PWMUDB:cmp2_status_reg\\D\[709] = zero[12]
Removing Lhs of wire \PWM_1:PWMUDB:pwm_i_reg\\D\[711] = \PWM_1:PWMUDB:pwm_i\[468]
Removing Lhs of wire \PWM_1:PWMUDB:pwm1_i_reg\\D\[712] = zero[12]
Removing Lhs of wire \PWM_1:PWMUDB:pwm2_i_reg\\D\[713] = zero[12]
Removing Lhs of wire \PWM_1:PWMUDB:tc_i_reg\\D\[714] = \PWM_1:PWMUDB:status_2\[411]

------------------------------------------------------
Aliased 0 equations, 163 wires.
------------------------------------------------------

----------------------------------------------------------
Circuit simplification
----------------------------------------------------------

Substituting virtuals - pass 1:

Note:  Expanding virtual equation for 'tmpOE__Pin_1_net_0' (cost = 0):
tmpOE__Pin_1_net_0 <=  ('1') ;

Note:  Expanding virtual equation for 'zero' (cost = 0):
zero <=  ('0') ;

Note:  Expanding virtual equation for '\PWM_2:PWMUDB:cmp1\' (cost = 0):
\PWM_2:PWMUDB:cmp1\ <= (\PWM_2:PWMUDB:cmp1_less\);

Note:  Expanding virtual equation for '\PWM_2:PWMUDB:MODULE_1:g2:a0:g1:z1:s0:g1:u0:c_1\' (cost = 0):
\PWM_2:PWMUDB:MODULE_1:g2:a0:g1:z1:s0:g1:u0:c_1\ <= (\PWM_2:PWMUDB:dith_count_0\);

Note:  Expanding virtual equation for '\PWM_2:PWMUDB:MODULE_1:g2:a0:s_0\' (cost = 0):
\PWM_2:PWMUDB:MODULE_1:g2:a0:s_0\ <= (not \PWM_2:PWMUDB:dith_count_0\);

Note:  Expanding virtual equation for '\PWM_2:PWMUDB:MODULE_1:g2:a0:g1:z1:s0:g1:u0:c_17\' (cost = 0):
\PWM_2:PWMUDB:MODULE_1:g2:a0:g1:z1:s0:g1:u0:c_17\ <=  ('0') ;

Note:  Expanding virtual equation for '\PWM_2:PWMUDB:MODULE_1:g2:a0:g1:z1:s0:g1:u0:c_9\' (cost = 0):
\PWM_2:PWMUDB:MODULE_1:g2:a0:g1:z1:s0:g1:u0:c_9\ <=  ('0') ;

Note:  Expanding virtual equation for '\PWM_2:PWMUDB:MODULE_1:g2:a0:g1:z1:s0:g1:u0:c_2\' (cost = 0):
\PWM_2:PWMUDB:MODULE_1:g2:a0:g1:z1:s0:g1:u0:c_2\ <= ((\PWM_2:PWMUDB:dith_count_1\ and \PWM_2:PWMUDB:dith_count_0\));

Note:  Expanding virtual equation for '\PWM_1:PWMUDB:cmp1\' (cost = 0):
\PWM_1:PWMUDB:cmp1\ <= (\PWM_1:PWMUDB:cmp1_less\);

Note:  Expanding virtual equation for '\PWM_1:PWMUDB:MODULE_2:g2:a0:g1:z1:s0:g1:u0:c_1\' (cost = 0):
\PWM_1:PWMUDB:MODULE_2:g2:a0:g1:z1:s0:g1:u0:c_1\ <= (\PWM_1:PWMUDB:dith_count_0\);

Note:  Expanding virtual equation for '\PWM_1:PWMUDB:MODULE_2:g2:a0:s_0\' (cost = 0):
\PWM_1:PWMUDB:MODULE_2:g2:a0:s_0\ <= (not \PWM_1:PWMUDB:dith_count_0\);

Note:  Expanding virtual equation for '\PWM_1:PWMUDB:MODULE_2:g2:a0:g1:z1:s0:g1:u0:c_17\' (cost = 0):
\PWM_1:PWMUDB:MODULE_2:g2:a0:g1:z1:s0:g1:u0:c_17\ <=  ('0') ;

Note:  Expanding virtual equation for '\PWM_1:PWMUDB:MODULE_2:g2:a0:g1:z1:s0:g1:u0:c_9\' (cost = 0):
\PWM_1:PWMUDB:MODULE_2:g2:a0:g1:z1:s0:g1:u0:c_9\ <=  ('0') ;

Note:  Expanding virtual equation for '\PWM_1:PWMUDB:MODULE_2:g2:a0:g1:z1:s0:g1:u0:c_2\' (cost = 0):
\PWM_1:PWMUDB:MODULE_2:g2:a0:g1:z1:s0:g1:u0:c_2\ <= ((\PWM_1:PWMUDB:dith_count_1\ and \PWM_1:PWMUDB:dith_count_0\));


Substituting virtuals - pass 2:

Note:  Expanding virtual equation for '\PWM_2:PWMUDB:MODULE_1:g2:a0:s_1\' (cost = 2):
\PWM_2:PWMUDB:MODULE_1:g2:a0:s_1\ <= ((not \PWM_2:PWMUDB:dith_count_0\ and \PWM_2:PWMUDB:dith_count_1\)
	OR (not \PWM_2:PWMUDB:dith_count_1\ and \PWM_2:PWMUDB:dith_count_0\));

Note:  Expanding virtual equation for '\PWM_2:PWMUDB:MODULE_1:g2:a0:g1:z1:s0:g1:u0:c_18\' (cost = 0):
\PWM_2:PWMUDB:MODULE_1:g2:a0:g1:z1:s0:g1:u0:c_18\ <=  ('0') ;

Note:  Expanding virtual equation for '\PWM_2:PWMUDB:MODULE_1:g2:a0:g1:z1:s0:g1:u0:c_10\' (cost = 0):
\PWM_2:PWMUDB:MODULE_1:g2:a0:g1:z1:s0:g1:u0:c_10\ <=  ('0') ;

Note:  Expanding virtual equation for '\PWM_2:PWMUDB:MODULE_1:g2:a0:g1:z1:s0:g1:u0:c_3\' (cost = 0):
\PWM_2:PWMUDB:MODULE_1:g2:a0:g1:z1:s0:g1:u0:c_3\ <=  ('0') ;

Note:  Expanding virtual equation for '\PWM_1:PWMUDB:MODULE_2:g2:a0:s_1\' (cost = 2):
\PWM_1:PWMUDB:MODULE_2:g2:a0:s_1\ <= ((not \PWM_1:PWMUDB:dith_count_0\ and \PWM_1:PWMUDB:dith_count_1\)
	OR (not \PWM_1:PWMUDB:dith_count_1\ and \PWM_1:PWMUDB:dith_count_0\));

Note:  Expanding virtual equation for '\PWM_1:PWMUDB:MODULE_2:g2:a0:g1:z1:s0:g1:u0:c_18\' (cost = 0):
\PWM_1:PWMUDB:MODULE_2:g2:a0:g1:z1:s0:g1:u0:c_18\ <=  ('0') ;

Note:  Expanding virtual equation for '\PWM_1:PWMUDB:MODULE_2:g2:a0:g1:z1:s0:g1:u0:c_10\' (cost = 0):
\PWM_1:PWMUDB:MODULE_2:g2:a0:g1:z1:s0:g1:u0:c_10\ <=  ('0') ;

Note:  Expanding virtual equation for '\PWM_1:PWMUDB:MODULE_2:g2:a0:g1:z1:s0:g1:u0:c_3\' (cost = 0):
\PWM_1:PWMUDB:MODULE_2:g2:a0:g1:z1:s0:g1:u0:c_3\ <=  ('0') ;


Substituting virtuals - pass 3:

Note:  Expanding virtual equation for '\PWM_2:PWMUDB:MODULE_1:g2:a0:g1:z1:s0:g1:u0:c_19\' (cost = 0):
\PWM_2:PWMUDB:MODULE_1:g2:a0:g1:z1:s0:g1:u0:c_19\ <=  ('0') ;

Note:  Expanding virtual equation for '\PWM_2:PWMUDB:MODULE_1:g2:a0:g1:z1:s0:g1:u0:c_11\' (cost = 0):
\PWM_2:PWMUDB:MODULE_1:g2:a0:g1:z1:s0:g1:u0:c_11\ <=  ('0') ;

Note:  Expanding virtual equation for '\PWM_2:PWMUDB:MODULE_1:g2:a0:g1:z1:s0:g1:u0:c_4\' (cost = 0):
\PWM_2:PWMUDB:MODULE_1:g2:a0:g1:z1:s0:g1:u0:c_4\ <=  ('0') ;

Note:  Expanding virtual equation for '\PWM_1:PWMUDB:MODULE_2:g2:a0:g1:z1:s0:g1:u0:c_19\' (cost = 0):
\PWM_1:PWMUDB:MODULE_2:g2:a0:g1:z1:s0:g1:u0:c_19\ <=  ('0') ;

Note:  Expanding virtual equation for '\PWM_1:PWMUDB:MODULE_2:g2:a0:g1:z1:s0:g1:u0:c_11\' (cost = 0):
\PWM_1:PWMUDB:MODULE_2:g2:a0:g1:z1:s0:g1:u0:c_11\ <=  ('0') ;

Note:  Expanding virtual equation for '\PWM_1:PWMUDB:MODULE_2:g2:a0:g1:z1:s0:g1:u0:c_4\' (cost = 0):
\PWM_1:PWMUDB:MODULE_2:g2:a0:g1:z1:s0:g1:u0:c_4\ <=  ('0') ;


Substituting virtuals - pass 4:

Note:  Expanding virtual equation for '\PWM_2:PWMUDB:MODULE_1:g2:a0:g1:z1:s0:g1:u0:c_20\' (cost = 0):
\PWM_2:PWMUDB:MODULE_1:g2:a0:g1:z1:s0:g1:u0:c_20\ <=  ('0') ;

Note:  Expanding virtual equation for '\PWM_2:PWMUDB:MODULE_1:g2:a0:g1:z1:s0:g1:u0:c_12\' (cost = 0):
\PWM_2:PWMUDB:MODULE_1:g2:a0:g1:z1:s0:g1:u0:c_12\ <=  ('0') ;

Note:  Expanding virtual equation for '\PWM_2:PWMUDB:MODULE_1:g2:a0:g1:z1:s0:g1:u0:c_5\' (cost = 0):
\PWM_2:PWMUDB:MODULE_1:g2:a0:g1:z1:s0:g1:u0:c_5\ <=  ('0') ;

Note:  Expanding virtual equation for '\PWM_1:PWMUDB:MODULE_2:g2:a0:g1:z1:s0:g1:u0:c_20\' (cost = 0):
\PWM_1:PWMUDB:MODULE_2:g2:a0:g1:z1:s0:g1:u0:c_20\ <=  ('0') ;

Note:  Expanding virtual equation for '\PWM_1:PWMUDB:MODULE_2:g2:a0:g1:z1:s0:g1:u0:c_12\' (cost = 0):
\PWM_1:PWMUDB:MODULE_2:g2:a0:g1:z1:s0:g1:u0:c_12\ <=  ('0') ;

Note:  Expanding virtual equation for '\PWM_1:PWMUDB:MODULE_2:g2:a0:g1:z1:s0:g1:u0:c_5\' (cost = 0):
\PWM_1:PWMUDB:MODULE_2:g2:a0:g1:z1:s0:g1:u0:c_5\ <=  ('0') ;


Substituting virtuals - pass 5:

Note:  Expanding virtual equation for '\PWM_2:PWMUDB:MODULE_1:g2:a0:g1:z1:s0:g1:u0:c_21\' (cost = 0):
\PWM_2:PWMUDB:MODULE_1:g2:a0:g1:z1:s0:g1:u0:c_21\ <=  ('0') ;

Note:  Expanding virtual equation for '\PWM_2:PWMUDB:MODULE_1:g2:a0:g1:z1:s0:g1:u0:c_13\' (cost = 0):
\PWM_2:PWMUDB:MODULE_1:g2:a0:g1:z1:s0:g1:u0:c_13\ <=  ('0') ;

Note:  Expanding virtual equation for '\PWM_2:PWMUDB:MODULE_1:g2:a0:g1:z1:s0:g1:u0:c_6\' (cost = 0):
\PWM_2:PWMUDB:MODULE_1:g2:a0:g1:z1:s0:g1:u0:c_6\ <=  ('0') ;

Note:  Expanding virtual equation for '\PWM_1:PWMUDB:MODULE_2:g2:a0:g1:z1:s0:g1:u0:c_21\' (cost = 0):
\PWM_1:PWMUDB:MODULE_2:g2:a0:g1:z1:s0:g1:u0:c_21\ <=  ('0') ;

Note:  Expanding virtual equation for '\PWM_1:PWMUDB:MODULE_2:g2:a0:g1:z1:s0:g1:u0:c_13\' (cost = 0):
\PWM_1:PWMUDB:MODULE_2:g2:a0:g1:z1:s0:g1:u0:c_13\ <=  ('0') ;

Note:  Expanding virtual equation for '\PWM_1:PWMUDB:MODULE_2:g2:a0:g1:z1:s0:g1:u0:c_6\' (cost = 0):
\PWM_1:PWMUDB:MODULE_2:g2:a0:g1:z1:s0:g1:u0:c_6\ <=  ('0') ;


Substituting virtuals - pass 6:

Note:  Expanding virtual equation for '\PWM_2:PWMUDB:MODULE_1:g2:a0:g1:z1:s0:g1:u0:c_22\' (cost = 0):
\PWM_2:PWMUDB:MODULE_1:g2:a0:g1:z1:s0:g1:u0:c_22\ <=  ('0') ;

Note:  Expanding virtual equation for '\PWM_2:PWMUDB:MODULE_1:g2:a0:g1:z1:s0:g1:u0:c_14\' (cost = 0):
\PWM_2:PWMUDB:MODULE_1:g2:a0:g1:z1:s0:g1:u0:c_14\ <=  ('0') ;

Note:  Expanding virtual equation for '\PWM_2:PWMUDB:MODULE_1:g2:a0:g1:z1:s0:g1:u0:c_7\' (cost = 0):
\PWM_2:PWMUDB:MODULE_1:g2:a0:g1:z1:s0:g1:u0:c_7\ <=  ('0') ;

Note:  Expanding virtual equation for '\PWM_1:PWMUDB:MODULE_2:g2:a0:g1:z1:s0:g1:u0:c_22\' (cost = 0):
\PWM_1:PWMUDB:MODULE_2:g2:a0:g1:z1:s0:g1:u0:c_22\ <=  ('0') ;

Note:  Expanding virtual equation for '\PWM_1:PWMUDB:MODULE_2:g2:a0:g1:z1:s0:g1:u0:c_14\' (cost = 0):
\PWM_1:PWMUDB:MODULE_2:g2:a0:g1:z1:s0:g1:u0:c_14\ <=  ('0') ;

Note:  Expanding virtual equation for '\PWM_1:PWMUDB:MODULE_2:g2:a0:g1:z1:s0:g1:u0:c_7\' (cost = 0):
\PWM_1:PWMUDB:MODULE_2:g2:a0:g1:z1:s0:g1:u0:c_7\ <=  ('0') ;


Substituting virtuals - pass 7:

Note:  Expanding virtual equation for '\PWM_2:PWMUDB:MODULE_1:g2:a0:g1:z1:s0:g1:u0:c_23\' (cost = 0):
\PWM_2:PWMUDB:MODULE_1:g2:a0:g1:z1:s0:g1:u0:c_23\ <=  ('0') ;

Note:  Expanding virtual equation for '\PWM_2:PWMUDB:MODULE_1:g2:a0:g1:z1:s0:g1:u0:c_15\' (cost = 0):
\PWM_2:PWMUDB:MODULE_1:g2:a0:g1:z1:s0:g1:u0:c_15\ <=  ('0') ;

Note:  Expanding virtual equation for '\PWM_1:PWMUDB:MODULE_2:g2:a0:g1:z1:s0:g1:u0:c_23\' (cost = 0):
\PWM_1:PWMUDB:MODULE_2:g2:a0:g1:z1:s0:g1:u0:c_23\ <=  ('0') ;

Note:  Expanding virtual equation for '\PWM_1:PWMUDB:MODULE_2:g2:a0:g1:z1:s0:g1:u0:c_15\' (cost = 0):
\PWM_1:PWMUDB:MODULE_2:g2:a0:g1:z1:s0:g1:u0:c_15\ <=  ('0') ;


Substituting virtuals - pass 8:


----------------------------------------------------------
Circuit simplification results:

	Expanded 50 signals.
	Turned 0 signals into soft nodes.
	Maximum default expansion cost was set at 3.
----------------------------------------------------------

------------------------------------------------------
Alias Detection
------------------------------------------------------
Aliasing \PWM_2:PWMUDB:final_capture\ to zero
Aliasing \PWM_2:PWMUDB:MODULE_1:g2:a0:g1:z1:s0:g1:u0:b_24\ to zero
Aliasing \PWM_2:PWMUDB:MODULE_1:g2:a0:g1:z1:s0:g1:u0:b_16\ to zero
Aliasing \PWM_2:PWMUDB:MODULE_1:g2:a0:g1:z1:s0:g1:u0:b_8\ to zero
Aliasing \PWM_1:PWMUDB:final_capture\ to zero
Aliasing \PWM_1:PWMUDB:MODULE_2:g2:a0:g1:z1:s0:g1:u0:b_24\ to zero
Aliasing \PWM_1:PWMUDB:MODULE_2:g2:a0:g1:z1:s0:g1:u0:b_16\ to zero
Aliasing \PWM_1:PWMUDB:MODULE_2:g2:a0:g1:z1:s0:g1:u0:b_8\ to zero
Aliasing \PWM_2:PWMUDB:final_kill_reg\\D\ to zero
Aliasing \PWM_1:PWMUDB:final_kill_reg\\D\ to zero
Removing Lhs of wire \PWM_2:PWMUDB:final_capture\[101] = zero[12]
Removing Lhs of wire \PWM_2:PWMUDB:MODULE_1:g2:a0:g1:z1:s0:g1:u0:b_24\[314] = zero[12]
Removing Lhs of wire \PWM_2:PWMUDB:MODULE_1:g2:a0:g1:z1:s0:g1:u0:b_16\[324] = zero[12]
Removing Lhs of wire \PWM_2:PWMUDB:MODULE_1:g2:a0:g1:z1:s0:g1:u0:b_8\[334] = zero[12]
Removing Lhs of wire \PWM_1:PWMUDB:final_capture\[434] = zero[12]
Removing Lhs of wire \PWM_1:PWMUDB:MODULE_2:g2:a0:g1:z1:s0:g1:u0:b_24\[647] = zero[12]
Removing Lhs of wire \PWM_1:PWMUDB:MODULE_2:g2:a0:g1:z1:s0:g1:u0:b_16\[657] = zero[12]
Removing Lhs of wire \PWM_1:PWMUDB:MODULE_2:g2:a0:g1:z1:s0:g1:u0:b_8\[667] = zero[12]
Removing Lhs of wire \PWM_2:PWMUDB:runmode_enable\\D\[686] = \PWM_2:PWMUDB:control_7\[23]
Removing Lhs of wire \PWM_2:PWMUDB:final_kill_reg\\D\[694] = zero[12]
Removing Lhs of wire \PWM_1:PWMUDB:runmode_enable\\D\[702] = \PWM_1:PWMUDB:control_7\[356]
Removing Lhs of wire \PWM_1:PWMUDB:final_kill_reg\\D\[710] = zero[12]

------------------------------------------------------
Aliased 0 equations, 12 wires.
------------------------------------------------------

----------------------------------------------------------
Circuit simplification
----------------------------------------------------------

Eliminating unused logic - pass 1:


Eliminating unused logic - pass 2:


Substituting virtuals - pass 1:


----------------------------------------------------------
Circuit simplification results:

	Expanded 0 signals.
	Turned 0 signals into soft nodes.
	Maximum default expansion cost was set at 3.
----------------------------------------------------------

topld:  No errors.

CYPRESS_DIR    : C:\Program Files (x86)\Cypress\PSoC Creator\4.4\PSoC Creator\warp
Warp Program   : C:\Program Files (x86)\Cypress\PSoC Creator\4.4\PSoC Creator\warp\bin\warp.exe
Warp Arguments : -yv2 -q10 -ygs -o2 -v3 -.fftcfgtype=LE -ya "-.fftprj=C:\Users\atill\OneDrive\Documenten\PSoC Creator\Homework\F.cydsn\F.cyprj" -dcpsoc3 F.v -verilog
</CYPRESSTAG>
Warp synthesis phase: Elapsed time ==> 1s.734ms
<CYPRESSTAG name="Fitter results...">
<CYPRESSTAG name="Fitter startup details...">
cyp3fit: V4.4.0.80, Family: PSoC3, Started at: Monday, 04 January 2021 21:05:03
Options: -yv2 -q10 -ygs -o2 -v3 -.fftcfgtype=LE -ya -.fftprj=C:\Users\atill\OneDrive\Documenten\PSoC Creator\Homework\F.cydsn\F.cyprj -d CY8C5888LTI-LP097 F.v -verilog
</CYPRESSTAG>
<CYPRESSTAG name="Design parsing">
Design parsing phase: Elapsed time ==> 0s.014ms
</CYPRESSTAG>
<CYPRESSTAG name="Tech Mapping">
<CYPRESSTAG name="Initial Mapping" icon="FILE_RPT_TECHM">
    Removed wire end \PWM_2:PWMUDB:MODULE_1:g2:a0:g1:z1:s0:g1:u0:c_24\ kept zero
    Removed wire end \PWM_2:PWMUDB:MODULE_1:g2:a0:g1:z1:s0:g1:u0:c_16\ kept zero
    Removed wire end \PWM_2:PWMUDB:MODULE_1:g2:a0:g1:z1:s0:g1:u0:c_8\ kept zero
    Removed wire end \PWM_1:PWMUDB:MODULE_2:g2:a0:g1:z1:s0:g1:u0:c_24\ kept zero
    Removed wire end \PWM_1:PWMUDB:MODULE_2:g2:a0:g1:z1:s0:g1:u0:c_16\ kept zero
    Removed wire end \PWM_1:PWMUDB:MODULE_2:g2:a0:g1:z1:s0:g1:u0:c_8\ kept zero
    Converted constant MacroCell: \PWM_2:PWMUDB:prevCapture\ from registered to combinatorial
    Converted constant MacroCell: \PWM_2:PWMUDB:trig_last\ from registered to combinatorial
    Converted constant MacroCell: \PWM_2:PWMUDB:status_1\ from registered to combinatorial
    Converted constant MacroCell: \PWM_2:PWMUDB:status_5\ from registered to combinatorial
    Converted constant MacroCell: \PWM_2:PWMUDB:pwm1_i_reg\ from registered to combinatorial
    Converted constant MacroCell: \PWM_2:PWMUDB:pwm2_i_reg\ from registered to combinatorial
    Converted constant MacroCell: \PWM_1:PWMUDB:prevCapture\ from registered to combinatorial
    Converted constant MacroCell: \PWM_1:PWMUDB:trig_last\ from registered to combinatorial
    Converted constant MacroCell: \PWM_1:PWMUDB:status_1\ from registered to combinatorial
    Converted constant MacroCell: \PWM_1:PWMUDB:status_5\ from registered to combinatorial
    Converted constant MacroCell: \PWM_1:PWMUDB:pwm1_i_reg\ from registered to combinatorial
    Converted constant MacroCell: \PWM_1:PWMUDB:pwm2_i_reg\ from registered to combinatorial
<CYPRESSTAG name="Global Clock Selection" icon="FILE_RPT_TECHM">
    Digital Clock 0: Automatic-assigning  clock 'Clock_1'. Fanout=2, Signal=Net_147
</CYPRESSTAG>

Removing unused cells resulting from optimization
Done removing unused cells.
<CYPRESSTAG name="UDB Clock/Enable Remapping Results">
    UDB Clk/Enable \PWM_2:PWMUDB:clock_enable_block\: with output requested to be synchronous
        ClockIn: Clock_1 was determined to be a global clock that is synchronous to BUS_CLK
        EnableIn: Constant 1 was determined to be synchronous to ClockIn
        ClockOut: Clock_1, EnableOut: Constant 1
    UDB Clk/Enable \PWM_1:PWMUDB:clock_enable_block\: with output requested to be synchronous
        ClockIn: Clock_1 was determined to be a global clock that is synchronous to BUS_CLK
        EnableIn: Constant 1 was determined to be synchronous to ClockIn
        ClockOut: Clock_1, EnableOut: Constant 1
</CYPRESSTAG>

Removing unused cells resulting from optimization
Done removing unused cells.
<CYPRESSTAG name="Duplicate Macrocell detection">
</CYPRESSTAG>
</CYPRESSTAG>
<CYPRESSTAG name="Duplicate Macrocell detection">

Removing unused cells resulting from optimization
Done removing unused cells.
</CYPRESSTAG>
<CYPRESSTAG name="Design Equations" icon="FILE_RPT_EQUATION">

------------------------------------------------------------
Design Equations
------------------------------------------------------------
    <CYPRESSTAG name="Pin listing">

    ------------------------------------------------------------
    Pin listing
    ------------------------------------------------------------

    Pin : Name = Pin_1(0)
        Attributes:
            In Group/Port: True
            In Sync Option: AUTO
            Out Sync Option: NOSYNC
            Interrupt generated: False
            Interrupt mode: NONE
            Drive mode: CMOS_OUT
            VTrip: EITHER
            Slew: FAST
            Input Sync needed: False
            Output Sync needed: False
            SC shield enabled: False
            POR State: ANY
            LCD Mode: COMMON
            Register Mode: RegComb
            CaSense Mode: NEITHER
            Treat as pin: True
            Is OE Registered: False
            Uses Analog: False
            Can contain Digital: True
            Is SIO: False
            SIO Output Buf: NONREGULATED
            SIO Input Buf: SINGLE_ENDED
            SIO HiFreq: LOW
            SIO Hyst: DISABLED
            SIO Vtrip: MULTIPLIER_0_5
            SIO Multiplier Index: 0
            SIO RefSel: VCC_IO
            Required Capabilities: DIGITAL, ROUTABLE
            Initial Value: 0
            IO Voltage: 0
        PORT MAP (
            pa_out => Pin_1(0)__PA ,
            pin_input => Net_224 ,
            annotation => Net_225 ,
            pad => Pin_1(0)_PAD );
        Properties:
        {
        }
    </CYPRESSTAG>
    <CYPRESSTAG name="Macrocell listing" icon="FILE_RPT_EQUATION">

    ------------------------------------------------------------
    Macrocell listing
    ------------------------------------------------------------

    MacroCell: Name=Net_224, Mode=(Combinatorial)
        Total # of inputs        : 2
        Total # of product terms : 2
            Clock Enable: True
        Main Equation            : 2 pterms
        (
              !Net_219 * Net_220
            + Net_219 * !Net_220
        );
        Output = Net_224 (fanout=1)

    MacroCell: Name=\PWM_2:PWMUDB:status_2\, Mode=(Combinatorial)
        Total # of inputs        : 2
        Total # of product terms : 1
            Clock Enable: True
        Main Equation            : 1 pterm
        (
              \PWM_2:PWMUDB:runmode_enable\ * \PWM_2:PWMUDB:tc_i\
        );
        Output = \PWM_2:PWMUDB:status_2\ (fanout=1)

    MacroCell: Name=\PWM_1:PWMUDB:status_2\, Mode=(Combinatorial)
        Total # of inputs        : 2
        Total # of product terms : 1
            Clock Enable: True
        Main Equation            : 1 pterm
        (
              \PWM_1:PWMUDB:runmode_enable\ * \PWM_1:PWMUDB:tc_i\
        );
        Output = \PWM_1:PWMUDB:status_2\ (fanout=1)

    MacroCell: Name=\PWM_2:PWMUDB:runmode_enable\, Mode=(D-Register)
        Total # of inputs        : 1
        Total # of product terms : 1
        List of special equations: 
            Clock  = (Net_147) => Global
            Clock Enable: True
        Main Equation            : 1 pterm
        (
              \PWM_2:PWMUDB:control_7\
        );
        Output = \PWM_2:PWMUDB:runmode_enable\ (fanout=3)

    MacroCell: Name=\PWM_2:PWMUDB:prevCompare1\, Mode=(D-Register)
        Total # of inputs        : 1
        Total # of product terms : 1
        List of special equations: 
            Clock  = (Net_147) => Global
            Clock Enable: True
        Main Equation            : 1 pterm
        (
              \PWM_2:PWMUDB:cmp1_less\
        );
        Output = \PWM_2:PWMUDB:prevCompare1\ (fanout=1)

    MacroCell: Name=\PWM_2:PWMUDB:status_0\, Mode=(D-Register)
        Total # of inputs        : 2
        Total # of product terms : 1
        List of special equations: 
            Clock  = (Net_147) => Global
            Clock Enable: True
        Main Equation            : 1 pterm
        (
              !\PWM_2:PWMUDB:prevCompare1\ * \PWM_2:PWMUDB:cmp1_less\
        );
        Output = \PWM_2:PWMUDB:status_0\ (fanout=1)

    MacroCell: Name=Net_220, Mode=(D-Register)
        Total # of inputs        : 2
        Total # of product terms : 1
        List of special equations: 
            Clock  = (Net_147) => Global
            Clock Enable: True
        Main Equation            : 1 pterm
        (
              \PWM_2:PWMUDB:runmode_enable\ * \PWM_2:PWMUDB:cmp1_less\
        );
        Output = Net_220 (fanout=1)

    MacroCell: Name=\PWM_1:PWMUDB:runmode_enable\, Mode=(D-Register)
        Total # of inputs        : 1
        Total # of product terms : 1
        List of special equations: 
            Clock  = (Net_147) => Global
            Clock Enable: True
        Main Equation            : 1 pterm
        (
              \PWM_1:PWMUDB:control_7\
        );
        Output = \PWM_1:PWMUDB:runmode_enable\ (fanout=3)

    MacroCell: Name=\PWM_1:PWMUDB:prevCompare1\, Mode=(D-Register)
        Total # of inputs        : 1
        Total # of product terms : 1
        List of special equations: 
            Clock  = (Net_147) => Global
            Clock Enable: True
        Main Equation            : 1 pterm
        (
              \PWM_1:PWMUDB:cmp1_less\
        );
        Output = \PWM_1:PWMUDB:prevCompare1\ (fanout=1)

    MacroCell: Name=\PWM_1:PWMUDB:status_0\, Mode=(D-Register)
        Total # of inputs        : 2
        Total # of product terms : 1
        List of special equations: 
            Clock  = (Net_147) => Global
            Clock Enable: True
        Main Equation            : 1 pterm
        (
              !\PWM_1:PWMUDB:prevCompare1\ * \PWM_1:PWMUDB:cmp1_less\
        );
        Output = \PWM_1:PWMUDB:status_0\ (fanout=1)

    MacroCell: Name=Net_219, Mode=(D-Register)
        Total # of inputs        : 2
        Total # of product terms : 1
        List of special equations: 
            Clock  = (Net_147) => Global
            Clock Enable: True
        Main Equation            : 1 pterm
        (
              \PWM_1:PWMUDB:runmode_enable\ * \PWM_1:PWMUDB:cmp1_less\
        );
        Output = Net_219 (fanout=1)
    </CYPRESSTAG>
    <CYPRESSTAG name="Datapath listing">

    ------------------------------------------------------------
    Datapath listing
    ------------------------------------------------------------

    datapathcell: Name =\PWM_2:PWMUDB:sP8:pwmdp:u0\
        PORT MAP (
            clock => Net_147 ,
            cs_addr_2 => \PWM_2:PWMUDB:tc_i\ ,
            cs_addr_1 => \PWM_2:PWMUDB:runmode_enable\ ,
            cl0_comb => \PWM_2:PWMUDB:cmp1_less\ ,
            z0_comb => \PWM_2:PWMUDB:tc_i\ ,
            f1_blk_stat_comb => \PWM_2:PWMUDB:status_3\ );
        Properties:
        {
            a0_init = "00000000"
            a1_init = "00000000"
            ce0_sync = 1
            ce1_sync = 1
            cl0_sync = 1
            cl1_sync = 1
            cmsb_sync = 1
            co_msb_sync = 1
            cy_dpconfig = "0000000001000000000000001100000001000000010000000000000011000000000000001100000000000000110000000000000011000000000000001100000011111111000000001111111111111111101000000000000000000100000000000000000000011000"
            d0_init = "00000000"
            d1_init = "00000000"
            f0_blk_sync = 1
            f0_bus_sync = 1
            f1_blk_sync = 1
            f1_bus_sync = 1
            ff0_sync = 1
            ff1_sync = 1
            ov_msb_sync = 1
            so_sync = 1
            z0_sync = 1
            z1_sync = 1
        }
        Clock Polarity: Active High
        Clock Enable: True

    datapathcell: Name =\PWM_1:PWMUDB:sP8:pwmdp:u0\
        PORT MAP (
            clock => Net_147 ,
            cs_addr_2 => \PWM_1:PWMUDB:tc_i\ ,
            cs_addr_1 => \PWM_1:PWMUDB:runmode_enable\ ,
            cl0_comb => \PWM_1:PWMUDB:cmp1_less\ ,
            z0_comb => \PWM_1:PWMUDB:tc_i\ ,
            f1_blk_stat_comb => \PWM_1:PWMUDB:status_3\ );
        Properties:
        {
            a0_init = "00000000"
            a1_init = "00000000"
            ce0_sync = 1
            ce1_sync = 1
            cl0_sync = 1
            cl1_sync = 1
            cmsb_sync = 1
            co_msb_sync = 1
            cy_dpconfig = "0000000001000000000000001100000001000000010000000000000011000000000000001100000000000000110000000000000011000000000000001100000011111111000000001111111111111111101000000000000000000100000000000000000000011000"
            d0_init = "00000000"
            d1_init = "00000000"
            f0_blk_sync = 1
            f0_bus_sync = 1
            f1_blk_sync = 1
            f1_bus_sync = 1
            ff0_sync = 1
            ff1_sync = 1
            ov_msb_sync = 1
            so_sync = 1
            z0_sync = 1
            z1_sync = 1
        }
        Clock Polarity: Active High
        Clock Enable: True
    </CYPRESSTAG>
    <CYPRESSTAG name="Status register listing">
    </CYPRESSTAG>
    <CYPRESSTAG name="StatusI register listing">

    ------------------------------------------------------------
    StatusI register listing
    ------------------------------------------------------------

    statusicell: Name =\PWM_2:PWMUDB:genblk8:stsreg\
        PORT MAP (
            clock => Net_147 ,
            status_3 => \PWM_2:PWMUDB:status_3\ ,
            status_2 => \PWM_2:PWMUDB:status_2\ ,
            status_0 => \PWM_2:PWMUDB:status_0\ );
        Properties:
        {
            cy_force_order = 1
            cy_int_mask = "1111111"
            cy_md_select = "0100111"
        }
        Clock Polarity: Active High
        Clock Enable: True

    statusicell: Name =\PWM_1:PWMUDB:genblk8:stsreg\
        PORT MAP (
            clock => Net_147 ,
            status_3 => \PWM_1:PWMUDB:status_3\ ,
            status_2 => \PWM_1:PWMUDB:status_2\ ,
            status_0 => \PWM_1:PWMUDB:status_0\ );
        Properties:
        {
            cy_force_order = 1
            cy_int_mask = "1111111"
            cy_md_select = "0100111"
        }
        Clock Polarity: Active High
        Clock Enable: True
    </CYPRESSTAG>
    <CYPRESSTAG name="Sync listing">
    </CYPRESSTAG>
    <CYPRESSTAG name="Control register listing">

    ------------------------------------------------------------
    Control register listing
    ------------------------------------------------------------

    controlcell: Name =\PWM_2:PWMUDB:genblk1:ctrlreg\
        PORT MAP (
            clock => Net_147 ,
            control_7 => \PWM_2:PWMUDB:control_7\ ,
            control_6 => \PWM_2:PWMUDB:control_6\ ,
            control_5 => \PWM_2:PWMUDB:control_5\ ,
            control_4 => \PWM_2:PWMUDB:control_4\ ,
            control_3 => \PWM_2:PWMUDB:control_3\ ,
            control_2 => \PWM_2:PWMUDB:control_2\ ,
            control_1 => \PWM_2:PWMUDB:control_1\ ,
            control_0 => \PWM_2:PWMUDB:control_0\ );
        Properties:
        {
            cy_ctrl_mode_0 = "11111111"
            cy_ctrl_mode_1 = "00000000"
            cy_ext_reset = 0
            cy_force_order = 1
            cy_init_value = "00000000"
        }
        Clock Polarity: Active High
        Clock Enable: True

    controlcell: Name =\PWM_1:PWMUDB:genblk1:ctrlreg\
        PORT MAP (
            clock => Net_147 ,
            control_7 => \PWM_1:PWMUDB:control_7\ ,
            control_6 => \PWM_1:PWMUDB:control_6\ ,
            control_5 => \PWM_1:PWMUDB:control_5\ ,
            control_4 => \PWM_1:PWMUDB:control_4\ ,
            control_3 => \PWM_1:PWMUDB:control_3\ ,
            control_2 => \PWM_1:PWMUDB:control_2\ ,
            control_1 => \PWM_1:PWMUDB:control_1\ ,
            control_0 => \PWM_1:PWMUDB:control_0\ );
        Properties:
        {
            cy_ctrl_mode_0 = "11111111"
            cy_ctrl_mode_1 = "00000000"
            cy_ext_reset = 0
            cy_force_order = 1
            cy_init_value = "00000000"
        }
        Clock Polarity: Active High
        Clock Enable: True
    </CYPRESSTAG>
    <CYPRESSTAG name="Count7 listing">
    </CYPRESSTAG>
    <CYPRESSTAG name="DRQ listing">
    </CYPRESSTAG>
    <CYPRESSTAG name="Interrupt listing">
    </CYPRESSTAG>
</CYPRESSTAG>
<CYPRESSTAG name="Technology mapping summary" expanded>

------------------------------------------------------------
Technology mapping summary
------------------------------------------------------------

Resource Type                 : Used : Free :  Max :  % Used
============================================================
Digital Clocks                :    1 :    7 :    8 : 12.50 %
Analog Clocks                 :    0 :    4 :    4 :  0.00 %
CapSense Buffers              :    0 :    2 :    2 :  0.00 %
Digital Filter Block          :    0 :    1 :    1 :  0.00 %
Interrupts                    :    0 :   32 :   32 :  0.00 %
IO                            :    4 :   44 :   48 :  8.33 %
Segment LCD                   :    0 :    1 :    1 :  0.00 %
CAN 2.0b                      :    0 :    1 :    1 :  0.00 %
I2C                           :    0 :    1 :    1 :  0.00 %
USB                           :    0 :    1 :    1 :  0.00 %
DMA Channels                  :    0 :   24 :   24 :  0.00 %
Timer                         :    0 :    4 :    4 :  0.00 %
UDB                           :      :      :      :        
  Macrocells                  :   11 :  181 :  192 :  5.73 %
  Unique P-terms              :   12 :  372 :  384 :  3.13 %
  Total P-terms               :   12 :      :      :        
  Datapath Cells              :    2 :   22 :   24 :  8.33 %
  Status Cells                :    2 :   22 :   24 :  8.33 %
    StatusI Registers         :    2 :      :      :        
  Control Cells               :    2 :   22 :   24 :  8.33 %
    Control Registers         :    2 :      :      :        
Opamp                         :    0 :    4 :    4 :  0.00 %
Comparator                    :    0 :    4 :    4 :  0.00 %
Delta-Sigma ADC               :    0 :    1 :    1 :  0.00 %
LPF                           :    0 :    2 :    2 :  0.00 %
SAR ADC                       :    0 :    2 :    2 :  0.00 %
Analog (SC/CT) Blocks         :    0 :    4 :    4 :  0.00 %
DAC                           :      :      :      :        
  VIDAC                       :    0 :    4 :    4 :  0.00 %
</CYPRESSTAG>
Technology Mapping: Elapsed time ==> 0s.092ms
Tech Mapping phase: Elapsed time ==> 0s.193ms
</CYPRESSTAG>
<CYPRESSTAG name="Analog Placement">
Initial Analog Placement Results:
IO_3@[IOP=(0)][IoId=(3)] : Pin_1(0) (fixed)
Analog Placement phase: Elapsed time ==> 0s.042ms
</CYPRESSTAG>
<CYPRESSTAG name="Analog Routing">
Analog Routing phase: Elapsed time ==> 0s.000ms
</CYPRESSTAG>
<CYPRESSTAG name="Analog Code Generation">
============ Analog Final Answer Routes ============
Dump of CyAnalogRoutingResultsDB
Map of net to items {
}
Map of item to net {
}
Mux Info {
}
Dump of CyP35AnalogRoutingResultsDB
IsVddaHalfUsedForComp = False
IsVddaHalfUsedForSar0 = False
IsVddaHalfUsedForSar1 = False
Analog Code Generation phase: Elapsed time ==> 0s.331ms
</CYPRESSTAG>
<CYPRESSTAG name="Digital Placement">
<CYPRESSTAG name="Detailed placement messages">
I2076: Total run-time: 1.0 sec.

</CYPRESSTAG>
<CYPRESSTAG name="PLD Packing">
<CYPRESSTAG name="PLD Packing Summary" expanded>

------------------------------------------------------------
PLD Packing Summary
------------------------------------------------------------
            Resource Type : Used : Free :  Max :  % Used
    ====================================================
                     PLDs :    3 :   45 :   48 :   6.25%

<CYPRESSTAG name="PLD Statistics">

        PLD Resource Type :     Average/LAB
    =======================================
                   Inputs :            5.00
                   Pterms :            4.00
               Macrocells :            3.67
</CYPRESSTAG>
<CYPRESSTAG name="Packed PLD Contents">
Packed PLD Contents not displayed at this verbose level.</CYPRESSTAG>
</CYPRESSTAG>
PLD Packing: Elapsed time ==> 0s.000ms
</CYPRESSTAG>
<CYPRESSTAG name="Partitioning">
<CYPRESSTAG name="Initial Partitioning Summary">
Initial Partitioning Summary not displayed at this verbose level.</CYPRESSTAG>
<CYPRESSTAG name="Final Partitioning Summary">
Final Partitioning Summary not displayed at this verbose level.</CYPRESSTAG>
Partitioning: Elapsed time ==> 0s.010ms
</CYPRESSTAG>
<CYPRESSTAG name="Final Placement Summary">

------------------------------------------------------------
Final Placement Summary
------------------------------------------------------------

       Resource Type :      Count : Avg Inputs : Avg Outputs
    ========================================================
                 UDB :          2 :       7.00 :       5.50
<CYPRESSTAG name="Final Placement Details">
<CYPRESSTAG name="Component Details">

------------------------------------------------------------
Component Placement Details
------------------------------------------------------------
UDB [UDB=(0,0)] is empty.
UDB [UDB=(0,1)] is empty.
UDB [UDB=(0,2)] is empty.
UDB [UDB=(0,3)] is empty.
UDB [UDB=(0,4)] is empty.
UDB [UDB=(0,5)] is empty.
UDB [UDB=(1,0)] is empty.
UDB [UDB=(1,1)] is empty.
UDB [UDB=(1,2)] is empty.
UDB [UDB=(1,3)] is empty.
UDB [UDB=(1,4)] is empty.
UDB [UDB=(1,5)] is empty.
UDB [UDB=(2,0)] is empty.
UDB [UDB=(2,1)] is empty.
UDB [UDB=(2,2)] is empty.
UDB [UDB=(2,3)] is empty.
UDB [UDB=(2,4)] contents:
LAB@[UDB=(2,4)][LB=0] #macrocells=4, #inputs=6, #pterms=5
{
    [McSlotId=0]:     MacroCell: Name=Net_224, Mode=(Combinatorial) @ [UDB=(2,4)][LB=0][MC=0]
        Total # of inputs        : 2
        Total # of product terms : 2
            Clock Enable: True
        Main Equation            : 2 pterms
        (
              !Net_219 * Net_220
            + Net_219 * !Net_220
        );
        Output = Net_224 (fanout=1)
        Properties               : 
        {
        }

    [McSlotId=1]:     MacroCell: Name=Net_219, Mode=(D-Register) @ [UDB=(2,4)][LB=0][MC=1]
        Total # of inputs        : 2
        Total # of product terms : 1
        List of special equations: 
            Clock  = (Net_147) => Global
            Clock Enable: True
        Main Equation            : 1 pterm
        (
              \PWM_1:PWMUDB:runmode_enable\ * \PWM_1:PWMUDB:cmp1_less\
        );
        Output = Net_219 (fanout=1)
        Properties               : 
        {
        }

    [McSlotId=2]:     MacroCell: Name=\PWM_1:PWMUDB:runmode_enable\, Mode=(D-Register) @ [UDB=(2,4)][LB=0][MC=2]
        Total # of inputs        : 1
        Total # of product terms : 1
        List of special equations: 
            Clock  = (Net_147) => Global
            Clock Enable: True
        Main Equation            : 1 pterm
        (
              \PWM_1:PWMUDB:control_7\
        );
        Output = \PWM_1:PWMUDB:runmode_enable\ (fanout=3)
        Properties               : 
        {
        }

    [McSlotId=3]:     MacroCell: Name=\PWM_1:PWMUDB:status_2\, Mode=(Combinatorial) @ [UDB=(2,4)][LB=0][MC=3]
        Total # of inputs        : 2
        Total # of product terms : 1
            Clock Enable: True
        Main Equation            : 1 pterm
        (
              \PWM_1:PWMUDB:runmode_enable\ * \PWM_1:PWMUDB:tc_i\
        );
        Output = \PWM_1:PWMUDB:status_2\ (fanout=1)
        Properties               : 
        {
        }
}

LAB@[UDB=(2,4)][LB=1] #macrocells=4, #inputs=6, #pterms=4
{
    [McSlotId=0]:     MacroCell: Name=Net_220, Mode=(D-Register) @ [UDB=(2,4)][LB=1][MC=0]
        Total # of inputs        : 2
        Total # of product terms : 1
        List of special equations: 
            Clock  = (Net_147) => Global
            Clock Enable: True
        Main Equation            : 1 pterm
        (
              \PWM_2:PWMUDB:runmode_enable\ * \PWM_2:PWMUDB:cmp1_less\
        );
        Output = Net_220 (fanout=1)
        Properties               : 
        {
        }

    [McSlotId=1]:     MacroCell: Name=\PWM_2:PWMUDB:runmode_enable\, Mode=(D-Register) @ [UDB=(2,4)][LB=1][MC=1]
        Total # of inputs        : 1
        Total # of product terms : 1
        List of special equations: 
            Clock  = (Net_147) => Global
            Clock Enable: True
        Main Equation            : 1 pterm
        (
              \PWM_2:PWMUDB:control_7\
        );
        Output = \PWM_2:PWMUDB:runmode_enable\ (fanout=3)
        Properties               : 
        {
        }

    [McSlotId=2]:     MacroCell: Name=\PWM_2:PWMUDB:status_2\, Mode=(Combinatorial) @ [UDB=(2,4)][LB=1][MC=2]
        Total # of inputs        : 2
        Total # of product terms : 1
            Clock Enable: True
        Main Equation            : 1 pterm
        (
              \PWM_2:PWMUDB:runmode_enable\ * \PWM_2:PWMUDB:tc_i\
        );
        Output = \PWM_2:PWMUDB:status_2\ (fanout=1)
        Properties               : 
        {
        }

    [McSlotId=3]:     MacroCell: Name=\PWM_1:PWMUDB:status_0\, Mode=(D-Register) @ [UDB=(2,4)][LB=1][MC=3]
        Total # of inputs        : 2
        Total # of product terms : 1
        List of special equations: 
            Clock  = (Net_147) => Global
            Clock Enable: True
        Main Equation            : 1 pterm
        (
              !\PWM_1:PWMUDB:prevCompare1\ * \PWM_1:PWMUDB:cmp1_less\
        );
        Output = \PWM_1:PWMUDB:status_0\ (fanout=1)
        Properties               : 
        {
        }
}

datapathcell: Name =\PWM_1:PWMUDB:sP8:pwmdp:u0\
    PORT MAP (
        clock => Net_147 ,
        cs_addr_2 => \PWM_1:PWMUDB:tc_i\ ,
        cs_addr_1 => \PWM_1:PWMUDB:runmode_enable\ ,
        cl0_comb => \PWM_1:PWMUDB:cmp1_less\ ,
        z0_comb => \PWM_1:PWMUDB:tc_i\ ,
        f1_blk_stat_comb => \PWM_1:PWMUDB:status_3\ );
    Properties:
    {
        a0_init = "00000000"
        a1_init = "00000000"
        ce0_sync = 1
        ce1_sync = 1
        cl0_sync = 1
        cl1_sync = 1
        cmsb_sync = 1
        co_msb_sync = 1
        cy_dpconfig = "0000000001000000000000001100000001000000010000000000000011000000000000001100000000000000110000000000000011000000000000001100000011111111000000001111111111111111101000000000000000000100000000000000000000011000"
        d0_init = "00000000"
        d1_init = "00000000"
        f0_blk_sync = 1
        f0_bus_sync = 1
        f1_blk_sync = 1
        f1_bus_sync = 1
        ff0_sync = 1
        ff1_sync = 1
        ov_msb_sync = 1
        so_sync = 1
        z0_sync = 1
        z1_sync = 1
    }
    Clock Polarity: Active High
    Clock Enable: True

statusicell: Name =\PWM_1:PWMUDB:genblk8:stsreg\
    PORT MAP (
        clock => Net_147 ,
        status_3 => \PWM_1:PWMUDB:status_3\ ,
        status_2 => \PWM_1:PWMUDB:status_2\ ,
        status_0 => \PWM_1:PWMUDB:status_0\ );
    Properties:
    {
        cy_force_order = 1
        cy_int_mask = "1111111"
        cy_md_select = "0100111"
    }
    Clock Polarity: Active High
    Clock Enable: True

controlcell: Name =\PWM_1:PWMUDB:genblk1:ctrlreg\
    PORT MAP (
        clock => Net_147 ,
        control_7 => \PWM_1:PWMUDB:control_7\ ,
        control_6 => \PWM_1:PWMUDB:control_6\ ,
        control_5 => \PWM_1:PWMUDB:control_5\ ,
        control_4 => \PWM_1:PWMUDB:control_4\ ,
        control_3 => \PWM_1:PWMUDB:control_3\ ,
        control_2 => \PWM_1:PWMUDB:control_2\ ,
        control_1 => \PWM_1:PWMUDB:control_1\ ,
        control_0 => \PWM_1:PWMUDB:control_0\ );
    Properties:
    {
        cy_ctrl_mode_0 = "11111111"
        cy_ctrl_mode_1 = "00000000"
        cy_ext_reset = 0
        cy_force_order = 1
        cy_init_value = "00000000"
    }
    Clock Polarity: Active High
    Clock Enable: True

UDB [UDB=(2,5)] is empty.
UDB [UDB=(3,0)] is empty.
UDB [UDB=(3,1)] is empty.
UDB [UDB=(3,2)] is empty.
UDB [UDB=(3,3)] is empty.
UDB [UDB=(3,4)] contents:
LAB@[UDB=(3,4)][LB=0] #macrocells=3, #inputs=3, #pterms=3
{
    [McSlotId=0]:     MacroCell: Name=\PWM_1:PWMUDB:prevCompare1\, Mode=(D-Register) @ [UDB=(3,4)][LB=0][MC=0]
        Total # of inputs        : 1
        Total # of product terms : 1
        List of special equations: 
            Clock  = (Net_147) => Global
            Clock Enable: True
        Main Equation            : 1 pterm
        (
              \PWM_1:PWMUDB:cmp1_less\
        );
        Output = \PWM_1:PWMUDB:prevCompare1\ (fanout=1)
        Properties               : 
        {
        }

    [McSlotId=1]:     MacroCell: Name=\PWM_2:PWMUDB:status_0\, Mode=(D-Register) @ [UDB=(3,4)][LB=0][MC=1]
        Total # of inputs        : 2
        Total # of product terms : 1
        List of special equations: 
            Clock  = (Net_147) => Global
            Clock Enable: True
        Main Equation            : 1 pterm
        (
              !\PWM_2:PWMUDB:prevCompare1\ * \PWM_2:PWMUDB:cmp1_less\
        );
        Output = \PWM_2:PWMUDB:status_0\ (fanout=1)
        Properties               : 
        {
        }

    [McSlotId=2]:     MacroCell: Name=\PWM_2:PWMUDB:prevCompare1\, Mode=(D-Register) @ [UDB=(3,4)][LB=0][MC=2]
        Total # of inputs        : 1
        Total # of product terms : 1
        List of special equations: 
            Clock  = (Net_147) => Global
            Clock Enable: True
        Main Equation            : 1 pterm
        (
              \PWM_2:PWMUDB:cmp1_less\
        );
        Output = \PWM_2:PWMUDB:prevCompare1\ (fanout=1)
        Properties               : 
        {
        }

    [McSlotId=3]: (empty)
}

datapathcell: Name =\PWM_2:PWMUDB:sP8:pwmdp:u0\
    PORT MAP (
        clock => Net_147 ,
        cs_addr_2 => \PWM_2:PWMUDB:tc_i\ ,
        cs_addr_1 => \PWM_2:PWMUDB:runmode_enable\ ,
        cl0_comb => \PWM_2:PWMUDB:cmp1_less\ ,
        z0_comb => \PWM_2:PWMUDB:tc_i\ ,
        f1_blk_stat_comb => \PWM_2:PWMUDB:status_3\ );
    Properties:
    {
        a0_init = "00000000"
        a1_init = "00000000"
        ce0_sync = 1
        ce1_sync = 1
        cl0_sync = 1
        cl1_sync = 1
        cmsb_sync = 1
        co_msb_sync = 1
        cy_dpconfig = "0000000001000000000000001100000001000000010000000000000011000000000000001100000000000000110000000000000011000000000000001100000011111111000000001111111111111111101000000000000000000100000000000000000000011000"
        d0_init = "00000000"
        d1_init = "00000000"
        f0_blk_sync = 1
        f0_bus_sync = 1
        f1_blk_sync = 1
        f1_bus_sync = 1
        ff0_sync = 1
        ff1_sync = 1
        ov_msb_sync = 1
        so_sync = 1
        z0_sync = 1
        z1_sync = 1
    }
    Clock Polarity: Active High
    Clock Enable: True

statusicell: Name =\PWM_2:PWMUDB:genblk8:stsreg\
    PORT MAP (
        clock => Net_147 ,
        status_3 => \PWM_2:PWMUDB:status_3\ ,
        status_2 => \PWM_2:PWMUDB:status_2\ ,
        status_0 => \PWM_2:PWMUDB:status_0\ );
    Properties:
    {
        cy_force_order = 1
        cy_int_mask = "1111111"
        cy_md_select = "0100111"
    }
    Clock Polarity: Active High
    Clock Enable: True

controlcell: Name =\PWM_2:PWMUDB:genblk1:ctrlreg\
    PORT MAP (
        clock => Net_147 ,
        control_7 => \PWM_2:PWMUDB:control_7\ ,
        control_6 => \PWM_2:PWMUDB:control_6\ ,
        control_5 => \PWM_2:PWMUDB:control_5\ ,
        control_4 => \PWM_2:PWMUDB:control_4\ ,
        control_3 => \PWM_2:PWMUDB:control_3\ ,
        control_2 => \PWM_2:PWMUDB:control_2\ ,
        control_1 => \PWM_2:PWMUDB:control_1\ ,
        control_0 => \PWM_2:PWMUDB:control_0\ );
    Properties:
    {
        cy_ctrl_mode_0 = "11111111"
        cy_ctrl_mode_1 = "00000000"
        cy_ext_reset = 0
        cy_force_order = 1
        cy_init_value = "00000000"
    }
    Clock Polarity: Active High
    Clock Enable: True

UDB [UDB=(3,5)] is empty.
Intr container @ [IntrContainer=(0)]: empty
Drq container @ [DrqContainer=(0)]: empty
Port 0 contains the following IO cells:
[IoId=3]: 
Pin : Name = Pin_1(0)
    Attributes:
        In Group/Port: True
        In Sync Option: AUTO
        Out Sync Option: NOSYNC
        Interrupt generated: False
        Interrupt mode: NONE
        Drive mode: CMOS_OUT
        VTrip: EITHER
        Slew: FAST
        Input Sync needed: False
        Output Sync needed: False
        SC shield enabled: False
        POR State: ANY
        LCD Mode: COMMON
        Register Mode: RegComb
        CaSense Mode: NEITHER
        Treat as pin: True
        Is OE Registered: False
        Uses Analog: False
        Can contain Digital: True
        Is SIO: False
        SIO Output Buf: NONREGULATED
        SIO Input Buf: SINGLE_ENDED
        SIO HiFreq: LOW
        SIO Hyst: DISABLED
        SIO Vtrip: MULTIPLIER_0_5
        SIO Multiplier Index: 0
        SIO RefSel: VCC_IO
        Required Capabilities: DIGITAL, ROUTABLE
        Initial Value: 0
        IO Voltage: 0
    PORT MAP (
        pa_out => Pin_1(0)__PA ,
        pin_input => Net_224 ,
        annotation => Net_225 ,
        pad => Pin_1(0)_PAD );
    Properties:
    {
    }

Port 1 contains the following IO cells:
Port 2 contains the following IO cells:
Port 3 contains the following IO cells:
Port 12 contains the following IO cells:
Port 15 contains the following IO cells:
ARM group 0: empty
CAN group 0: empty
Cache group 0: empty
CapSense group 0: empty
Clock group 0: 
    Clock Block @ F(Clock,0): 
    clockblockcell: Name =ClockBlock
        PORT MAP (
            imo => ClockBlock_IMO ,
            pllout => ClockBlock_PLL_OUT ,
            ilo => ClockBlock_ILO ,
            clk_100k => ClockBlock_100k ,
            clk_1k => ClockBlock_1k ,
            clk_32k => ClockBlock_32k ,
            xtal => ClockBlock_XTAL ,
            clk_32k_xtal => ClockBlock_XTAL_32KHZ ,
            clk_sync => ClockBlock_MASTER_CLK ,
            clk_bus_glb => ClockBlock_BUS_CLK ,
            clk_bus => ClockBlock_BUS_CLK_local ,
            dclk_glb_0 => Net_147 ,
            dclk_0 => Net_147_local );
        Properties:
        {
        }
Comparator group 0: empty
DFB group 0: empty
DSM group 0: empty
Decimator group 0: empty
EMIF group 0: empty
I2C group 0: empty
LCD group 0: empty
LVD group 0: empty
PICU group 0: empty
PM group 0: empty
SC group 0: empty
SPC group 0: empty
Timer group 0: empty
USB group 0: empty
VIDAC group 0: empty
OpAmp group 0: empty
CsAbuf group 0: empty
Vref group 0: empty
LPF group 0: empty
SAR group 0: empty
ANAIF group 0: empty
PHUB group 0: empty
</CYPRESSTAG>
<CYPRESSTAG name="Port Configuration Details">

------------------------------------------------------------
Port Configuration report
------------------------------------------------------------
     |     |       | Interrupt |                  |          | 
Port | Pin | Fixed |      Type |       Drive Mode |     Name | Connections
-----+-----+-------+-----------+------------------+----------+------------
   0 |   3 |     * |      NONE |         CMOS_OUT | Pin_1(0) | In(Net_224)
--------------------------------------------------------------------------
</CYPRESSTAG>
</CYPRESSTAG>
</CYPRESSTAG>
Digital component placer commit/Report: Elapsed time ==> 0s.020ms
Digital Placement phase: Elapsed time ==> 1s.697ms
</CYPRESSTAG>
<CYPRESSTAG name="Digital Routing">
"C:\Program Files (x86)\Cypress\PSoC Creator\4.4\PSoC Creator\bin/sjrouter.exe" --xml-path "C:\Program Files (x86)\Cypress\PSoC Creator\4.4\PSoC Creator\dev\psoc5/psoc5lp/route_arch-rrg.cydata" --vh2-path "F_r.vh2" --pcf-path "F.pco" --des-name "F" --dsf-path "F.dsf" --sdc-path "F.sdc" --lib-path "F_r.lib"
Routing successful.
Digital Routing phase: Elapsed time ==> 2s.250ms
</CYPRESSTAG>
<CYPRESSTAG name="Bitstream Generation">
Bitstream Generation phase: Elapsed time ==> 0s.382ms
</CYPRESSTAG>
<CYPRESSTAG name="Bitstream Verification">
Bitstream Verification phase: Elapsed time ==> 0s.077ms
</CYPRESSTAG>
<CYPRESSTAG name="Static timing analysis">
Timing report is in F_timing.html.
Static timing analysis phase: Elapsed time ==> 0s.774ms
</CYPRESSTAG>
<CYPRESSTAG name="Data reporting">
Data reporting phase: Elapsed time ==> 0s.000ms
</CYPRESSTAG>
<CYPRESSTAG name="Database update...">
Design database save phase: Elapsed time ==> 0s.276ms
</CYPRESSTAG>
cydsfit: Elapsed time ==> 6s.122ms
</CYPRESSTAG>
Fitter phase: Elapsed time ==> 6s.123ms
API generation phase: Elapsed time ==> 1s.967ms
Dependency generation phase: Elapsed time ==> 0s.056ms
Cleanup phase: Elapsed time ==> 0s.012ms
