ARM GAS  C:\Users\atill\AppData\Local\Temp\ccnFTBak.s 			page 1


   1              		.syntax unified
   2              		.cpu cortex-m3
   3              		.fpu softvfp
   4              		.eabi_attribute 20, 1
   5              		.eabi_attribute 21, 1
   6              		.eabi_attribute 23, 3
   7              		.eabi_attribute 24, 1
   8              		.eabi_attribute 25, 1
   9              		.eabi_attribute 26, 1
  10              		.eabi_attribute 30, 1
  11              		.eabi_attribute 34, 1
  12              		.eabi_attribute 18, 4
  13              		.thumb
  14              		.syntax unified
  15              		.file	"cymetadata.c"
  16              		.text
  17              	.Ltext0:
  18              		.cfi_sections	.debug_frame
  19              		.global	cy_metadata
  20              		.global	cy_meta_flashprotect
  21              		.global	cy_meta_wonvl
  22              		.global	cy_meta_custnvl
  23              		.global	cy_meta_configecc
  24              		.section	.cyconfigecc,"a",%progbits
  25              		.align	2
  26              		.type	cy_meta_configecc, %object
  27              		.size	cy_meta_configecc, 1444
  28              	cy_meta_configecc:
  29 0000 06       		.byte	6
  30 0001 52       		.byte	82
  31 0002 00       		.byte	0
  32 0003 40       		.byte	64
  33 0004 02       		.byte	2
  34 0005 64       		.byte	100
  35 0006 00       		.byte	0
  36 0007 40       		.byte	64
  37 0008 02       		.byte	2
  38 0009 65       		.byte	101
  39 000a 00       		.byte	0
  40 000b 40       		.byte	64
  41 000c 01       		.byte	1
  42 000d 07       		.byte	7
  43 000e 01       		.byte	1
  44 000f 40       		.byte	64
  45 0010 51       		.byte	81
  46 0011 08       		.byte	8
  47 0012 01       		.byte	1
  48 0013 40       		.byte	64
  49 0014 3D       		.byte	61
  50 0015 09       		.byte	9
  51 0016 01       		.byte	1
  52 0017 40       		.byte	64
  53 0018 0F       		.byte	15
  54 0019 0B       		.byte	11
  55 001a 01       		.byte	1
  56 001b 40       		.byte	64
  57 001c 48       		.byte	72
ARM GAS  C:\Users\atill\AppData\Local\Temp\ccnFTBak.s 			page 2


  58 001d 0C       		.byte	12
  59 001e 01       		.byte	1
  60 001f 40       		.byte	64
  61 0020 35       		.byte	53
  62 0021 0D       		.byte	13
  63 0022 01       		.byte	1
  64 0023 40       		.byte	64
  65 0024 02       		.byte	2
  66 0025 15       		.byte	21
  67 0026 01       		.byte	1
  68 0027 40       		.byte	64
  69 0028 01       		.byte	1
  70 0029 17       		.byte	23
  71 002a 01       		.byte	1
  72 002b 40       		.byte	64
  73 002c 44       		.byte	68
  74 002d 18       		.byte	24
  75 002e 01       		.byte	1
  76 002f 40       		.byte	64
  77 0030 49       		.byte	73
  78 0031 19       		.byte	25
  79 0032 01       		.byte	1
  80 0033 40       		.byte	64
  81 0034 4A       		.byte	74
  82 0035 1A       		.byte	26
  83 0036 01       		.byte	1
  84 0037 40       		.byte	64
  85 0038 47       		.byte	71
  86 0039 1B       		.byte	27
  87 003a 01       		.byte	1
  88 003b 40       		.byte	64
  89 003c 02       		.byte	2
  90 003d 40       		.byte	64
  91 003e 01       		.byte	1
  92 003f 40       		.byte	64
  93 0040 08       		.byte	8
  94 0041 41       		.byte	65
  95 0042 01       		.byte	1
  96 0043 40       		.byte	64
  97 0044 04       		.byte	4
  98 0045 42       		.byte	66
  99 0046 01       		.byte	1
 100 0047 40       		.byte	64
 101 0048 06       		.byte	6
 102 0049 43       		.byte	67
 103 004a 01       		.byte	1
 104 004b 40       		.byte	64
 105 004c 0B       		.byte	11
 106 004d 45       		.byte	69
 107 004e 01       		.byte	1
 108 004f 40       		.byte	64
 109 0050 03       		.byte	3
 110 0051 46       		.byte	70
 111 0052 01       		.byte	1
 112 0053 40       		.byte	64
 113 0054 02       		.byte	2
 114 0055 47       		.byte	71
ARM GAS  C:\Users\atill\AppData\Local\Temp\ccnFTBak.s 			page 3


 115 0056 01       		.byte	1
 116 0057 40       		.byte	64
 117 0058 08       		.byte	8
 118 0059 48       		.byte	72
 119 005a 01       		.byte	1
 120 005b 40       		.byte	64
 121 005c 03       		.byte	3
 122 005d 49       		.byte	73
 123 005e 01       		.byte	1
 124 005f 40       		.byte	64
 125 0060 02       		.byte	2
 126 0061 4C       		.byte	76
 127 0062 01       		.byte	1
 128 0063 40       		.byte	64
 129 0064 08       		.byte	8
 130 0065 4D       		.byte	77
 131 0066 01       		.byte	1
 132 0067 40       		.byte	64
 133 0068 05       		.byte	5
 134 0069 50       		.byte	80
 135 006a 01       		.byte	1
 136 006b 40       		.byte	64
 137 006c 01       		.byte	1
 138 006d 51       		.byte	81
 139 006e 01       		.byte	1
 140 006f 40       		.byte	64
 141 0070 00       		.byte	0
 142 0071 1A       		.byte	26
 143 0072 01       		.byte	1
 144 0073 06       		.byte	6
 145 0074 10       		.byte	16
 146 0075 60       		.byte	96
 147 0076 11       		.byte	17
 148 0077 30       		.byte	48
 149 0078 61       		.byte	97
 150 0079 80       		.byte	-128
 151 007a 64       		.byte	100
 152 007b 40       		.byte	64
 153 007c 89       		.byte	-119
 154 007d 0D       		.byte	13
 155 007e 8C       		.byte	-116
 156 007f 38       		.byte	56
 157 0080 89       		.byte	-119
 158 0081 0F       		.byte	15
 159 0082 8B       		.byte	-117
 160 0083 72       		.byte	114
 161 0084 E2       		.byte	-30
 162 0085 02       		.byte	2
 163 0086 01       		.byte	1
 164 0087 06       		.byte	6
 165 0088 02       		.byte	2
 166 0089 08       		.byte	8
 167 008a 03       		.byte	3
 168 008b 01       		.byte	1
 169 008c 04       		.byte	4
 170 008d 01       		.byte	1
 171 008e 06       		.byte	6
ARM GAS  C:\Users\atill\AppData\Local\Temp\ccnFTBak.s 			page 4


 172 008f 0E       		.byte	14
 173 0090 07       		.byte	7
 174 0091 06       		.byte	6
 175 0092 0A       		.byte	10
 176 0093 0C       		.byte	12
 177 0094 0B       		.byte	11
 178 0095 05       		.byte	5
 179 0096 0D       		.byte	13
 180 0097 20       		.byte	32
 181 0098 0E       		.byte	14
 182 0099 10       		.byte	16
 183 009a 13       		.byte	19
 184 009b 10       		.byte	16
 185 009c 14       		.byte	20
 186 009d 01       		.byte	1
 187 009e 16       		.byte	22
 188 009f 06       		.byte	6
 189 00a0 17       		.byte	23
 190 00a1 03       		.byte	3
 191 00a2 1A       		.byte	26
 192 00a3 03       		.byte	3
 193 00a4 1B       		.byte	27
 194 00a5 01       		.byte	1
 195 00a6 1C       		.byte	28
 196 00a7 0C       		.byte	12
 197 00a8 1E       		.byte	30
 198 00a9 03       		.byte	3
 199 00aa 1F       		.byte	31
 200 00ab 08       		.byte	8
 201 00ac 23       		.byte	35
 202 00ad 02       		.byte	2
 203 00ae 25       		.byte	37
 204 00af 20       		.byte	32
 205 00b0 29       		.byte	41
 206 00b1 20       		.byte	32
 207 00b2 2A       		.byte	42
 208 00b3 10       		.byte	16
 209 00b4 2F       		.byte	47
 210 00b5 10       		.byte	16
 211 00b6 31       		.byte	49
 212 00b7 18       		.byte	24
 213 00b8 33       		.byte	51
 214 00b9 07       		.byte	7
 215 00ba 34       		.byte	52
 216 00bb 10       		.byte	16
 217 00bc 36       		.byte	54
 218 00bd 0F       		.byte	15
 219 00be 37       		.byte	55
 220 00bf 20       		.byte	32
 221 00c0 3A       		.byte	58
 222 00c1 80       		.byte	-128
 223 00c2 3B       		.byte	59
 224 00c3 08       		.byte	8
 225 00c4 3E       		.byte	62
 226 00c5 10       		.byte	16
 227 00c6 3F       		.byte	63
 228 00c7 01       		.byte	1
ARM GAS  C:\Users\atill\AppData\Local\Temp\ccnFTBak.s 			page 5


 229 00c8 40       		.byte	64
 230 00c9 34       		.byte	52
 231 00ca 41       		.byte	65
 232 00cb 06       		.byte	6
 233 00cc 42       		.byte	66
 234 00cd 02       		.byte	2
 235 00ce 44       		.byte	68
 236 00cf 01       		.byte	1
 237 00d0 47       		.byte	71
 238 00d1 CE       		.byte	-50
 239 00d2 48       		.byte	72
 240 00d3 30       		.byte	48
 241 00d4 49       		.byte	73
 242 00d5 FF       		.byte	-1
 243 00d6 4A       		.byte	74
 244 00d7 FF       		.byte	-1
 245 00d8 4B       		.byte	75
 246 00d9 FF       		.byte	-1
 247 00da 4C       		.byte	76
 248 00db 62       		.byte	98
 249 00dc 4D       		.byte	77
 250 00dd A0       		.byte	-96
 251 00de 4E       		.byte	78
 252 00df F0       		.byte	-16
 253 00e0 4F       		.byte	79
 254 00e1 41       		.byte	65
 255 00e2 50       		.byte	80
 256 00e3 0C       		.byte	12
 257 00e4 58       		.byte	88
 258 00e5 04       		.byte	4
 259 00e6 59       		.byte	89
 260 00e7 04       		.byte	4
 261 00e8 5A       		.byte	90
 262 00e9 04       		.byte	4
 263 00ea 5F       		.byte	95
 264 00eb 01       		.byte	1
 265 00ec 66       		.byte	102
 266 00ed 40       		.byte	64
 267 00ee 67       		.byte	103
 268 00ef 02       		.byte	2
 269 00f0 69       		.byte	105
 270 00f1 10       		.byte	16
 271 00f2 6A       		.byte	106
 272 00f3 30       		.byte	48
 273 00f4 6B       		.byte	107
 274 00f5 10       		.byte	16
 275 00f6 6D       		.byte	109
 276 00f7 10       		.byte	16
 277 00f8 6E       		.byte	110
 278 00f9 10       		.byte	16
 279 00fa 6F       		.byte	111
 280 00fb 12       		.byte	18
 281 00fc 85       		.byte	-123
 282 00fd 03       		.byte	3
 283 00fe 87       		.byte	-121
 284 00ff 0C       		.byte	12
 285 0100 8B       		.byte	-117
ARM GAS  C:\Users\atill\AppData\Local\Temp\ccnFTBak.s 			page 6


 286 0101 08       		.byte	8
 287 0102 8D       		.byte	-115
 288 0103 0A       		.byte	10
 289 0104 8F       		.byte	-113
 290 0105 04       		.byte	4
 291 0106 95       		.byte	-107
 292 0107 03       		.byte	3
 293 0108 96       		.byte	-106
 294 0109 01       		.byte	1
 295 010a 97       		.byte	-105
 296 010b 04       		.byte	4
 297 010c 9B       		.byte	-101
 298 010d 05       		.byte	5
 299 010e A6       		.byte	-90
 300 010f 01       		.byte	1
 301 0110 A9       		.byte	-87
 302 0111 03       		.byte	3
 303 0112 AB       		.byte	-85
 304 0113 04       		.byte	4
 305 0114 B2       		.byte	-78
 306 0115 01       		.byte	1
 307 0116 B3       		.byte	-77
 308 0117 0F       		.byte	15
 309 0118 BB       		.byte	-69
 310 0119 08       		.byte	8
 311 011a BE       		.byte	-66
 312 011b 04       		.byte	4
 313 011c D4       		.byte	-44
 314 011d 05       		.byte	5
 315 011e D8       		.byte	-40
 316 011f 04       		.byte	4
 317 0120 D9       		.byte	-39
 318 0121 04       		.byte	4
 319 0122 DB       		.byte	-37
 320 0123 04       		.byte	4
 321 0124 DD       		.byte	-35
 322 0125 10       		.byte	16
 323 0126 DF       		.byte	-33
 324 0127 01       		.byte	1
 325 0128 04       		.byte	4
 326 0129 A0       		.byte	-96
 327 012a 05       		.byte	5
 328 012b 02       		.byte	2
 329 012c 06       		.byte	6
 330 012d 08       		.byte	8
 331 012e 07       		.byte	7
 332 012f 20       		.byte	32
 333 0130 0A       		.byte	10
 334 0131 10       		.byte	16
 335 0132 0D       		.byte	13
 336 0133 24       		.byte	36
 337 0134 0E       		.byte	14
 338 0135 01       		.byte	1
 339 0136 12       		.byte	18
 340 0137 10       		.byte	16
 341 0138 15       		.byte	21
 342 0139 20       		.byte	32
ARM GAS  C:\Users\atill\AppData\Local\Temp\ccnFTBak.s 			page 7


 343 013a 19       		.byte	25
 344 013b 04       		.byte	4
 345 013c 1C       		.byte	28
 346 013d 08       		.byte	8
 347 013e 1E       		.byte	30
 348 013f 01       		.byte	1
 349 0140 1F       		.byte	31
 350 0141 40       		.byte	64
 351 0142 20       		.byte	32
 352 0143 20       		.byte	32
 353 0144 21       		.byte	33
 354 0145 04       		.byte	4
 355 0146 26       		.byte	38
 356 0147 08       		.byte	8
 357 0148 27       		.byte	39
 358 0149 61       		.byte	97
 359 014a 29       		.byte	41
 360 014b 10       		.byte	16
 361 014c 2D       		.byte	45
 362 014d 42       		.byte	66
 363 014e 2F       		.byte	47
 364 014f 28       		.byte	40
 365 0150 31       		.byte	49
 366 0151 20       		.byte	32
 367 0152 32       		.byte	50
 368 0153 28       		.byte	40
 369 0154 36       		.byte	54
 370 0155 A9       		.byte	-87
 371 0156 38       		.byte	56
 372 0157 20       		.byte	32
 373 0158 39       		.byte	57
 374 0159 08       		.byte	8
 375 015a 3B       		.byte	59
 376 015b 80       		.byte	-128
 377 015c 3C       		.byte	60
 378 015d 20       		.byte	32
 379 015e 3E       		.byte	62
 380 015f 49       		.byte	73
 381 0160 44       		.byte	68
 382 0161 10       		.byte	16
 383 0162 46       		.byte	70
 384 0163 04       		.byte	4
 385 0164 47       		.byte	71
 386 0165 49       		.byte	73
 387 0166 4C       		.byte	76
 388 0167 04       		.byte	4
 389 0168 4F       		.byte	79
 390 0169 10       		.byte	16
 391 016a 55       		.byte	85
 392 016b 08       		.byte	8
 393 016c 57       		.byte	87
 394 016d 01       		.byte	1
 395 016e 59       		.byte	89
 396 016f 05       		.byte	5
 397 0170 5A       		.byte	90
 398 0171 80       		.byte	-128
 399 0172 85       		.byte	-123
ARM GAS  C:\Users\atill\AppData\Local\Temp\ccnFTBak.s 			page 8


 400 0173 40       		.byte	64
 401 0174 8C       		.byte	-116
 402 0175 84       		.byte	-124
 403 0176 90       		.byte	-112
 404 0177 80       		.byte	-128
 405 0178 91       		.byte	-111
 406 0179 20       		.byte	32
 407 017a 92       		.byte	-110
 408 017b 90       		.byte	-112
 409 017c 95       		.byte	-107
 410 017d 01       		.byte	1
 411 017e 99       		.byte	-103
 412 017f 01       		.byte	1
 413 0180 9A       		.byte	-102
 414 0181 10       		.byte	16
 415 0182 9C       		.byte	-100
 416 0183 80       		.byte	-128
 417 0184 9E       		.byte	-98
 418 0185 84       		.byte	-124
 419 0186 9F       		.byte	-97
 420 0187 18       		.byte	24
 421 0188 A4       		.byte	-92
 422 0189 04       		.byte	4
 423 018a A5       		.byte	-91
 424 018b 08       		.byte	8
 425 018c A7       		.byte	-89
 426 018d 01       		.byte	1
 427 018e B0       		.byte	-80
 428 018f 04       		.byte	4
 429 0190 C0       		.byte	-64
 430 0191 F0       		.byte	-16
 431 0192 C2       		.byte	-62
 432 0193 E4       		.byte	-28
 433 0194 C4       		.byte	-60
 434 0195 44       		.byte	68
 435 0196 CA       		.byte	-54
 436 0197 F4       		.byte	-12
 437 0198 CC       		.byte	-52
 438 0199 F6       		.byte	-10
 439 019a CE       		.byte	-50
 440 019b FE       		.byte	-2
 441 019c D0       		.byte	-48
 442 019d F0       		.byte	-16
 443 019e D2       		.byte	-46
 444 019f 20       		.byte	32
 445 01a0 D6       		.byte	-42
 446 01a1 0B       		.byte	11
 447 01a2 90       		.byte	-112
 448 01a3 80       		.byte	-128
 449 01a4 91       		.byte	-111
 450 01a5 20       		.byte	32
 451 01a6 92       		.byte	-110
 452 01a7 90       		.byte	-112
 453 01a8 95       		.byte	-107
 454 01a9 01       		.byte	1
 455 01aa 99       		.byte	-103
 456 01ab 01       		.byte	1
ARM GAS  C:\Users\atill\AppData\Local\Temp\ccnFTBak.s 			page 9


 457 01ac 9A       		.byte	-102
 458 01ad 10       		.byte	16
 459 01ae 9C       		.byte	-100
 460 01af 80       		.byte	-128
 461 01b0 9E       		.byte	-98
 462 01b1 84       		.byte	-124
 463 01b2 9F       		.byte	-97
 464 01b3 18       		.byte	24
 465 01b4 A5       		.byte	-91
 466 01b5 08       		.byte	8
 467 01b6 A7       		.byte	-89
 468 01b7 01       		.byte	1
 469 01b8 A9       		.byte	-87
 470 01b9 01       		.byte	1
 471 01ba AF       		.byte	-81
 472 01bb 20       		.byte	32
 473 01bc E8       		.byte	-24
 474 01bd 02       		.byte	2
 475 01be EC       		.byte	-20
 476 01bf 01       		.byte	1
 477 01c0 02       		.byte	2
 478 01c1 01       		.byte	1
 479 01c2 06       		.byte	6
 480 01c3 01       		.byte	1
 481 01c4 07       		.byte	7
 482 01c5 02       		.byte	2
 483 01c6 08       		.byte	8
 484 01c7 01       		.byte	1
 485 01c8 0B       		.byte	11
 486 01c9 01       		.byte	1
 487 01ca 12       		.byte	18
 488 01cb 02       		.byte	2
 489 01cc 13       		.byte	19
 490 01cd 02       		.byte	2
 491 01ce 16       		.byte	22
 492 01cf 02       		.byte	2
 493 01d0 1A       		.byte	26
 494 01d1 08       		.byte	8
 495 01d2 1E       		.byte	30
 496 01d3 04       		.byte	4
 497 01d4 20       		.byte	32
 498 01d5 01       		.byte	1
 499 01d6 26       		.byte	38
 500 01d7 08       		.byte	8
 501 01d8 2A       		.byte	42
 502 01d9 04       		.byte	4
 503 01da 30       		.byte	48
 504 01db 01       		.byte	1
 505 01dc 31       		.byte	49
 506 01dd 02       		.byte	2
 507 01de 32       		.byte	50
 508 01df 02       		.byte	2
 509 01e0 34       		.byte	52
 510 01e1 08       		.byte	8
 511 01e2 35       		.byte	53
 512 01e3 01       		.byte	1
 513 01e4 36       		.byte	54
ARM GAS  C:\Users\atill\AppData\Local\Temp\ccnFTBak.s 			page 10


 514 01e5 04       		.byte	4
 515 01e6 38       		.byte	56
 516 01e7 02       		.byte	2
 517 01e8 3E       		.byte	62
 518 01e9 54       		.byte	84
 519 01ea 3F       		.byte	63
 520 01eb 01       		.byte	1
 521 01ec 54       		.byte	84
 522 01ed 18       		.byte	24
 523 01ee 58       		.byte	88
 524 01ef 04       		.byte	4
 525 01f0 59       		.byte	89
 526 01f1 04       		.byte	4
 527 01f2 5B       		.byte	91
 528 01f3 04       		.byte	4
 529 01f4 5C       		.byte	92
 530 01f5 10       		.byte	16
 531 01f6 5F       		.byte	95
 532 01f7 01       		.byte	1
 533 01f8 84       		.byte	-124
 534 01f9 02       		.byte	2
 535 01fa 8A       		.byte	-118
 536 01fb 02       		.byte	2
 537 01fc 8B       		.byte	-117
 538 01fd 02       		.byte	2
 539 01fe 92       		.byte	-110
 540 01ff 04       		.byte	4
 541 0200 9A       		.byte	-102
 542 0201 01       		.byte	1
 543 0202 A3       		.byte	-93
 544 0203 02       		.byte	2
 545 0204 A6       		.byte	-90
 546 0205 01       		.byte	1
 547 0206 A7       		.byte	-89
 548 0207 01       		.byte	1
 549 0208 AB       		.byte	-85
 550 0209 01       		.byte	1
 551 020a B0       		.byte	-80
 552 020b 02       		.byte	2
 553 020c B2       		.byte	-78
 554 020d 04       		.byte	4
 555 020e B3       		.byte	-77
 556 020f 02       		.byte	2
 557 0210 B4       		.byte	-76
 558 0211 01       		.byte	1
 559 0212 B5       		.byte	-75
 560 0213 01       		.byte	1
 561 0214 BE       		.byte	-66
 562 0215 10       		.byte	16
 563 0216 BF       		.byte	-65
 564 0217 04       		.byte	4
 565 0218 C0       		.byte	-64
 566 0219 30       		.byte	48
 567 021a C1       		.byte	-63
 568 021b 06       		.byte	6
 569 021c C5       		.byte	-59
 570 021d D1       		.byte	-47
ARM GAS  C:\Users\atill\AppData\Local\Temp\ccnFTBak.s 			page 11


 571 021e C6       		.byte	-58
 572 021f 20       		.byte	32
 573 0220 C8       		.byte	-56
 574 0221 0B       		.byte	11
 575 0222 C9       		.byte	-55
 576 0223 FF       		.byte	-1
 577 0224 CA       		.byte	-54
 578 0225 FF       		.byte	-1
 579 0226 CB       		.byte	-53
 580 0227 FF       		.byte	-1
 581 0228 CD       		.byte	-51
 582 0229 A0       		.byte	-96
 583 022a CF       		.byte	-49
 584 022b 04       		.byte	4
 585 022c D0       		.byte	-48
 586 022d 18       		.byte	24
 587 022e D2       		.byte	-46
 588 022f 80       		.byte	-128
 589 0230 D8       		.byte	-40
 590 0231 04       		.byte	4
 591 0232 D9       		.byte	-39
 592 0233 04       		.byte	4
 593 0234 DA       		.byte	-38
 594 0235 04       		.byte	4
 595 0236 DB       		.byte	-37
 596 0237 04       		.byte	4
 597 0238 DC       		.byte	-36
 598 0239 11       		.byte	17
 599 023a DD       		.byte	-35
 600 023b 11       		.byte	17
 601 023c DF       		.byte	-33
 602 023d 01       		.byte	1
 603 023e E0       		.byte	-32
 604 023f 40       		.byte	64
 605 0240 E2       		.byte	-30
 606 0241 C0       		.byte	-64
 607 0242 E4       		.byte	-28
 608 0243 40       		.byte	64
 609 0244 E5       		.byte	-27
 610 0245 40       		.byte	64
 611 0246 E6       		.byte	-26
 612 0247 C0       		.byte	-64
 613 0248 E8       		.byte	-24
 614 0249 C0       		.byte	-64
 615 024a EA       		.byte	-22
 616 024b C0       		.byte	-64
 617 024c EC       		.byte	-20
 618 024d C0       		.byte	-64
 619 024e EE       		.byte	-18
 620 024f C0       		.byte	-64
 621 0250 00       		.byte	0
 622 0251 24       		.byte	36
 623 0252 06       		.byte	6
 624 0253 80       		.byte	-128
 625 0254 07       		.byte	7
 626 0255 18       		.byte	24
 627 0256 0B       		.byte	11
ARM GAS  C:\Users\atill\AppData\Local\Temp\ccnFTBak.s 			page 12


 628 0257 44       		.byte	68
 629 0258 0D       		.byte	13
 630 0259 0A       		.byte	10
 631 025a 0F       		.byte	15
 632 025b 06       		.byte	6
 633 025c 10       		.byte	16
 634 025d 20       		.byte	32
 635 025e 14       		.byte	20
 636 025f 80       		.byte	-128
 637 0260 16       		.byte	22
 638 0261 04       		.byte	4
 639 0262 17       		.byte	23
 640 0263 04       		.byte	4
 641 0264 1A       		.byte	26
 642 0265 94       		.byte	-108
 643 0266 1B       		.byte	27
 644 0267 04       		.byte	4
 645 0268 1D       		.byte	29
 646 0269 02       		.byte	2
 647 026a 1F       		.byte	31
 648 026b 64       		.byte	100
 649 026c 21       		.byte	33
 650 026d 10       		.byte	16
 651 026e 23       		.byte	35
 652 026f 24       		.byte	36
 653 0270 24       		.byte	36
 654 0271 04       		.byte	4
 655 0272 25       		.byte	37
 656 0273 01       		.byte	1
 657 0274 29       		.byte	41
 658 0275 08       		.byte	8
 659 0276 2A       		.byte	42
 660 0277 01       		.byte	1
 661 0278 2B       		.byte	43
 662 0279 04       		.byte	4
 663 027a 37       		.byte	55
 664 027b 01       		.byte	1
 665 027c 39       		.byte	57
 666 027d 20       		.byte	32
 667 027e 3A       		.byte	58
 668 027f 40       		.byte	64
 669 0280 3B       		.byte	59
 670 0281 80       		.byte	-128
 671 0282 3C       		.byte	60
 672 0283 20       		.byte	32
 673 0284 3F       		.byte	63
 674 0285 04       		.byte	4
 675 0286 42       		.byte	66
 676 0287 10       		.byte	16
 677 0288 48       		.byte	72
 678 0289 10       		.byte	16
 679 028a 49       		.byte	73
 680 028b 09       		.byte	9
 681 028c 4B       		.byte	75
 682 028d 20       		.byte	32
 683 028e 52       		.byte	82
 684 028f 10       		.byte	16
ARM GAS  C:\Users\atill\AppData\Local\Temp\ccnFTBak.s 			page 13


 685 0290 53       		.byte	83
 686 0291 10       		.byte	16
 687 0292 5D       		.byte	93
 688 0293 01       		.byte	1
 689 0294 66       		.byte	102
 690 0295 40       		.byte	64
 691 0296 67       		.byte	103
 692 0297 08       		.byte	8
 693 0298 6C       		.byte	108
 694 0299 60       		.byte	96
 695 029a 6F       		.byte	111
 696 029b 05       		.byte	5
 697 029c 73       		.byte	115
 698 029d 40       		.byte	64
 699 029e 76       		.byte	118
 700 029f 01       		.byte	1
 701 02a0 87       		.byte	-121
 702 02a1 20       		.byte	32
 703 02a2 8A       		.byte	-118
 704 02a3 04       		.byte	4
 705 02a4 C0       		.byte	-64
 706 02a5 76       		.byte	118
 707 02a6 C2       		.byte	-62
 708 02a7 FA       		.byte	-6
 709 02a8 C4       		.byte	-60
 710 02a9 74       		.byte	116
 711 02aa CA       		.byte	-54
 712 02ab 07       		.byte	7
 713 02ac CC       		.byte	-52
 714 02ad 80       		.byte	-128
 715 02ae CE       		.byte	-50
 716 02af 64       		.byte	100
 717 02b0 D0       		.byte	-48
 718 02b1 02       		.byte	2
 719 02b2 D2       		.byte	-46
 720 02b3 04       		.byte	4
 721 02b4 D6       		.byte	-42
 722 02b5 80       		.byte	-128
 723 02b6 D8       		.byte	-40
 724 02b7 30       		.byte	48
 725 02b8 E4       		.byte	-28
 726 02b9 08       		.byte	8
 727 02ba EA       		.byte	-22
 728 02bb 10       		.byte	16
 729 02bc EE       		.byte	-18
 730 02bd 08       		.byte	8
 731 02be E2       		.byte	-30
 732 02bf 38       		.byte	56
 733 02c0 03       		.byte	3
 734 02c1 01       		.byte	1
 735 02c2 05       		.byte	5
 736 02c3 01       		.byte	1
 737 02c4 09       		.byte	9
 738 02c5 01       		.byte	1
 739 02c6 0D       		.byte	13
 740 02c7 08       		.byte	8
 741 02c8 0F       		.byte	15
ARM GAS  C:\Users\atill\AppData\Local\Temp\ccnFTBak.s 			page 14


 742 02c9 04       		.byte	4
 743 02ca 18       		.byte	24
 744 02cb 03       		.byte	3
 745 02cc 19       		.byte	25
 746 02cd 02       		.byte	2
 747 02ce 1C       		.byte	28
 748 02cf 02       		.byte	2
 749 02d0 1D       		.byte	29
 750 02d1 04       		.byte	4
 751 02d2 1E       		.byte	30
 752 02d3 01       		.byte	1
 753 02d4 1F       		.byte	31
 754 02d5 18       		.byte	24
 755 02d6 21       		.byte	33
 756 02d7 10       		.byte	16
 757 02d8 23       		.byte	35
 758 02d9 04       		.byte	4
 759 02da 25       		.byte	37
 760 02db 1C       		.byte	28
 761 02dc 28       		.byte	40
 762 02dd 03       		.byte	3
 763 02de 29       		.byte	41
 764 02df 1C       		.byte	28
 765 02e0 2C       		.byte	44
 766 02e1 01       		.byte	1
 767 02e2 2E       		.byte	46
 768 02e3 02       		.byte	2
 769 02e4 33       		.byte	51
 770 02e5 03       		.byte	3
 771 02e6 36       		.byte	54
 772 02e7 03       		.byte	3
 773 02e8 37       		.byte	55
 774 02e9 1C       		.byte	28
 775 02ea 39       		.byte	57
 776 02eb 08       		.byte	8
 777 02ec 3A       		.byte	58
 778 02ed 08       		.byte	8
 779 02ee 58       		.byte	88
 780 02ef 04       		.byte	4
 781 02f0 59       		.byte	89
 782 02f1 04       		.byte	4
 783 02f2 5B       		.byte	91
 784 02f3 04       		.byte	4
 785 02f4 5F       		.byte	95
 786 02f5 01       		.byte	1
 787 02f6 80       		.byte	-128
 788 02f7 10       		.byte	16
 789 02f8 85       		.byte	-123
 790 02f9 01       		.byte	1
 791 02fa 8A       		.byte	-118
 792 02fb 03       		.byte	3
 793 02fc 8F       		.byte	-113
 794 02fd 01       		.byte	1
 795 02fe 95       		.byte	-107
 796 02ff 01       		.byte	1
 797 0300 98       		.byte	-104
 798 0301 10       		.byte	16
ARM GAS  C:\Users\atill\AppData\Local\Temp\ccnFTBak.s 			page 15


 799 0302 9A       		.byte	-102
 800 0303 0C       		.byte	12
 801 0304 9B       		.byte	-101
 802 0305 01       		.byte	1
 803 0306 9C       		.byte	-100
 804 0307 1C       		.byte	28
 805 0308 9E       		.byte	-98
 806 0309 02       		.byte	2
 807 030a A0       		.byte	-96
 808 030b 14       		.byte	20
 809 030c A3       		.byte	-93
 810 030d 01       		.byte	1
 811 030e A4       		.byte	-92
 812 030f 09       		.byte	9
 813 0310 A6       		.byte	-90
 814 0311 10       		.byte	16
 815 0312 A8       		.byte	-88
 816 0313 0C       		.byte	12
 817 0314 A9       		.byte	-87
 818 0315 02       		.byte	2
 819 0316 AA       		.byte	-86
 820 0317 11       		.byte	17
 821 0318 B2       		.byte	-78
 822 0319 1F       		.byte	31
 823 031a B3       		.byte	-77
 824 031b 02       		.byte	2
 825 031c B7       		.byte	-73
 826 031d 01       		.byte	1
 827 031e BF       		.byte	-65
 828 031f 44       		.byte	68
 829 0320 C0       		.byte	-64
 830 0321 31       		.byte	49
 831 0322 C1       		.byte	-63
 832 0323 06       		.byte	6
 833 0324 C5       		.byte	-59
 834 0325 0C       		.byte	12
 835 0326 C6       		.byte	-58
 836 0327 EB       		.byte	-21
 837 0328 C8       		.byte	-56
 838 0329 0D       		.byte	13
 839 032a C9       		.byte	-55
 840 032b FF       		.byte	-1
 841 032c CA       		.byte	-54
 842 032d FF       		.byte	-1
 843 032e CB       		.byte	-53
 844 032f FF       		.byte	-1
 845 0330 CE       		.byte	-50
 846 0331 F0       		.byte	-16
 847 0332 CF       		.byte	-49
 848 0333 44       		.byte	68
 849 0334 D0       		.byte	-48
 850 0335 0C       		.byte	12
 851 0336 D4       		.byte	-44
 852 0337 01       		.byte	1
 853 0338 D8       		.byte	-40
 854 0339 04       		.byte	4
 855 033a D9       		.byte	-39
ARM GAS  C:\Users\atill\AppData\Local\Temp\ccnFTBak.s 			page 16


 856 033b 04       		.byte	4
 857 033c DA       		.byte	-38
 858 033d 04       		.byte	4
 859 033e DB       		.byte	-37
 860 033f 04       		.byte	4
 861 0340 DF       		.byte	-33
 862 0341 01       		.byte	1
 863 0342 E6       		.byte	-26
 864 0343 C0       		.byte	-64
 865 0344 EA       		.byte	-22
 866 0345 40       		.byte	64
 867 0346 EB       		.byte	-21
 868 0347 02       		.byte	2
 869 0348 00       		.byte	0
 870 0349 10       		.byte	16
 871 034a 01       		.byte	1
 872 034b 02       		.byte	2
 873 034c 0A       		.byte	10
 874 034d 01       		.byte	1
 875 034e 0B       		.byte	11
 876 034f 04       		.byte	4
 877 0350 0E       		.byte	14
 878 0351 0A       		.byte	10
 879 0352 10       		.byte	16
 880 0353 80       		.byte	-128
 881 0354 11       		.byte	17
 882 0355 08       		.byte	8
 883 0356 12       		.byte	18
 884 0357 08       		.byte	8
 885 0358 15       		.byte	21
 886 0359 50       		.byte	80
 887 035a 18       		.byte	24
 888 035b 10       		.byte	16
 889 035c 1E       		.byte	30
 890 035d 12       		.byte	18
 891 035e 1F       		.byte	31
 892 035f 40       		.byte	64
 893 0360 22       		.byte	34
 894 0361 44       		.byte	68
 895 0362 24       		.byte	36
 896 0363 21       		.byte	33
 897 0364 25       		.byte	37
 898 0365 04       		.byte	4
 899 0366 26       		.byte	38
 900 0367 80       		.byte	-128
 901 0368 2A       		.byte	42
 902 0369 12       		.byte	18
 903 036a 2F       		.byte	47
 904 036b 68       		.byte	104
 905 036c 30       		.byte	48
 906 036d 20       		.byte	32
 907 036e 31       		.byte	49
 908 036f 10       		.byte	16
 909 0370 32       		.byte	50
 910 0371 08       		.byte	8
 911 0372 36       		.byte	54
 912 0373 A0       		.byte	-96
ARM GAS  C:\Users\atill\AppData\Local\Temp\ccnFTBak.s 			page 17


 913 0374 39       		.byte	57
 914 0375 88       		.byte	-120
 915 0376 3B       		.byte	59
 916 0377 04       		.byte	4
 917 0378 3D       		.byte	61
 918 0379 40       		.byte	64
 919 037a 3E       		.byte	62
 920 037b 03       		.byte	3
 921 037c 3F       		.byte	63
 922 037d 24       		.byte	36
 923 037e 41       		.byte	65
 924 037f 44       		.byte	68
 925 0380 48       		.byte	72
 926 0381 20       		.byte	32
 927 0382 4A       		.byte	74
 928 0383 08       		.byte	8
 929 0384 4E       		.byte	78
 930 0385 08       		.byte	8
 931 0386 4F       		.byte	79
 932 0387 20       		.byte	32
 933 0388 50       		.byte	80
 934 0389 80       		.byte	-128
 935 038a 52       		.byte	82
 936 038b 10       		.byte	16
 937 038c 58       		.byte	88
 938 038d 01       		.byte	1
 939 038e 59       		.byte	89
 940 038f 10       		.byte	16
 941 0390 5A       		.byte	90
 942 0391 88       		.byte	-120
 943 0392 5E       		.byte	94
 944 0393 10       		.byte	16
 945 0394 5F       		.byte	95
 946 0395 10       		.byte	16
 947 0396 6C       		.byte	108
 948 0397 04       		.byte	4
 949 0398 6D       		.byte	109
 950 0399 84       		.byte	-124
 951 039a 6F       		.byte	111
 952 039b 40       		.byte	64
 953 039c 75       		.byte	117
 954 039d 80       		.byte	-128
 955 039e 85       		.byte	-123
 956 039f 80       		.byte	-128
 957 03a0 89       		.byte	-119
 958 03a1 04       		.byte	4
 959 03a2 8C       		.byte	-116
 960 03a3 01       		.byte	1
 961 03a4 8F       		.byte	-113
 962 03a5 44       		.byte	68
 963 03a6 91       		.byte	-111
 964 03a7 08       		.byte	8
 965 03a8 92       		.byte	-110
 966 03a9 01       		.byte	1
 967 03aa 94       		.byte	-108
 968 03ab 20       		.byte	32
 969 03ac 95       		.byte	-107
ARM GAS  C:\Users\atill\AppData\Local\Temp\ccnFTBak.s 			page 18


 970 03ad 41       		.byte	65
 971 03ae 96       		.byte	-106
 972 03af 40       		.byte	64
 973 03b0 97       		.byte	-105
 974 03b1 10       		.byte	16
 975 03b2 9B       		.byte	-101
 976 03b3 01       		.byte	1
 977 03b4 9C       		.byte	-100
 978 03b5 10       		.byte	16
 979 03b6 9D       		.byte	-99
 980 03b7 12       		.byte	18
 981 03b8 9E       		.byte	-98
 982 03b9 84       		.byte	-124
 983 03ba 9F       		.byte	-97
 984 03bb 10       		.byte	16
 985 03bc A0       		.byte	-96
 986 03bd 10       		.byte	16
 987 03be A2       		.byte	-94
 988 03bf 08       		.byte	8
 989 03c0 A5       		.byte	-91
 990 03c1 40       		.byte	64
 991 03c2 A6       		.byte	-90
 992 03c3 A1       		.byte	-95
 993 03c4 A7       		.byte	-89
 994 03c5 28       		.byte	40
 995 03c6 C0       		.byte	-64
 996 03c7 0A       		.byte	10
 997 03c8 C2       		.byte	-62
 998 03c9 C3       		.byte	-61
 999 03ca C4       		.byte	-60
 1000 03cb CE       		.byte	-50
 1001 03cc CA       		.byte	-54
 1002 03cd E5       		.byte	-27
 1003 03ce CC       		.byte	-52
 1004 03cf 36       		.byte	54
 1005 03d0 CE       		.byte	-50
 1006 03d1 FA       		.byte	-6
 1007 03d2 D0       		.byte	-48
 1008 03d3 0A       		.byte	10
 1009 03d4 D2       		.byte	-46
 1010 03d5 04       		.byte	4
 1011 03d6 D6       		.byte	-42
 1012 03d7 0F       		.byte	15
 1013 03d8 E2       		.byte	-30
 1014 03d9 30       		.byte	48
 1015 03da 08       		.byte	8
 1016 03db 03       		.byte	3
 1017 03dc 09       		.byte	9
 1018 03dd 01       		.byte	1
 1019 03de 1C       		.byte	28
 1020 03df 02       		.byte	2
 1021 03e0 26       		.byte	38
 1022 03e1 01       		.byte	1
 1023 03e2 28       		.byte	40
 1024 03e3 03       		.byte	3
 1025 03e4 33       		.byte	51
 1026 03e5 01       		.byte	1
ARM GAS  C:\Users\atill\AppData\Local\Temp\ccnFTBak.s 			page 19


 1027 03e6 34       		.byte	52
 1028 03e7 03       		.byte	3
 1029 03e8 38       		.byte	56
 1030 03e9 20       		.byte	32
 1031 03ea 3E       		.byte	62
 1032 03eb 10       		.byte	16
 1033 03ec 3F       		.byte	63
 1034 03ed 04       		.byte	4
 1035 03ee 40       		.byte	64
 1036 03ef 02       		.byte	2
 1037 03f0 45       		.byte	69
 1038 03f1 40       		.byte	64
 1039 03f2 49       		.byte	73
 1040 03f3 FF       		.byte	-1
 1041 03f4 4A       		.byte	74
 1042 03f5 07       		.byte	7
 1043 03f6 4B       		.byte	75
 1044 03f7 FF       		.byte	-1
 1045 03f8 4C       		.byte	76
 1046 03f9 40       		.byte	64
 1047 03fa 4D       		.byte	77
 1048 03fb 20       		.byte	32
 1049 03fc 4E       		.byte	78
 1050 03fd F0       		.byte	-16
 1051 03fe 4F       		.byte	79
 1052 03ff 05       		.byte	5
 1053 0400 50       		.byte	80
 1054 0401 08       		.byte	8
 1055 0402 58       		.byte	88
 1056 0403 04       		.byte	4
 1057 0404 59       		.byte	89
 1058 0405 04       		.byte	4
 1059 0406 5A       		.byte	90
 1060 0407 04       		.byte	4
 1061 0408 5F       		.byte	95
 1062 0409 01       		.byte	1
 1063 040a 60       		.byte	96
 1064 040b 40       		.byte	64
 1065 040c 61       		.byte	97
 1066 040d A8       		.byte	-88
 1067 040e 62       		.byte	98
 1068 040f 40       		.byte	64
 1069 0410 63       		.byte	99
 1070 0411 20       		.byte	32
 1071 0412 80       		.byte	-128
 1072 0413 1F       		.byte	31
 1073 0414 82       		.byte	-126
 1074 0415 20       		.byte	32
 1075 0416 83       		.byte	-125
 1076 0417 04       		.byte	4
 1077 0418 84       		.byte	-124
 1078 0419 0C       		.byte	12
 1079 041a 85       		.byte	-123
 1080 041b 08       		.byte	8
 1081 041c 88       		.byte	-120
 1082 041d 04       		.byte	4
 1083 041e 89       		.byte	-119
ARM GAS  C:\Users\atill\AppData\Local\Temp\ccnFTBak.s 			page 20


 1084 041f FF       		.byte	-1
 1085 0420 8C       		.byte	-116
 1086 0421 08       		.byte	8
 1087 0422 8D       		.byte	-115
 1088 0423 1C       		.byte	28
 1089 0424 8F       		.byte	-113
 1090 0425 E1       		.byte	-31
 1091 0426 93       		.byte	-109
 1092 0427 E3       		.byte	-29
 1093 0428 94       		.byte	-108
 1094 0429 3F       		.byte	63
 1095 042a 95       		.byte	-107
 1096 042b C0       		.byte	-64
 1097 042c 98       		.byte	-104
 1098 042d 33       		.byte	51
 1099 042e 99       		.byte	-103
 1100 042f 3C       		.byte	60
 1101 0430 9A       		.byte	-102
 1102 0431 0C       		.byte	12
 1103 0432 9B       		.byte	-101
 1104 0433 C2       		.byte	-62
 1105 0434 9C       		.byte	-100
 1106 0435 02       		.byte	2
 1107 0436 9D       		.byte	-99
 1108 0437 80       		.byte	-128
 1109 0438 A1       		.byte	-95
 1110 0439 44       		.byte	68
 1111 043a A2       		.byte	-94
 1112 043b 23       		.byte	35
 1113 043c A4       		.byte	-92
 1114 043d 03       		.byte	3
 1115 043e A5       		.byte	-91
 1116 043f E7       		.byte	-25
 1117 0440 A7       		.byte	-89
 1118 0441 18       		.byte	24
 1119 0442 A8       		.byte	-88
 1120 0443 1C       		.byte	28
 1121 0444 A9       		.byte	-87
 1122 0445 18       		.byte	24
 1123 0446 AA       		.byte	-86
 1124 0447 23       		.byte	35
 1125 0448 AC       		.byte	-84
 1126 0449 01       		.byte	1
 1127 044a AD       		.byte	-83
 1128 044b 10       		.byte	16
 1129 044c AE       		.byte	-82
 1130 044d 40       		.byte	64
 1131 044e B0       		.byte	-80
 1132 044f 2C       		.byte	44
 1133 0450 B1       		.byte	-79
 1134 0451 C0       		.byte	-64
 1135 0452 B2       		.byte	-78
 1136 0453 10       		.byte	16
 1137 0454 B3       		.byte	-77
 1138 0455 1F       		.byte	31
 1139 0456 B4       		.byte	-76
 1140 0457 0F       		.byte	15
ARM GAS  C:\Users\atill\AppData\Local\Temp\ccnFTBak.s 			page 21


 1141 0458 B5       		.byte	-75
 1142 0459 38       		.byte	56
 1143 045a B6       		.byte	-74
 1144 045b 40       		.byte	64
 1145 045c BA       		.byte	-70
 1146 045d 22       		.byte	34
 1147 045e BB       		.byte	-69
 1148 045f 08       		.byte	8
 1149 0460 BE       		.byte	-66
 1150 0461 04       		.byte	4
 1151 0462 D6       		.byte	-42
 1152 0463 02       		.byte	2
 1153 0464 D7       		.byte	-41
 1154 0465 11       		.byte	17
 1155 0466 D8       		.byte	-40
 1156 0467 04       		.byte	4
 1157 0468 D9       		.byte	-39
 1158 0469 04       		.byte	4
 1159 046a DB       		.byte	-37
 1160 046b 04       		.byte	4
 1161 046c DF       		.byte	-33
 1162 046d 01       		.byte	1
 1163 046e 00       		.byte	0
 1164 046f 20       		.byte	32
 1165 0470 05       		.byte	5
 1166 0471 01       		.byte	1
 1167 0472 06       		.byte	6
 1168 0473 81       		.byte	-127
 1169 0474 07       		.byte	7
 1170 0475 28       		.byte	40
 1171 0476 0A       		.byte	10
 1172 0477 01       		.byte	1
 1173 0478 0C       		.byte	12
 1174 0479 50       		.byte	80
 1175 047a 0E       		.byte	14
 1176 047b 16       		.byte	22
 1177 047c 10       		.byte	16
 1178 047d 20       		.byte	32
 1179 047e 12       		.byte	18
 1180 047f 08       		.byte	8
 1181 0480 16       		.byte	22
 1182 0481 02       		.byte	2
 1183 0482 17       		.byte	23
 1184 0483 15       		.byte	21
 1185 0484 18       		.byte	24
 1186 0485 04       		.byte	4
 1187 0486 1C       		.byte	28
 1188 0487 01       		.byte	1
 1189 0488 1D       		.byte	29
 1190 0489 01       		.byte	1
 1191 048a 1E       		.byte	30
 1192 048b 24       		.byte	36
 1193 048c 21       		.byte	33
 1194 048d 08       		.byte	8
 1195 048e 25       		.byte	37
 1196 048f 21       		.byte	33
 1197 0490 27       		.byte	39
ARM GAS  C:\Users\atill\AppData\Local\Temp\ccnFTBak.s 			page 22


 1198 0491 10       		.byte	16
 1199 0492 2D       		.byte	45
 1200 0493 80       		.byte	-128
 1201 0494 2E       		.byte	46
 1202 0495 26       		.byte	38
 1203 0496 34       		.byte	52
 1204 0497 40       		.byte	64
 1205 0498 37       		.byte	55
 1206 0499 15       		.byte	21
 1207 049a 38       		.byte	56
 1208 049b 10       		.byte	16
 1209 049c 3C       		.byte	60
 1210 049d 01       		.byte	1
 1211 049e 3E       		.byte	62
 1212 049f 98       		.byte	-104
 1213 04a0 40       		.byte	64
 1214 04a1 04       		.byte	4
 1215 04a2 45       		.byte	69
 1216 04a3 20       		.byte	32
 1217 04a4 46       		.byte	70
 1218 04a5 04       		.byte	4
 1219 04a6 48       		.byte	72
 1220 04a7 20       		.byte	32
 1221 04a8 49       		.byte	73
 1222 04a9 02       		.byte	2
 1223 04aa 4A       		.byte	74
 1224 04ab 20       		.byte	32
 1225 04ac 5E       		.byte	94
 1226 04ad 20       		.byte	32
 1227 04ae 6D       		.byte	109
 1228 04af 10       		.byte	16
 1229 04b0 6E       		.byte	110
 1230 04b1 48       		.byte	72
 1231 04b2 6F       		.byte	111
 1232 04b3 28       		.byte	40
 1233 04b4 75       		.byte	117
 1234 04b5 80       		.byte	-128
 1235 04b6 76       		.byte	118
 1236 04b7 29       		.byte	41
 1237 04b8 77       		.byte	119
 1238 04b9 28       		.byte	40
 1239 04ba 7D       		.byte	125
 1240 04bb 03       		.byte	3
 1241 04bc 80       		.byte	-128
 1242 04bd 20       		.byte	32
 1243 04be 81       		.byte	-127
 1244 04bf 40       		.byte	64
 1245 04c0 85       		.byte	-123
 1246 04c1 08       		.byte	8
 1247 04c2 8D       		.byte	-115
 1248 04c3 40       		.byte	64
 1249 04c4 8E       		.byte	-114
 1250 04c5 02       		.byte	2
 1251 04c6 90       		.byte	-112
 1252 04c7 10       		.byte	16
 1253 04c8 92       		.byte	-110
 1254 04c9 11       		.byte	17
ARM GAS  C:\Users\atill\AppData\Local\Temp\ccnFTBak.s 			page 23


 1255 04ca 95       		.byte	-107
 1256 04cb D1       		.byte	-47
 1257 04cc 96       		.byte	-106
 1258 04cd 40       		.byte	64
 1259 04ce 9B       		.byte	-101
 1260 04cf 05       		.byte	5
 1261 04d0 9C       		.byte	-100
 1262 04d1 10       		.byte	16
 1263 04d2 9D       		.byte	-99
 1264 04d3 02       		.byte	2
 1265 04d4 9E       		.byte	-98
 1266 04d5 84       		.byte	-124
 1267 04d6 9F       		.byte	-97
 1268 04d7 10       		.byte	16
 1269 04d8 A0       		.byte	-96
 1270 04d9 10       		.byte	16
 1271 04da A2       		.byte	-94
 1272 04db 09       		.byte	9
 1273 04dc A6       		.byte	-90
 1274 04dd 24       		.byte	36
 1275 04de A7       		.byte	-89
 1276 04df 28       		.byte	40
 1277 04e0 AC       		.byte	-84
 1278 04e1 01       		.byte	1
 1279 04e2 AE       		.byte	-82
 1280 04e3 10       		.byte	16
 1281 04e4 B4       		.byte	-76
 1282 04e5 04       		.byte	4
 1283 04e6 C0       		.byte	-64
 1284 04e7 F2       		.byte	-14
 1285 04e8 C2       		.byte	-62
 1286 04e9 E1       		.byte	-31
 1287 04ea C4       		.byte	-60
 1288 04eb F6       		.byte	-10
 1289 04ec CA       		.byte	-54
 1290 04ed F0       		.byte	-16
 1291 04ee CC       		.byte	-52
 1292 04ef F0       		.byte	-16
 1293 04f0 CE       		.byte	-50
 1294 04f1 F4       		.byte	-12
 1295 04f2 D0       		.byte	-48
 1296 04f3 04       		.byte	4
 1297 04f4 D6       		.byte	-42
 1298 04f5 20       		.byte	32
 1299 04f6 E0       		.byte	-32
 1300 04f7 02       		.byte	2
 1301 04f8 EA       		.byte	-22
 1302 04f9 10       		.byte	16
 1303 04fa EE       		.byte	-18
 1304 04fb 08       		.byte	8
 1305 04fc 33       		.byte	51
 1306 04fd 20       		.byte	32
 1307 04fe CC       		.byte	-52
 1308 04ff 10       		.byte	16
 1309 0500 51       		.byte	81
 1310 0501 08       		.byte	8
 1311 0502 55       		.byte	85
ARM GAS  C:\Users\atill\AppData\Local\Temp\ccnFTBak.s 			page 24


 1312 0503 80       		.byte	-128
 1313 0504 58       		.byte	88
 1314 0505 10       		.byte	16
 1315 0506 5C       		.byte	92
 1316 0507 80       		.byte	-128
 1317 0508 65       		.byte	101
 1318 0509 80       		.byte	-128
 1319 050a A7       		.byte	-89
 1320 050b 20       		.byte	32
 1321 050c D4       		.byte	-44
 1322 050d E0       		.byte	-32
 1323 050e D6       		.byte	-42
 1324 050f A0       		.byte	-96
 1325 0510 9C       		.byte	-100
 1326 0511 90       		.byte	-112
 1327 0512 9D       		.byte	-99
 1328 0513 80       		.byte	-128
 1329 0514 A5       		.byte	-91
 1330 0515 88       		.byte	-120
 1331 0516 A7       		.byte	-89
 1332 0517 20       		.byte	32
 1333 0518 85       		.byte	-123
 1334 0519 08       		.byte	8
 1335 051a 9C       		.byte	-100
 1336 051b 90       		.byte	-112
 1337 051c 9D       		.byte	-99
 1338 051d 80       		.byte	-128
 1339 051e A5       		.byte	-91
 1340 051f 88       		.byte	-120
 1341 0520 A7       		.byte	-89
 1342 0521 20       		.byte	32
 1343 0522 E2       		.byte	-30
 1344 0523 40       		.byte	64
 1345 0524 52       		.byte	82
 1346 0525 20       		.byte	32
 1347 0526 58       		.byte	88
 1348 0527 01       		.byte	1
 1349 0528 5C       		.byte	92
 1350 0529 02       		.byte	2
 1351 052a 60       		.byte	96
 1352 052b 20       		.byte	32
 1353 052c 66       		.byte	102
 1354 052d 10       		.byte	16
 1355 052e 84       		.byte	-124
 1356 052f 20       		.byte	32
 1357 0530 8A       		.byte	-118
 1358 0531 10       		.byte	16
 1359 0532 D4       		.byte	-44
 1360 0533 04       		.byte	4
 1361 0534 D6       		.byte	-42
 1362 0535 03       		.byte	3
 1363 0536 D8       		.byte	-40
 1364 0537 03       		.byte	3
 1365 0538 E4       		.byte	-28
 1366 0539 04       		.byte	4
 1367 053a 9C       		.byte	-100
 1368 053b 02       		.byte	2
ARM GAS  C:\Users\atill\AppData\Local\Temp\ccnFTBak.s 			page 25


 1369 053c AA       		.byte	-86
 1370 053d 20       		.byte	32
 1371 053e AC       		.byte	-84
 1372 053f 01       		.byte	1
 1373 0540 B0       		.byte	-80
 1374 0541 02       		.byte	2
 1375 0542 E8       		.byte	-24
 1376 0543 04       		.byte	4
 1377 0544 85       		.byte	-123
 1378 0545 80       		.byte	-128
 1379 0546 88       		.byte	-120
 1380 0547 10       		.byte	16
 1381 0548 8D       		.byte	-115
 1382 0549 80       		.byte	-128
 1383 054a 9C       		.byte	-100
 1384 054b 90       		.byte	-112
 1385 054c 9D       		.byte	-99
 1386 054d 80       		.byte	-128
 1387 054e A5       		.byte	-91
 1388 054f 80       		.byte	-128
 1389 0550 A7       		.byte	-89
 1390 0551 20       		.byte	32
 1391 0552 E2       		.byte	-30
 1392 0553 10       		.byte	16
 1393 0554 AF       		.byte	-81
 1394 0555 20       		.byte	32
 1395 0556 B4       		.byte	-76
 1396 0557 80       		.byte	-128
 1397 0558 EE       		.byte	-18
 1398 0559 10       		.byte	16
 1399 055a 1F       		.byte	31
 1400 055b 80       		.byte	-128
 1401 055c C6       		.byte	-58
 1402 055d 01       		.byte	1
 1403 055e 12       		.byte	18
 1404 055f 80       		.byte	-128
 1405 0560 71       		.byte	113
 1406 0561 02       		.byte	2
 1407 0562 85       		.byte	-123
 1408 0563 02       		.byte	2
 1409 0564 8E       		.byte	-114
 1410 0565 80       		.byte	-128
 1411 0566 AF       		.byte	-81
 1412 0567 80       		.byte	-128
 1413 0568 C4       		.byte	-60
 1414 0569 08       		.byte	8
 1415 056a DC       		.byte	-36
 1416 056b 01       		.byte	1
 1417 056c E2       		.byte	-30
 1418 056d 02       		.byte	2
 1419 056e 00       		.byte	0
 1420 056f 03       		.byte	3
 1421 0570 0C       		.byte	12
 1422 0571 03       		.byte	3
 1423 0572 0E       		.byte	14
 1424 0573 03       		.byte	3
 1425 0574 10       		.byte	16
ARM GAS  C:\Users\atill\AppData\Local\Temp\ccnFTBak.s 			page 26


 1426 0575 01       		.byte	1
 1427 0576 1C       		.byte	28
 1428 0577 01       		.byte	1
 1429 0578 00       		.byte	0
 1430 0579 03       		.byte	3
 1431 057a 00       		.byte	0
 1432 057b 00       		.byte	0
 1433 057c 00       		.byte	0
 1434 057d 1F       		.byte	31
 1435 057e 1F       		.byte	31
 1436 057f 00       		.byte	0
 1437 0580 1F       		.byte	31
 1438 0581 00       		.byte	0
 1439 0582 00       		.byte	0
 1440 0583 00       		.byte	0
 1441 0584 80       		.byte	-128
 1442 0585 00       		.byte	0
 1443 0586 40       		.byte	64
 1444 0587 80       		.byte	-128
 1445 0588 80       		.byte	-128
 1446 0589 00       		.byte	0
 1447 058a 80       		.byte	-128
 1448 058b 00       		.byte	0
 1449 058c 00       		.byte	0
 1450 058d 00       		.byte	0
 1451 058e 00       		.byte	0
 1452 058f 00       		.byte	0
 1453 0590 00       		.byte	0
 1454 0591 0B       		.byte	11
 1455 0592 0B       		.byte	11
 1456 0593 00       		.byte	0
 1457 0594 00       		.byte	0
 1458 0595 00       		.byte	0
 1459 0596 04       		.byte	4
 1460 0597 00       		.byte	0
 1461 0598 00       		.byte	0
 1462 0599 F8       		.byte	-8
 1463 059a F8       		.byte	-8
 1464 059b 00       		.byte	0
 1465 059c F8       		.byte	-8
 1466 059d 00       		.byte	0
 1467 059e 00       		.byte	0
 1468 059f 00       		.byte	0
 1469 05a0 0E       		.byte	14
 1470 05a1 00       		.byte	0
 1471 05a2 18       		.byte	24
 1472 05a3 01       		.byte	1
 1473              		.section	.cywolatch,"a",%progbits
 1474              		.align	2
 1475              		.type	cy_meta_wonvl, %object
 1476              		.size	cy_meta_wonvl, 4
 1477              	cy_meta_wonvl:
 1478 0000 BC       		.byte	-68
 1479 0001 90       		.byte	-112
 1480 0002 AC       		.byte	-84
 1481 0003 AF       		.byte	-81
 1482              		.section	.cycustnvl,"a",%progbits
ARM GAS  C:\Users\atill\AppData\Local\Temp\ccnFTBak.s 			page 27


 1483              		.align	2
 1484              		.type	cy_meta_custnvl, %object
 1485              		.size	cy_meta_custnvl, 4
 1486              	cy_meta_custnvl:
 1487 0000 00       		.byte	0
 1488 0001 00       		.byte	0
 1489 0002 40       		.byte	64
 1490 0003 05       		.byte	5
 1491              		.section	.cymeta,"a",%progbits
 1492              		.align	2
 1493              		.type	cy_metadata, %object
 1494              		.size	cy_metadata, 12
 1495              	cy_metadata:
 1496 0000 00       		.byte	0
 1497 0001 01       		.byte	1
 1498 0002 2E       		.byte	46
 1499 0003 16       		.byte	22
 1500 0004 10       		.byte	16
 1501 0005 69       		.byte	105
 1502 0006 00       		.byte	0
 1503 0007 01       		.byte	1
 1504 0008 00       		.byte	0
 1505 0009 00       		.byte	0
 1506 000a 00       		.byte	0
 1507 000b 00       		.byte	0
 1508              		.section	.cyflashprotect,"a",%progbits
 1509              		.align	2
 1510              		.type	cy_meta_flashprotect, %object
 1511              		.size	cy_meta_flashprotect, 256
 1512              	cy_meta_flashprotect:
 1513 0000 00000000 		.space	256
 1513      00000000 
 1513      00000000 
 1513      00000000 
 1513      00000000 
 1514              		.text
 1515              	.Letext0:
 1516              		.file 1 "c:\\program files (x86)\\cypress\\psoc creator\\4.4\\psoc creator\\import\\gnu\\arm\\5.4.
 1517              		.file 2 "c:\\program files (x86)\\cypress\\psoc creator\\4.4\\psoc creator\\import\\gnu\\arm\\5.4.
 1518              		.file 3 "Generated_Source\\PSoC5\\cymetadata.c"
 1519              		.section	.debug_info,"",%progbits
 1520              	.Ldebug_info0:
 1521 0000 32010000 		.4byte	0x132
 1522 0004 0400     		.2byte	0x4
 1523 0006 00000000 		.4byte	.Ldebug_abbrev0
 1524 000a 04       		.byte	0x4
 1525 000b 01       		.uleb128 0x1
 1526 000c 24000000 		.4byte	.LASF17
 1527 0010 0C       		.byte	0xc
 1528 0011 BF010000 		.4byte	.LASF18
 1529 0015 5F010000 		.4byte	.LASF19
 1530 0019 00000000 		.4byte	.Ldebug_line0
 1531 001d 02       		.uleb128 0x2
 1532 001e 01       		.byte	0x1
 1533 001f 06       		.byte	0x6
 1534 0020 B3010000 		.4byte	.LASF0
 1535 0024 03       		.uleb128 0x3
ARM GAS  C:\Users\atill\AppData\Local\Temp\ccnFTBak.s 			page 28


 1536 0025 00000000 		.4byte	.LASF9
 1537 0029 01       		.byte	0x1
 1538 002a 1D       		.byte	0x1d
 1539 002b 2F000000 		.4byte	0x2f
 1540 002f 02       		.uleb128 0x2
 1541 0030 01       		.byte	0x1
 1542 0031 08       		.byte	0x8
 1543 0032 16000000 		.4byte	.LASF1
 1544 0036 02       		.uleb128 0x2
 1545 0037 02       		.byte	0x2
 1546 0038 05       		.byte	0x5
 1547 0039 A0010000 		.4byte	.LASF2
 1548 003d 02       		.uleb128 0x2
 1549 003e 02       		.byte	0x2
 1550 003f 07       		.byte	0x7
 1551 0040 C4000000 		.4byte	.LASF3
 1552 0044 02       		.uleb128 0x2
 1553 0045 04       		.byte	0x4
 1554 0046 05       		.byte	0x5
 1555 0047 AA010000 		.4byte	.LASF4
 1556 004b 02       		.uleb128 0x2
 1557 004c 04       		.byte	0x4
 1558 004d 07       		.byte	0x7
 1559 004e B2000000 		.4byte	.LASF5
 1560 0052 02       		.uleb128 0x2
 1561 0053 08       		.byte	0x8
 1562 0054 05       		.byte	0x5
 1563 0055 51010000 		.4byte	.LASF6
 1564 0059 02       		.uleb128 0x2
 1565 005a 08       		.byte	0x8
 1566 005b 07       		.byte	0x7
 1567 005c 06010000 		.4byte	.LASF7
 1568 0060 04       		.uleb128 0x4
 1569 0061 04       		.byte	0x4
 1570 0062 05       		.byte	0x5
 1571 0063 696E7400 		.ascii	"int\000"
 1572 0067 02       		.uleb128 0x2
 1573 0068 04       		.byte	0x4
 1574 0069 07       		.byte	0x7
 1575 006a F9000000 		.4byte	.LASF8
 1576 006e 03       		.uleb128 0x3
 1577 006f 1D010000 		.4byte	.LASF10
 1578 0073 02       		.byte	0x2
 1579 0074 18       		.byte	0x18
 1580 0075 24000000 		.4byte	0x24
 1581 0079 05       		.uleb128 0x5
 1582 007a 91000000 		.4byte	0x91
 1583 007e 8A000000 		.4byte	0x8a
 1584 0082 06       		.uleb128 0x6
 1585 0083 8A000000 		.4byte	0x8a
 1586 0087 A305     		.2byte	0x5a3
 1587 0089 00       		.byte	0
 1588 008a 02       		.uleb128 0x2
 1589 008b 04       		.byte	0x4
 1590 008c 07       		.byte	0x7
 1591 008d 48010000 		.4byte	.LASF11
 1592 0091 07       		.uleb128 0x7
ARM GAS  C:\Users\atill\AppData\Local\Temp\ccnFTBak.s 			page 29


 1593 0092 6E000000 		.4byte	0x6e
 1594 0096 08       		.uleb128 0x8
 1595 0097 E7000000 		.4byte	.LASF12
 1596 009b 03       		.byte	0x3
 1597 009c 1F       		.byte	0x1f
 1598 009d A7000000 		.4byte	0xa7
 1599 00a1 05       		.uleb128 0x5
 1600 00a2 03       		.byte	0x3
 1601 00a3 00000000 		.4byte	cy_meta_configecc
 1602 00a7 07       		.uleb128 0x7
 1603 00a8 79000000 		.4byte	0x79
 1604 00ac 05       		.uleb128 0x5
 1605 00ad 91000000 		.4byte	0x91
 1606 00b1 BC000000 		.4byte	0xbc
 1607 00b5 09       		.uleb128 0x9
 1608 00b6 8A000000 		.4byte	0x8a
 1609 00ba 03       		.byte	0x3
 1610 00bb 00       		.byte	0
 1611 00bc 08       		.uleb128 0x8
 1612 00bd D7000000 		.4byte	.LASF13
 1613 00c1 03       		.byte	0x3
 1614 00c2 E1       		.byte	0xe1
 1615 00c3 CD000000 		.4byte	0xcd
 1616 00c7 05       		.uleb128 0x5
 1617 00c8 03       		.byte	0x3
 1618 00c9 00000000 		.4byte	cy_meta_custnvl
 1619 00cd 07       		.uleb128 0x7
 1620 00ce AC000000 		.4byte	0xac
 1621 00d2 08       		.uleb128 0x8
 1622 00d3 3A010000 		.4byte	.LASF14
 1623 00d7 03       		.byte	0x3
 1624 00d8 EF       		.byte	0xef
 1625 00d9 E3000000 		.4byte	0xe3
 1626 00dd 05       		.uleb128 0x5
 1627 00de 03       		.byte	0x3
 1628 00df 00000000 		.4byte	cy_meta_wonvl
 1629 00e3 07       		.uleb128 0x7
 1630 00e4 AC000000 		.4byte	0xac
 1631 00e8 05       		.uleb128 0x5
 1632 00e9 91000000 		.4byte	0x91
 1633 00ed F8000000 		.4byte	0xf8
 1634 00f1 09       		.uleb128 0x9
 1635 00f2 8A000000 		.4byte	0x8a
 1636 00f6 FF       		.byte	0xff
 1637 00f7 00       		.byte	0
 1638 00f8 08       		.uleb128 0x8
 1639 00f9 25010000 		.4byte	.LASF15
 1640 00fd 03       		.byte	0x3
 1641 00fe FD       		.byte	0xfd
 1642 00ff 09010000 		.4byte	0x109
 1643 0103 05       		.uleb128 0x5
 1644 0104 03       		.byte	0x3
 1645 0105 00000000 		.4byte	cy_meta_flashprotect
 1646 0109 07       		.uleb128 0x7
 1647 010a E8000000 		.4byte	0xe8
 1648 010e 05       		.uleb128 0x5
 1649 010f 91000000 		.4byte	0x91
ARM GAS  C:\Users\atill\AppData\Local\Temp\ccnFTBak.s 			page 30


 1650 0113 1E010000 		.4byte	0x11e
 1651 0117 09       		.uleb128 0x9
 1652 0118 8A000000 		.4byte	0x8a
 1653 011c 0B       		.byte	0xb
 1654 011d 00       		.byte	0
 1655 011e 0A       		.uleb128 0xa
 1656 011f 0A000000 		.4byte	.LASF16
 1657 0123 03       		.byte	0x3
 1658 0124 2A01     		.2byte	0x12a
 1659 0126 30010000 		.4byte	0x130
 1660 012a 05       		.uleb128 0x5
 1661 012b 03       		.byte	0x3
 1662 012c 00000000 		.4byte	cy_metadata
 1663 0130 07       		.uleb128 0x7
 1664 0131 0E010000 		.4byte	0x10e
 1665 0135 00       		.byte	0
 1666              		.section	.debug_abbrev,"",%progbits
 1667              	.Ldebug_abbrev0:
 1668 0000 01       		.uleb128 0x1
 1669 0001 11       		.uleb128 0x11
 1670 0002 01       		.byte	0x1
 1671 0003 25       		.uleb128 0x25
 1672 0004 0E       		.uleb128 0xe
 1673 0005 13       		.uleb128 0x13
 1674 0006 0B       		.uleb128 0xb
 1675 0007 03       		.uleb128 0x3
 1676 0008 0E       		.uleb128 0xe
 1677 0009 1B       		.uleb128 0x1b
 1678 000a 0E       		.uleb128 0xe
 1679 000b 10       		.uleb128 0x10
 1680 000c 17       		.uleb128 0x17
 1681 000d 00       		.byte	0
 1682 000e 00       		.byte	0
 1683 000f 02       		.uleb128 0x2
 1684 0010 24       		.uleb128 0x24
 1685 0011 00       		.byte	0
 1686 0012 0B       		.uleb128 0xb
 1687 0013 0B       		.uleb128 0xb
 1688 0014 3E       		.uleb128 0x3e
 1689 0015 0B       		.uleb128 0xb
 1690 0016 03       		.uleb128 0x3
 1691 0017 0E       		.uleb128 0xe
 1692 0018 00       		.byte	0
 1693 0019 00       		.byte	0
 1694 001a 03       		.uleb128 0x3
 1695 001b 16       		.uleb128 0x16
 1696 001c 00       		.byte	0
 1697 001d 03       		.uleb128 0x3
 1698 001e 0E       		.uleb128 0xe
 1699 001f 3A       		.uleb128 0x3a
 1700 0020 0B       		.uleb128 0xb
 1701 0021 3B       		.uleb128 0x3b
 1702 0022 0B       		.uleb128 0xb
 1703 0023 49       		.uleb128 0x49
 1704 0024 13       		.uleb128 0x13
 1705 0025 00       		.byte	0
 1706 0026 00       		.byte	0
ARM GAS  C:\Users\atill\AppData\Local\Temp\ccnFTBak.s 			page 31


 1707 0027 04       		.uleb128 0x4
 1708 0028 24       		.uleb128 0x24
 1709 0029 00       		.byte	0
 1710 002a 0B       		.uleb128 0xb
 1711 002b 0B       		.uleb128 0xb
 1712 002c 3E       		.uleb128 0x3e
 1713 002d 0B       		.uleb128 0xb
 1714 002e 03       		.uleb128 0x3
 1715 002f 08       		.uleb128 0x8
 1716 0030 00       		.byte	0
 1717 0031 00       		.byte	0
 1718 0032 05       		.uleb128 0x5
 1719 0033 01       		.uleb128 0x1
 1720 0034 01       		.byte	0x1
 1721 0035 49       		.uleb128 0x49
 1722 0036 13       		.uleb128 0x13
 1723 0037 01       		.uleb128 0x1
 1724 0038 13       		.uleb128 0x13
 1725 0039 00       		.byte	0
 1726 003a 00       		.byte	0
 1727 003b 06       		.uleb128 0x6
 1728 003c 21       		.uleb128 0x21
 1729 003d 00       		.byte	0
 1730 003e 49       		.uleb128 0x49
 1731 003f 13       		.uleb128 0x13
 1732 0040 2F       		.uleb128 0x2f
 1733 0041 05       		.uleb128 0x5
 1734 0042 00       		.byte	0
 1735 0043 00       		.byte	0
 1736 0044 07       		.uleb128 0x7
 1737 0045 26       		.uleb128 0x26
 1738 0046 00       		.byte	0
 1739 0047 49       		.uleb128 0x49
 1740 0048 13       		.uleb128 0x13
 1741 0049 00       		.byte	0
 1742 004a 00       		.byte	0
 1743 004b 08       		.uleb128 0x8
 1744 004c 34       		.uleb128 0x34
 1745 004d 00       		.byte	0
 1746 004e 03       		.uleb128 0x3
 1747 004f 0E       		.uleb128 0xe
 1748 0050 3A       		.uleb128 0x3a
 1749 0051 0B       		.uleb128 0xb
 1750 0052 3B       		.uleb128 0x3b
 1751 0053 0B       		.uleb128 0xb
 1752 0054 49       		.uleb128 0x49
 1753 0055 13       		.uleb128 0x13
 1754 0056 3F       		.uleb128 0x3f
 1755 0057 19       		.uleb128 0x19
 1756 0058 02       		.uleb128 0x2
 1757 0059 18       		.uleb128 0x18
 1758 005a 00       		.byte	0
 1759 005b 00       		.byte	0
 1760 005c 09       		.uleb128 0x9
 1761 005d 21       		.uleb128 0x21
 1762 005e 00       		.byte	0
 1763 005f 49       		.uleb128 0x49
ARM GAS  C:\Users\atill\AppData\Local\Temp\ccnFTBak.s 			page 32


 1764 0060 13       		.uleb128 0x13
 1765 0061 2F       		.uleb128 0x2f
 1766 0062 0B       		.uleb128 0xb
 1767 0063 00       		.byte	0
 1768 0064 00       		.byte	0
 1769 0065 0A       		.uleb128 0xa
 1770 0066 34       		.uleb128 0x34
 1771 0067 00       		.byte	0
 1772 0068 03       		.uleb128 0x3
 1773 0069 0E       		.uleb128 0xe
 1774 006a 3A       		.uleb128 0x3a
 1775 006b 0B       		.uleb128 0xb
 1776 006c 3B       		.uleb128 0x3b
 1777 006d 05       		.uleb128 0x5
 1778 006e 49       		.uleb128 0x49
 1779 006f 13       		.uleb128 0x13
 1780 0070 3F       		.uleb128 0x3f
 1781 0071 19       		.uleb128 0x19
 1782 0072 02       		.uleb128 0x2
 1783 0073 18       		.uleb128 0x18
 1784 0074 00       		.byte	0
 1785 0075 00       		.byte	0
 1786 0076 00       		.byte	0
 1787              		.section	.debug_aranges,"",%progbits
 1788 0000 14000000 		.4byte	0x14
 1789 0004 0200     		.2byte	0x2
 1790 0006 00000000 		.4byte	.Ldebug_info0
 1791 000a 04       		.byte	0x4
 1792 000b 00       		.byte	0
 1793 000c 0000     		.2byte	0
 1794 000e 0000     		.2byte	0
 1795 0010 00000000 		.4byte	0
 1796 0014 00000000 		.4byte	0
 1797              		.section	.debug_line,"",%progbits
 1798              	.Ldebug_line0:
 1799 0000 3D010000 		.section	.debug_str,"MS",%progbits,1
 1799      02003701 
 1799      00000201 
 1799      FB0E0D00 
 1799      01010101 
 1800              	.LASF9:
 1801 0000 5F5F7569 		.ascii	"__uint8_t\000"
 1801      6E74385F 
 1801      7400
 1802              	.LASF16:
 1803 000a 63795F6D 		.ascii	"cy_metadata\000"
 1803      65746164 
 1803      61746100 
 1804              	.LASF1:
 1805 0016 756E7369 		.ascii	"unsigned char\000"
 1805      676E6564 
 1805      20636861 
 1805      7200
 1806              	.LASF17:
 1807 0024 474E5520 		.ascii	"GNU C11 5.4.1 20160609 (release) [ARM/embedded-5-br"
 1807      43313120 
 1807      352E342E 
ARM GAS  C:\Users\atill\AppData\Local\Temp\ccnFTBak.s 			page 33


 1807      31203230 
 1807      31363036 
 1808 0057 616E6368 		.ascii	"anch revision 237715] -mcpu=cortex-m3 -mthumb -g -O"
 1808      20726576 
 1808      6973696F 
 1808      6E203233 
 1808      37373135 
 1809 008a 67202D66 		.ascii	"g -ffunction-sections -ffat-lto-objects\000"
 1809      66756E63 
 1809      74696F6E 
 1809      2D736563 
 1809      74696F6E 
 1810              	.LASF5:
 1811 00b2 6C6F6E67 		.ascii	"long unsigned int\000"
 1811      20756E73 
 1811      69676E65 
 1811      6420696E 
 1811      7400
 1812              	.LASF3:
 1813 00c4 73686F72 		.ascii	"short unsigned int\000"
 1813      7420756E 
 1813      7369676E 
 1813      65642069 
 1813      6E7400
 1814              	.LASF13:
 1815 00d7 63795F6D 		.ascii	"cy_meta_custnvl\000"
 1815      6574615F 
 1815      63757374 
 1815      6E766C00 
 1816              	.LASF12:
 1817 00e7 63795F6D 		.ascii	"cy_meta_configecc\000"
 1817      6574615F 
 1817      636F6E66 
 1817      69676563 
 1817      6300
 1818              	.LASF8:
 1819 00f9 756E7369 		.ascii	"unsigned int\000"
 1819      676E6564 
 1819      20696E74 
 1819      00
 1820              	.LASF7:
 1821 0106 6C6F6E67 		.ascii	"long long unsigned int\000"
 1821      206C6F6E 
 1821      6720756E 
 1821      7369676E 
 1821      65642069 
 1822              	.LASF10:
 1823 011d 75696E74 		.ascii	"uint8_t\000"
 1823      385F7400 
 1824              	.LASF15:
 1825 0125 63795F6D 		.ascii	"cy_meta_flashprotect\000"
 1825      6574615F 
 1825      666C6173 
 1825      6870726F 
 1825      74656374 
 1826              	.LASF14:
 1827 013a 63795F6D 		.ascii	"cy_meta_wonvl\000"
ARM GAS  C:\Users\atill\AppData\Local\Temp\ccnFTBak.s 			page 34


 1827      6574615F 
 1827      776F6E76 
 1827      6C00
 1828              	.LASF11:
 1829 0148 73697A65 		.ascii	"sizetype\000"
 1829      74797065 
 1829      00
 1830              	.LASF6:
 1831 0151 6C6F6E67 		.ascii	"long long int\000"
 1831      206C6F6E 
 1831      6720696E 
 1831      7400
 1832              	.LASF19:
 1833 015f 433A5C55 		.ascii	"C:\\Users\\atill\\OneDrive\\Documenten\\PSoC Creato"
 1833      73657273 
 1833      5C617469 
 1833      6C6C5C4F 
 1833      6E654472 
 1834 018d 725C486F 		.ascii	"r\\Homework\\G.cydsn\000"
 1834      6D65776F 
 1834      726B5C47 
 1834      2E637964 
 1834      736E00
 1835              	.LASF2:
 1836 01a0 73686F72 		.ascii	"short int\000"
 1836      7420696E 
 1836      7400
 1837              	.LASF4:
 1838 01aa 6C6F6E67 		.ascii	"long int\000"
 1838      20696E74 
 1838      00
 1839              	.LASF0:
 1840 01b3 7369676E 		.ascii	"signed char\000"
 1840      65642063 
 1840      68617200 
 1841              	.LASF18:
 1842 01bf 47656E65 		.ascii	"Generated_Source\\PSoC5\\cymetadata.c\000"
 1842      72617465 
 1842      645F536F 
 1842      75726365 
 1842      5C50536F 
 1843              		.ident	"GCC: (GNU Tools for ARM Embedded Processors) 5.4.1 20160609 (release) [ARM/embedded-5-bran
