Loading plugins phase: Elapsed time ==> 0s.201ms
<CYPRESSTAG name="CyDsfit arguments...">
cydsfit arguments: -.fdsnotice -.fdswarpdepfile=warp_dependencies.txt -.fdselabdepfile=elab_dependencies.txt -.fdsbldfile=generated_files.txt -.fdsreffile=referenced_files.txt -p C:\Users\atill\OneDrive\Documenten\PSoC Creator\Homework\E Debouncer V2.cydsn\E Debouncer V2.cyprj -d CY8C5888LTI-LP097 -s C:\Users\atill\OneDrive\Documenten\PSoC Creator\Homework\E Debouncer V2.cydsn\Generated_Source\PSoC5 -- -yv2 -q10 -ygs -o2 -v3 -.fftcfgtype=LE
</CYPRESSTAG>
<CYPRESSTAG name="Design elaboration results...">
</CYPRESSTAG>
Elaboration phase: Elapsed time ==> 1s.331ms
<CYPRESSTAG name="HDL generation results...">
</CYPRESSTAG>
HDL generation phase: Elapsed time ==> 0s.061ms
<CYPRESSTAG name="Synthesis results...">

     | | | | | | |
   _________________
  -|               |-
  -|               |-
  -|               |-
  -|    CYPRESS    |-
  -|               |-
  -|               |-   Warp Verilog Synthesis Compiler: Version 6.3 IR 41
  -|               |-   Copyright (C) 1991-2001 Cypress Semiconductor
   |_______________|
     | | | | | | |

======================================================================
Compiling:  E Debouncer V2.v
Program  :   C:\Program Files (x86)\Cypress\PSoC Creator\4.4\PSoC Creator\warp\bin\warp.exe
Options  :    -yv2 -q10 -ygs -o2 -v3 -.fftcfgtype=LE -ya -.fftprj=C:\Users\atill\OneDrive\Documenten\PSoC Creator\Homework\E Debouncer V2.cydsn\E Debouncer V2.cyprj -dcpsoc3 E Debouncer V2.v -verilog
======================================================================

======================================================================
Compiling:  E Debouncer V2.v
Program  :   C:\Program Files (x86)\Cypress\PSoC Creator\4.4\PSoC Creator\warp\bin\warp.exe
Options  :    -yv2 -q10 -ygs -o2 -v3 -.fftcfgtype=LE -ya -.fftprj=C:\Users\atill\OneDrive\Documenten\PSoC Creator\Homework\E Debouncer V2.cydsn\E Debouncer V2.cyprj -dcpsoc3 E Debouncer V2.v -verilog
======================================================================

======================================================================
Compiling:  E Debouncer V2.v
Program  :   vlogfe
Options  :    -yv2 -q10 -ygs -o2 -v3 -.fftcfgtype=LE -ya -.fftprj=C:\Users\atill\OneDrive\Documenten\PSoC Creator\Homework\E Debouncer V2.cydsn\E Debouncer V2.cyprj -dcpsoc3 -verilog E Debouncer V2.v
======================================================================

vlogfe V6.3 IR 41:  Verilog parser
Mon Jan 04 20:04:16 2021


======================================================================
Compiling:  E Debouncer V2.v
Program  :   vpp
Options  :    -yv2 -q10 E Debouncer V2.v
======================================================================

vpp V6.3 IR 41:  Verilog Pre-Processor
Mon Jan 04 20:04:16 2021

Flattening file 'C:\Program Files (x86)\Cypress\PSoC Creator\4.4\PSoC Creator\psoc\content\CyPrimitives\cyprimitives.cylib\cy_analog_virtualmux_v1_0\cy_analog_virtualmux_v1_0.v'
Flattening file 'C:\Program Files (x86)\Cypress\PSoC Creator\4.4\PSoC Creator\psoc\content\CyPrimitives\cyprimitives.cylib\ZeroTerminal\ZeroTerminal.v'
Flattening file 'C:\Program Files (x86)\Cypress\PSoC Creator\4.4\PSoC Creator\psoc\content\CyPrimitives\cyprimitives.cylib\cy_virtualmux_v1_0\cy_virtualmux_v1_0.v'
Flattening file 'C:\Program Files (x86)\Cypress\PSoC Creator\4.4\PSoC Creator\psoc\content\CyPrimitives\cyprimitives.cylib\cy_vref_v1_70\cy_vref_v1_70.v'
Flattening file 'C:\Program Files (x86)\Cypress\PSoC Creator\4.4\PSoC Creator\psoc\content\CyPrimitives\cyprimitives.cylib\or_v1_0\or_v1_0.v'
Flattening file 'C:\Program Files (x86)\Cypress\PSoC Creator\4.4\PSoC Creator\psoc\content\CyPrimitives\cyprimitives.cylib\cy_constant_v1_0\cy_constant_v1_0.v'
Flattening file 'C:\Program Files (x86)\Cypress\PSoC Creator\4.4\PSoC Creator\psoc\content\CyComponentLibrary\CyComponentLibrary.cylib\Debouncer_v1_0\Debouncer_v1_0.v'
Flattening file 'C:\Program Files (x86)\Cypress\PSoC Creator\4.4\PSoC Creator\warp\lib\common\cypress.v'
Flattening file 'C:\Program Files (x86)\Cypress\PSoC Creator\4.4\PSoC Creator\warp\lib\common\cy_psoc3_inc.v'
Flattening file 'C:\Program Files (x86)\Cypress\PSoC Creator\4.4\PSoC Creator\psoc\content\CyPrimitives\cyprimitives.cylib\cydff_v1_30\cydff_v1_30.v'
Flattening file 'C:\Program Files (x86)\Cypress\PSoC Creator\4.4\PSoC Creator\psoc\content\CyPrimitives\cyprimitives.cylib\not_v1_0\not_v1_0.v'

vpp:  No errors.

Library 'work' => directory 'lcpsoc3'
General_symbol_table
General_symbol_table
Linking 'C:\Program Files (x86)\Cypress\PSoC Creator\4.4\PSoC Creator\warp\lib\common\std.vhd'.
Linking 'C:\Program Files (x86)\Cypress\PSoC Creator\4.4\PSoC Creator\warp\lib\common\cypress.vhd'.
Linking 'C:\Program Files (x86)\Cypress\PSoC Creator\4.4\PSoC Creator\warp\lib\common\work\cypress.vif'.
Linking 'C:\Program Files (x86)\Cypress\PSoC Creator\4.4\PSoC Creator\warp\lib\ieee\work\stdlogic.vif'.
Linking 'C:\Program Files (x86)\Cypress\PSoC Creator\4.4\PSoC Creator\warp\lib\common\stdlogic\lpmpkg.vif'.
Linking 'C:\Program Files (x86)\Cypress\PSoC Creator\4.4\PSoC Creator\warp\lib\common\stdlogic\rtlpkg.vif'.
Linking 'C:\Program Files (x86)\Cypress\PSoC Creator\4.4\PSoC Creator\warp\lib\common\stdlogic\mod_cnst.vif'.
Linking 'C:\Program Files (x86)\Cypress\PSoC Creator\4.4\PSoC Creator\warp\lib\common\stdlogic\mod_mthv.vif'.
Linking 'C:\Program Files (x86)\Cypress\PSoC Creator\4.4\PSoC Creator\warp\lib\common\stdlogic\mod_genv.vif'.
Using control file 'E Debouncer V2.ctl'.

vlogfe:  No errors.


======================================================================
Compiling:  E Debouncer V2.v
Program  :   tovif
Options  :    -yv2 -q10 -ygs -o2 -v3 -.fftcfgtype=LE -ya -.fftprj=C:\Users\atill\OneDrive\Documenten\PSoC Creator\Homework\E Debouncer V2.cydsn\E Debouncer V2.cyprj -dcpsoc3 -verilog E Debouncer V2.v
======================================================================

tovif V6.3 IR 41:  High-level synthesis
Mon Jan 04 20:04:16 2021

Linking 'C:\Program Files (x86)\Cypress\PSoC Creator\4.4\PSoC Creator\warp\lib\common\std.vhd'.
Linking 'C:\Program Files (x86)\Cypress\PSoC Creator\4.4\PSoC Creator\warp\lib\common\cypress.vhd'.
Linking 'C:\Program Files (x86)\Cypress\PSoC Creator\4.4\PSoC Creator\warp\lib\common\work\cypress.vif'.
Linking 'C:\Program Files (x86)\Cypress\PSoC Creator\4.4\PSoC Creator\warp\lib\ieee\work\stdlogic.vif'.
Linking 'C:\Program Files (x86)\Cypress\PSoC Creator\4.4\PSoC Creator\warp\lib\common\stdlogic\lpmpkg.vif'.
Linking 'C:\Program Files (x86)\Cypress\PSoC Creator\4.4\PSoC Creator\warp\lib\common\stdlogic\rtlpkg.vif'.
Linking 'C:\Program Files (x86)\Cypress\PSoC Creator\4.4\PSoC Creator\warp\lib\common\stdlogic\mod_cnst.vif'.
Linking 'C:\Program Files (x86)\Cypress\PSoC Creator\4.4\PSoC Creator\warp\lib\common\stdlogic\mod_mthv.vif'.
Linking 'C:\Program Files (x86)\Cypress\PSoC Creator\4.4\PSoC Creator\warp\lib\common\stdlogic\mod_genv.vif'.
Linking 'C:\Users\atill\OneDrive\Documenten\PSoC Creator\Homework\E Debouncer V2.cydsn\codegentemp\E Debouncer V2.ctl'.
Linking 'C:\Program Files (x86)\Cypress\PSoC Creator\4.4\PSoC Creator\psoc\content\CyPrimitives\cyprimitives.cylib\cy_analog_virtualmux_v1_0\cy_analog_virtualmux_v1_0.v'.
Linking 'C:\Users\atill\OneDrive\Documenten\PSoC Creator\Homework\E Debouncer V2.cydsn\codegentemp\E Debouncer V2.v'.
Linking 'C:\Program Files (x86)\Cypress\PSoC Creator\4.4\PSoC Creator\psoc\content\CyPrimitives\cyprimitives.cylib\ZeroTerminal\ZeroTerminal.v'.
Linking 'C:\Program Files (x86)\Cypress\PSoC Creator\4.4\PSoC Creator\psoc\content\CyPrimitives\cyprimitives.cylib\cy_virtualmux_v1_0\cy_virtualmux_v1_0.v'.
Linking 'C:\Program Files (x86)\Cypress\PSoC Creator\4.4\PSoC Creator\psoc\content\CyPrimitives\cyprimitives.cylib\cy_vref_v1_70\cy_vref_v1_70.v'.
Linking 'C:\Program Files (x86)\Cypress\PSoC Creator\4.4\PSoC Creator\psoc\content\CyPrimitives\cyprimitives.cylib\or_v1_0\or_v1_0.v'.
Linking 'C:\Program Files (x86)\Cypress\PSoC Creator\4.4\PSoC Creator\psoc\content\CyPrimitives\cyprimitives.cylib\cy_constant_v1_0\cy_constant_v1_0.v'.
Linking 'C:\Program Files (x86)\Cypress\PSoC Creator\4.4\PSoC Creator\psoc\content\CyComponentLibrary\CyComponentLibrary.cylib\Debouncer_v1_0\Debouncer_v1_0.v'.
Linking 'C:\Program Files (x86)\Cypress\PSoC Creator\4.4\PSoC Creator\warp\lib\common\cypress.v'.
Linking 'C:\Program Files (x86)\Cypress\PSoC Creator\4.4\PSoC Creator\warp\lib\common\cy_psoc3_inc.v'.
Linking 'C:\Program Files (x86)\Cypress\PSoC Creator\4.4\PSoC Creator\psoc\content\CyPrimitives\cyprimitives.cylib\cydff_v1_30\cydff_v1_30.v'.
Linking 'C:\Program Files (x86)\Cypress\PSoC Creator\4.4\PSoC Creator\psoc\content\CyPrimitives\cyprimitives.cylib\not_v1_0\not_v1_0.v'.

tovif:  No errors.


======================================================================
Compiling:  E Debouncer V2.v
Program  :   topld
Options  :    -yv2 -q10 -ygs -o2 -v3 -.fftcfgtype=LE -ya -.fftprj=C:\Users\atill\OneDrive\Documenten\PSoC Creator\Homework\E Debouncer V2.cydsn\E Debouncer V2.cyprj -dcpsoc3 -verilog E Debouncer V2.v
======================================================================

topld V6.3 IR 41:  Synthesis and optimization
Mon Jan 04 20:04:16 2021

Linking 'C:\Program Files (x86)\Cypress\PSoC Creator\4.4\PSoC Creator\warp\lib\common\std.vhd'.
Linking 'C:\Program Files (x86)\Cypress\PSoC Creator\4.4\PSoC Creator\warp\lib\common\cypress.vhd'.
Linking 'C:\Program Files (x86)\Cypress\PSoC Creator\4.4\PSoC Creator\warp\lib\common\work\cypress.vif'.
Linking 'C:\Program Files (x86)\Cypress\PSoC Creator\4.4\PSoC Creator\warp\lib\ieee\work\stdlogic.vif'.
Linking 'C:\Program Files (x86)\Cypress\PSoC Creator\4.4\PSoC Creator\warp\lib\common\stdlogic\lpmpkg.vif'.
Linking 'C:\Program Files (x86)\Cypress\PSoC Creator\4.4\PSoC Creator\warp\lib\common\stdlogic\rtlpkg.vif'.
Linking 'C:\Program Files (x86)\Cypress\PSoC Creator\4.4\PSoC Creator\warp\lib\common\stdlogic\mod_cnst.vif'.
Linking 'C:\Program Files (x86)\Cypress\PSoC Creator\4.4\PSoC Creator\warp\lib\common\stdlogic\mod_mthv.vif'.
Linking 'C:\Program Files (x86)\Cypress\PSoC Creator\4.4\PSoC Creator\warp\lib\common\stdlogic\mod_genv.vif'.
Linking 'C:\Users\atill\OneDrive\Documenten\PSoC Creator\Homework\E Debouncer V2.cydsn\codegentemp\E Debouncer V2.ctl'.
Linking 'C:\Program Files (x86)\Cypress\PSoC Creator\4.4\PSoC Creator\psoc\content\CyPrimitives\cyprimitives.cylib\cy_analog_virtualmux_v1_0\cy_analog_virtualmux_v1_0.v'.
Linking 'C:\Users\atill\OneDrive\Documenten\PSoC Creator\Homework\E Debouncer V2.cydsn\codegentemp\E Debouncer V2.v'.
Linking 'C:\Program Files (x86)\Cypress\PSoC Creator\4.4\PSoC Creator\psoc\content\CyPrimitives\cyprimitives.cylib\ZeroTerminal\ZeroTerminal.v'.
Linking 'C:\Program Files (x86)\Cypress\PSoC Creator\4.4\PSoC Creator\psoc\content\CyPrimitives\cyprimitives.cylib\cy_virtualmux_v1_0\cy_virtualmux_v1_0.v'.
Linking 'C:\Program Files (x86)\Cypress\PSoC Creator\4.4\PSoC Creator\psoc\content\CyPrimitives\cyprimitives.cylib\cy_vref_v1_70\cy_vref_v1_70.v'.
Linking 'C:\Program Files (x86)\Cypress\PSoC Creator\4.4\PSoC Creator\psoc\content\CyPrimitives\cyprimitives.cylib\or_v1_0\or_v1_0.v'.
Linking 'C:\Program Files (x86)\Cypress\PSoC Creator\4.4\PSoC Creator\psoc\content\CyPrimitives\cyprimitives.cylib\cy_constant_v1_0\cy_constant_v1_0.v'.
Linking 'C:\Program Files (x86)\Cypress\PSoC Creator\4.4\PSoC Creator\psoc\content\CyComponentLibrary\CyComponentLibrary.cylib\Debouncer_v1_0\Debouncer_v1_0.v'.
Linking 'C:\Program Files (x86)\Cypress\PSoC Creator\4.4\PSoC Creator\warp\lib\common\cypress.v'.
Linking 'C:\Program Files (x86)\Cypress\PSoC Creator\4.4\PSoC Creator\warp\lib\common\cy_psoc3_inc.v'.
Linking 'C:\Program Files (x86)\Cypress\PSoC Creator\4.4\PSoC Creator\psoc\content\CyPrimitives\cyprimitives.cylib\cydff_v1_30\cydff_v1_30.v'.
Linking 'C:\Program Files (x86)\Cypress\PSoC Creator\4.4\PSoC Creator\psoc\content\CyPrimitives\cyprimitives.cylib\not_v1_0\not_v1_0.v'.
Linking 'C:\Program Files (x86)\Cypress\PSoC Creator\4.4\PSoC Creator\warp\lib\lcpsoc3\stdlogic\cpsoc3.vif'.

----------------------------------------------------------
Detecting unused logic.
----------------------------------------------------------
    User names
	Net_126


Deleted 1 User equation or component.
Deleted 0 Synthesized equations/components.

------------------------------------------------------
Alias Detection
------------------------------------------------------
Aliasing tmpOE__HELFT_A_net_3 to tmpOE__HELFT_A_net_4
Aliasing tmpOE__HELFT_A_net_2 to tmpOE__HELFT_A_net_4
Aliasing tmpOE__HELFT_A_net_1 to tmpOE__HELFT_A_net_4
Aliasing tmpOE__HELFT_A_net_0 to tmpOE__HELFT_A_net_4
Aliasing one to tmpOE__HELFT_A_net_4
Aliasing tmpOE__HELFT_B_net_4 to tmpOE__HELFT_A_net_4
Aliasing tmpOE__HELFT_B_net_3 to tmpOE__HELFT_A_net_4
Aliasing tmpOE__HELFT_B_net_2 to tmpOE__HELFT_A_net_4
Aliasing tmpOE__HELFT_B_net_1 to tmpOE__HELFT_A_net_4
Aliasing tmpOE__HELFT_B_net_0 to tmpOE__HELFT_A_net_4
Aliasing tmpOE__Pin_1_net_0 to tmpOE__HELFT_A_net_4
Aliasing tmpOE__Pin_2_net_0 to tmpOE__HELFT_A_net_4
Aliasing \ADC_SAR_1:vp_ctl_0\ to zero
Aliasing \ADC_SAR_1:vp_ctl_2\ to zero
Aliasing \ADC_SAR_1:vn_ctl_1\ to zero
Aliasing \ADC_SAR_1:vn_ctl_3\ to zero
Aliasing \ADC_SAR_1:vp_ctl_1\ to zero
Aliasing \ADC_SAR_1:vp_ctl_3\ to zero
Aliasing \ADC_SAR_1:vn_ctl_0\ to zero
Aliasing \ADC_SAR_1:vn_ctl_2\ to zero
Aliasing \ADC_SAR_1:soc\ to zero
Aliasing \ADC_SAR_1:Net_383\ to zero
Aliasing tmpOE__Pin_3_net_0 to tmpOE__HELFT_A_net_4
Aliasing tmpOE__Outdiv2_net_0 to tmpOE__HELFT_A_net_4
Aliasing Net_125D to zero
Aliasing Net_123D to zero
Removing Lhs of wire tmpOE__HELFT_A_net_3[2] = tmpOE__HELFT_A_net_4[1]
Removing Lhs of wire tmpOE__HELFT_A_net_2[3] = tmpOE__HELFT_A_net_4[1]
Removing Lhs of wire tmpOE__HELFT_A_net_1[4] = tmpOE__HELFT_A_net_4[1]
Removing Lhs of wire tmpOE__HELFT_A_net_0[5] = tmpOE__HELFT_A_net_4[1]
Removing Lhs of wire one[23] = tmpOE__HELFT_A_net_4[1]
Removing Lhs of wire tmpOE__HELFT_B_net_4[26] = tmpOE__HELFT_A_net_4[1]
Removing Lhs of wire tmpOE__HELFT_B_net_3[27] = tmpOE__HELFT_A_net_4[1]
Removing Lhs of wire tmpOE__HELFT_B_net_2[28] = tmpOE__HELFT_A_net_4[1]
Removing Lhs of wire tmpOE__HELFT_B_net_1[29] = tmpOE__HELFT_A_net_4[1]
Removing Lhs of wire tmpOE__HELFT_B_net_0[30] = tmpOE__HELFT_A_net_4[1]
Removing Lhs of wire tmpOE__Pin_1_net_0[49] = tmpOE__HELFT_A_net_4[1]
Removing Lhs of wire tmpOE__Pin_2_net_0[90] = tmpOE__HELFT_A_net_4[1]
Removing Lhs of wire \ADC_SAR_1:vp_ctl_0\[102] = zero[6]
Removing Lhs of wire \ADC_SAR_1:vp_ctl_2\[103] = zero[6]
Removing Lhs of wire \ADC_SAR_1:vn_ctl_1\[104] = zero[6]
Removing Lhs of wire \ADC_SAR_1:vn_ctl_3\[105] = zero[6]
Removing Lhs of wire \ADC_SAR_1:vp_ctl_1\[106] = zero[6]
Removing Lhs of wire \ADC_SAR_1:vp_ctl_3\[107] = zero[6]
Removing Lhs of wire \ADC_SAR_1:vn_ctl_0\[108] = zero[6]
Removing Lhs of wire \ADC_SAR_1:vn_ctl_2\[109] = zero[6]
Removing Rhs of wire \ADC_SAR_1:Net_188\[113] = \ADC_SAR_1:Net_221\[114]
Removing Lhs of wire \ADC_SAR_1:soc\[119] = zero[6]
Removing Lhs of wire \ADC_SAR_1:Net_383\[145] = zero[6]
Removing Lhs of wire tmpOE__Pin_3_net_0[158] = tmpOE__HELFT_A_net_4[1]
Removing Lhs of wire Net_129[179] = cydff_1[177]
Removing Lhs of wire tmpOE__Outdiv2_net_0[181] = tmpOE__HELFT_A_net_4[1]
Removing Lhs of wire \Debouncer_1:DEBOUNCER[0]:d_sync_0\\D\[186] = Net_120[159]
Removing Lhs of wire \Debouncer_1:DEBOUNCER[0]:d_sync_1\\D\[187] = \Debouncer_1:DEBOUNCER[0]:d_sync_0\[170]
Removing Lhs of wire Net_125D[188] = zero[6]
Removing Lhs of wire Net_123D[190] = zero[6]
Removing Lhs of wire cydff_1D[191] = Net_128[178]

------------------------------------------------------
Aliased 0 equations, 31 wires.
------------------------------------------------------

----------------------------------------------------------
Circuit simplification
----------------------------------------------------------

Substituting virtuals - pass 1:

Note:  Expanding virtual equation for 'zero' (cost = 0):
zero <=  ('0') ;


Substituting virtuals - pass 2:


----------------------------------------------------------
Circuit simplification results:

	Expanded 1 signals.
	Turned 0 signals into soft nodes.
	Maximum default expansion cost was set at 3.
----------------------------------------------------------

------------------------------------------------------
Alias Detection
------------------------------------------------------
Removing Lhs of wire \ADC_SAR_1:Net_188\[113] = \ADC_SAR_1:Net_385\[111]

------------------------------------------------------
Aliased 0 equations, 1 wires.
------------------------------------------------------

----------------------------------------------------------
Circuit simplification
----------------------------------------------------------

Eliminating unused logic - pass 1:


Eliminating unused logic - pass 2:


Substituting virtuals - pass 1:


----------------------------------------------------------
Circuit simplification results:

	Expanded 0 signals.
	Turned 0 signals into soft nodes.
	Maximum default expansion cost was set at 3.
----------------------------------------------------------

topld:  No errors.

CYPRESS_DIR    : C:\Program Files (x86)\Cypress\PSoC Creator\4.4\PSoC Creator\warp
Warp Program   : C:\Program Files (x86)\Cypress\PSoC Creator\4.4\PSoC Creator\warp\bin\warp.exe
Warp Arguments : -yv2 -q10 -ygs -o2 -v3 -.fftcfgtype=LE -ya "-.fftprj=C:\Users\atill\OneDrive\Documenten\PSoC Creator\Homework\E Debouncer V2.cydsn\E Debouncer V2.cyprj" -dcpsoc3 "E Debouncer V2.v" -verilog
</CYPRESSTAG>
Warp synthesis phase: Elapsed time ==> 0s.730ms
<CYPRESSTAG name="Fitter results...">
<CYPRESSTAG name="Fitter startup details...">
cyp3fit: V4.4.0.80, Family: PSoC3, Started at: Monday, 04 January 2021 20:04:16
Options: -yv2 -q10 -ygs -o2 -v3 -.fftcfgtype=LE -ya -.fftprj=C:\Users\atill\OneDrive\Documenten\PSoC Creator\Homework\E Debouncer V2.cydsn\E Debouncer V2.cyprj -d CY8C5888LTI-LP097 E Debouncer V2.v -verilog
</CYPRESSTAG>
<CYPRESSTAG name="Design parsing">
Design parsing phase: Elapsed time ==> 0s.011ms
</CYPRESSTAG>
<CYPRESSTAG name="Tech Mapping">
<CYPRESSTAG name="Initial Mapping" icon="FILE_RPT_TECHM">
    Converted constant MacroCell: Net_125 from registered to combinatorial
    Converted constant MacroCell: Net_123 from registered to combinatorial
<CYPRESSTAG name="Global Clock Selection" icon="FILE_RPT_TECHM">
    Analog  Clock 0: Automatic-assigning  clock 'ADC_SAR_1_theACLK'. Fanout=2, Signal=\ADC_SAR_1:Net_385\
    Digital Clock 0: Automatic-assigning  clock 'Clock_1'. Fanout=1, Signal=Net_122
</CYPRESSTAG>

Removing unused cells resulting from optimization
Done removing unused cells.
<CYPRESSTAG name="UDB Clock/Enable Remapping Results">
    UDB Clk/Enable \Debouncer_1:ClkSync\: with output requested to be synchronous
        ClockIn: Clock_1 was determined to be a global clock that is synchronous to BUS_CLK
        EnableIn: Constant 1 was determined to be synchronous to ClockIn
        ClockOut: Clock_1, EnableOut: Constant 1
</CYPRESSTAG>
<CYPRESSTAG name="UDB Routed Clock Assignment">
    Routed Clock: Net_124:macrocell.q
        Effective Clock: Clock_1
        Enable Signal: Net_124:macrocell.q
</CYPRESSTAG>
ADD: pft.M0040: information: The following 1 pin(s) will be assigned a location by the fitter: Outdiv2(0)


Removing unused cells resulting from optimization
Done removing unused cells.
<CYPRESSTAG name="Duplicate Macrocell detection">
</CYPRESSTAG>
</CYPRESSTAG>
<CYPRESSTAG name="Duplicate Macrocell detection">
</CYPRESSTAG>
<CYPRESSTAG name="Design Equations" icon="FILE_RPT_EQUATION">

------------------------------------------------------------
Design Equations
------------------------------------------------------------
    <CYPRESSTAG name="Pin listing">

    ------------------------------------------------------------
    Pin listing
    ------------------------------------------------------------

    Pin : Name = HELFT_A(0)
        Attributes:
            In Group/Port: True
            In Sync Option: AUTO
            Out Sync Option: NOSYNC
            Interrupt generated: False
            Interrupt mode: NONE
            Drive mode: CMOS_OUT
            VTrip: EITHER
            Slew: FAST
            Input Sync needed: False
            Output Sync needed: False
            SC shield enabled: False
            POR State: ANY
            LCD Mode: COMMON
            Register Mode: RegComb
            CaSense Mode: NEITHER
            Treat as pin: False
            Is OE Registered: False
            Uses Analog: False
            Can contain Digital: True
            Is SIO: False
            SIO Output Buf: NONREGULATED
            SIO Input Buf: SINGLE_ENDED
            SIO HiFreq: LOW
            SIO Hyst: DISABLED
            SIO Vtrip: MULTIPLIER_0_5
            SIO Multiplier Index: 0
            SIO RefSel: VCC_IO
            Required Capabilities: DIGITAL
            Initial Value: 0
            IO Voltage: 0
        PORT MAP (
            pa_out => HELFT_A(0)__PA ,
            annotation => Net_84 ,
            pad => HELFT_A(0)_PAD );
        Properties:
        {
        }

    Pin : Name = HELFT_A(1)
        Attributes:
            In Group/Port: True
            In Sync Option: AUTO
            Out Sync Option: NOSYNC
            Interrupt generated: False
            Interrupt mode: NONE
            Drive mode: CMOS_OUT
            VTrip: EITHER
            Slew: FAST
            Input Sync needed: False
            Output Sync needed: False
            SC shield enabled: False
            POR State: ANY
            LCD Mode: COMMON
            Register Mode: RegComb
            CaSense Mode: NEITHER
            Treat as pin: False
            Is OE Registered: False
            Uses Analog: False
            Can contain Digital: True
            Is SIO: False
            SIO Output Buf: NONREGULATED
            SIO Input Buf: SINGLE_ENDED
            SIO HiFreq: LOW
            SIO Hyst: DISABLED
            SIO Vtrip: MULTIPLIER_0_5
            SIO Multiplier Index: 0
            SIO RefSel: VCC_IO
            Required Capabilities: DIGITAL
            Initial Value: 0
            IO Voltage: 0
        PORT MAP (
            pa_out => HELFT_A(1)__PA ,
            annotation => Net_85 ,
            pad => HELFT_A(1)_PAD );
        Properties:
        {
        }

    Pin : Name = HELFT_A(2)
        Attributes:
            In Group/Port: True
            In Sync Option: AUTO
            Out Sync Option: NOSYNC
            Interrupt generated: False
            Interrupt mode: NONE
            Drive mode: CMOS_OUT
            VTrip: EITHER
            Slew: FAST
            Input Sync needed: False
            Output Sync needed: False
            SC shield enabled: False
            POR State: ANY
            LCD Mode: COMMON
            Register Mode: RegComb
            CaSense Mode: NEITHER
            Treat as pin: False
            Is OE Registered: False
            Uses Analog: False
            Can contain Digital: True
            Is SIO: False
            SIO Output Buf: NONREGULATED
            SIO Input Buf: SINGLE_ENDED
            SIO HiFreq: LOW
            SIO Hyst: DISABLED
            SIO Vtrip: MULTIPLIER_0_5
            SIO Multiplier Index: 0
            SIO RefSel: VCC_IO
            Required Capabilities: DIGITAL
            Initial Value: 0
            IO Voltage: 0
        PORT MAP (
            pa_out => HELFT_A(2)__PA ,
            annotation => Net_86 ,
            pad => HELFT_A(2)_PAD );
        Properties:
        {
        }

    Pin : Name = HELFT_A(3)
        Attributes:
            In Group/Port: True
            In Sync Option: AUTO
            Out Sync Option: NOSYNC
            Interrupt generated: False
            Interrupt mode: NONE
            Drive mode: CMOS_OUT
            VTrip: EITHER
            Slew: FAST
            Input Sync needed: False
            Output Sync needed: False
            SC shield enabled: False
            POR State: ANY
            LCD Mode: COMMON
            Register Mode: RegComb
            CaSense Mode: NEITHER
            Treat as pin: False
            Is OE Registered: False
            Uses Analog: False
            Can contain Digital: True
            Is SIO: False
            SIO Output Buf: NONREGULATED
            SIO Input Buf: SINGLE_ENDED
            SIO HiFreq: LOW
            SIO Hyst: DISABLED
            SIO Vtrip: MULTIPLIER_0_5
            SIO Multiplier Index: 0
            SIO RefSel: VCC_IO
            Required Capabilities: DIGITAL
            Initial Value: 0
            IO Voltage: 0
        PORT MAP (
            pa_out => HELFT_A(3)__PA ,
            annotation => Net_87 ,
            pad => HELFT_A(3)_PAD );
        Properties:
        {
        }

    Pin : Name = HELFT_A(4)
        Attributes:
            In Group/Port: True
            In Sync Option: AUTO
            Out Sync Option: NOSYNC
            Interrupt generated: False
            Interrupt mode: NONE
            Drive mode: CMOS_OUT
            VTrip: EITHER
            Slew: FAST
            Input Sync needed: False
            Output Sync needed: False
            SC shield enabled: False
            POR State: ANY
            LCD Mode: COMMON
            Register Mode: RegComb
            CaSense Mode: NEITHER
            Treat as pin: False
            Is OE Registered: False
            Uses Analog: False
            Can contain Digital: True
            Is SIO: False
            SIO Output Buf: NONREGULATED
            SIO Input Buf: SINGLE_ENDED
            SIO HiFreq: LOW
            SIO Hyst: DISABLED
            SIO Vtrip: MULTIPLIER_0_5
            SIO Multiplier Index: 0
            SIO RefSel: VCC_IO
            Required Capabilities: DIGITAL
            Initial Value: 0
            IO Voltage: 0
        PORT MAP (
            pa_out => HELFT_A(4)__PA ,
            annotation => Net_88 ,
            pad => HELFT_A(4)_PAD );
        Properties:
        {
        }

    Pin : Name = HELFT_B(0)
        Attributes:
            In Group/Port: True
            In Sync Option: AUTO
            Out Sync Option: NOSYNC
            Interrupt generated: False
            Interrupt mode: NONE
            Drive mode: CMOS_OUT
            VTrip: EITHER
            Slew: FAST
            Input Sync needed: False
            Output Sync needed: False
            SC shield enabled: False
            POR State: ANY
            LCD Mode: COMMON
            Register Mode: RegComb
            CaSense Mode: NEITHER
            Treat as pin: False
            Is OE Registered: False
            Uses Analog: False
            Can contain Digital: True
            Is SIO: False
            SIO Output Buf: NONREGULATED
            SIO Input Buf: SINGLE_ENDED
            SIO HiFreq: LOW
            SIO Hyst: DISABLED
            SIO Vtrip: MULTIPLIER_0_5
            SIO Multiplier Index: 0
            SIO RefSel: VCC_IO
            Required Capabilities: DIGITAL
            Initial Value: 0
            IO Voltage: 0
        PORT MAP (
            pa_out => HELFT_B(0)__PA ,
            annotation => Net_89 ,
            pad => HELFT_B(0)_PAD );
        Properties:
        {
        }

    Pin : Name = HELFT_B(1)
        Attributes:
            In Group/Port: True
            In Sync Option: AUTO
            Out Sync Option: NOSYNC
            Interrupt generated: False
            Interrupt mode: NONE
            Drive mode: CMOS_OUT
            VTrip: EITHER
            Slew: FAST
            Input Sync needed: False
            Output Sync needed: False
            SC shield enabled: False
            POR State: ANY
            LCD Mode: COMMON
            Register Mode: RegComb
            CaSense Mode: NEITHER
            Treat as pin: False
            Is OE Registered: False
            Uses Analog: False
            Can contain Digital: True
            Is SIO: False
            SIO Output Buf: NONREGULATED
            SIO Input Buf: SINGLE_ENDED
            SIO HiFreq: LOW
            SIO Hyst: DISABLED
            SIO Vtrip: MULTIPLIER_0_5
            SIO Multiplier Index: 0
            SIO RefSel: VCC_IO
            Required Capabilities: DIGITAL
            Initial Value: 0
            IO Voltage: 0
        PORT MAP (
            pa_out => HELFT_B(1)__PA ,
            annotation => Net_90 ,
            pad => HELFT_B(1)_PAD );
        Properties:
        {
        }

    Pin : Name = HELFT_B(2)
        Attributes:
            In Group/Port: True
            In Sync Option: AUTO
            Out Sync Option: NOSYNC
            Interrupt generated: False
            Interrupt mode: NONE
            Drive mode: CMOS_OUT
            VTrip: EITHER
            Slew: FAST
            Input Sync needed: False
            Output Sync needed: False
            SC shield enabled: False
            POR State: ANY
            LCD Mode: COMMON
            Register Mode: RegComb
            CaSense Mode: NEITHER
            Treat as pin: False
            Is OE Registered: False
            Uses Analog: False
            Can contain Digital: True
            Is SIO: False
            SIO Output Buf: NONREGULATED
            SIO Input Buf: SINGLE_ENDED
            SIO HiFreq: LOW
            SIO Hyst: DISABLED
            SIO Vtrip: MULTIPLIER_0_5
            SIO Multiplier Index: 0
            SIO RefSel: VCC_IO
            Required Capabilities: DIGITAL
            Initial Value: 0
            IO Voltage: 0
        PORT MAP (
            pa_out => HELFT_B(2)__PA ,
            annotation => Net_91 ,
            pad => HELFT_B(2)_PAD );
        Properties:
        {
        }

    Pin : Name = HELFT_B(3)
        Attributes:
            In Group/Port: True
            In Sync Option: AUTO
            Out Sync Option: NOSYNC
            Interrupt generated: False
            Interrupt mode: NONE
            Drive mode: CMOS_OUT
            VTrip: EITHER
            Slew: FAST
            Input Sync needed: False
            Output Sync needed: False
            SC shield enabled: False
            POR State: ANY
            LCD Mode: COMMON
            Register Mode: RegComb
            CaSense Mode: NEITHER
            Treat as pin: False
            Is OE Registered: False
            Uses Analog: False
            Can contain Digital: True
            Is SIO: False
            SIO Output Buf: NONREGULATED
            SIO Input Buf: SINGLE_ENDED
            SIO HiFreq: LOW
            SIO Hyst: DISABLED
            SIO Vtrip: MULTIPLIER_0_5
            SIO Multiplier Index: 0
            SIO RefSel: VCC_IO
            Required Capabilities: DIGITAL
            Initial Value: 0
            IO Voltage: 0
        PORT MAP (
            pa_out => HELFT_B(3)__PA ,
            annotation => Net_92 ,
            pad => HELFT_B(3)_PAD );
        Properties:
        {
        }

    Pin : Name = HELFT_B(4)
        Attributes:
            In Group/Port: True
            In Sync Option: AUTO
            Out Sync Option: NOSYNC
            Interrupt generated: False
            Interrupt mode: NONE
            Drive mode: CMOS_OUT
            VTrip: EITHER
            Slew: FAST
            Input Sync needed: False
            Output Sync needed: False
            SC shield enabled: False
            POR State: ANY
            LCD Mode: COMMON
            Register Mode: RegComb
            CaSense Mode: NEITHER
            Treat as pin: False
            Is OE Registered: False
            Uses Analog: False
            Can contain Digital: True
            Is SIO: False
            SIO Output Buf: NONREGULATED
            SIO Input Buf: SINGLE_ENDED
            SIO HiFreq: LOW
            SIO Hyst: DISABLED
            SIO Vtrip: MULTIPLIER_0_5
            SIO Multiplier Index: 0
            SIO RefSel: VCC_IO
            Required Capabilities: DIGITAL
            Initial Value: 0
            IO Voltage: 0
        PORT MAP (
            pa_out => HELFT_B(4)__PA ,
            annotation => Net_93 ,
            pad => HELFT_B(4)_PAD );
        Properties:
        {
        }

    Pin : Name = Pin_1(0)
        Attributes:
            In Group/Port: True
            In Sync Option: NOSYNC
            Out Sync Option: AUTO
            Interrupt generated: False
            Interrupt mode: NONE
            Drive mode: HI_Z_DIGITAL
            VTrip: CMOS
            Slew: FAST
            Input Sync needed: False
            Output Sync needed: False
            SC shield enabled: False
            POR State: ANY
            LCD Mode: COMMON
            Register Mode: RegComb
            CaSense Mode: NEITHER
            Treat as pin: True
            Is OE Registered: False
            Uses Analog: False
            Can contain Digital: True
            Is SIO: False
            SIO Output Buf: NONREGULATED
            SIO Input Buf: SINGLE_ENDED
            SIO HiFreq: LOW
            SIO Hyst: DISABLED
            SIO Vtrip: MULTIPLIER_0_5
            SIO Multiplier Index: 0
            SIO RefSel: VCC_IO
            Required Capabilities: DIGITAL
            Initial Value: 0
            IO Voltage: 0
        PORT MAP (
            pa_out => Pin_1(0)__PA ,
            pad => Pin_1(0)_PAD );
        Properties:
        {
        }

    Pin : Name = Pin_2(0)
        Attributes:
            In Group/Port: True
            In Sync Option: AUTO
            Out Sync Option: AUTO
            Interrupt generated: False
            Interrupt mode: NONE
            Drive mode: HI_Z_ANALOG
            VTrip: EITHER
            Slew: FAST
            Input Sync needed: False
            Output Sync needed: False
            SC shield enabled: False
            POR State: ANY
            LCD Mode: COMMON
            Register Mode: RegComb
            CaSense Mode: NEITHER
            Treat as pin: True
            Is OE Registered: False
            Uses Analog: True
            Can contain Digital: False
            Is SIO: False
            SIO Output Buf: NONREGULATED
            SIO Input Buf: SINGLE_ENDED
            SIO HiFreq: LOW
            SIO Hyst: DISABLED
            SIO Vtrip: MULTIPLIER_0_5
            SIO Multiplier Index: 0
            SIO RefSel: VCC_IO
            Required Capabilities: ANALOG
            Initial Value: 0
            IO Voltage: 0
        PORT MAP (
            pa_out => Pin_2(0)__PA ,
            analog_term => Net_107 ,
            annotation => Net_108 ,
            pad => Pin_2(0)_PAD );
        Properties:
        {
        }

    Pin : Name = Pin_3(0)
        Attributes:
            In Group/Port: True
            In Sync Option: NOSYNC
            Out Sync Option: AUTO
            Interrupt generated: False
            Interrupt mode: NONE
            Drive mode: RES_PULL_UP
            VTrip: CMOS
            Slew: FAST
            Input Sync needed: False
            Output Sync needed: False
            SC shield enabled: False
            POR State: ANY
            LCD Mode: COMMON
            Register Mode: RegComb
            CaSense Mode: NEITHER
            Treat as pin: True
            Is OE Registered: False
            Uses Analog: False
            Can contain Digital: True
            Is SIO: False
            SIO Output Buf: NONREGULATED
            SIO Input Buf: SINGLE_ENDED
            SIO HiFreq: LOW
            SIO Hyst: DISABLED
            SIO Vtrip: MULTIPLIER_0_5
            SIO Multiplier Index: 0
            SIO RefSel: VCC_IO
            Required Capabilities: DIGITAL, ROUTABLE
            Initial Value: 1
            IO Voltage: 0
        PORT MAP (
            pa_out => Pin_3(0)__PA ,
            fb => Net_120 ,
            annotation => Net_119 ,
            pad => Pin_3(0)_PAD );
        Properties:
        {
        }

    Pin : Name = Outdiv2(0)
        Attributes:
            In Group/Port: True
            In Sync Option: AUTO
            Out Sync Option: NOSYNC
            Interrupt generated: False
            Interrupt mode: NONE
            Drive mode: CMOS_OUT
            VTrip: EITHER
            Slew: FAST
            Input Sync needed: False
            Output Sync needed: False
            SC shield enabled: False
            POR State: ANY
            LCD Mode: COMMON
            Register Mode: RegComb
            CaSense Mode: NEITHER
            Treat as pin: True
            Is OE Registered: False
            Uses Analog: False
            Can contain Digital: True
            Is SIO: False
            SIO Output Buf: NONREGULATED
            SIO Input Buf: SINGLE_ENDED
            SIO HiFreq: LOW
            SIO Hyst: DISABLED
            SIO Vtrip: MULTIPLIER_0_5
            SIO Multiplier Index: 0
            SIO RefSel: VCC_IO
            Required Capabilities: DIGITAL, ROUTABLE
            Initial Value: 0
            IO Voltage: 0
        PORT MAP (
            pa_out => Outdiv2(0)__PA ,
            pin_input => cydff_1 ,
            pad => Outdiv2(0)_PAD );
    </CYPRESSTAG>
    <CYPRESSTAG name="Macrocell listing" icon="FILE_RPT_EQUATION">

    ------------------------------------------------------------
    Macrocell listing
    ------------------------------------------------------------

    MacroCell: Name=\Debouncer_1:DEBOUNCER[0]:d_sync_0\, Mode=(D-Register)
        Total # of inputs        : 1
        Total # of product terms : 1
        List of special equations: 
            Clock  = (Net_122) => Global
            Clock Enable: True
        Main Equation            : 1 pterm
        (
              Net_120
        );
        Output = \Debouncer_1:DEBOUNCER[0]:d_sync_0\ (fanout=2)

    MacroCell: Name=\Debouncer_1:DEBOUNCER[0]:d_sync_1\, Mode=(D-Register)
        Total # of inputs        : 1
        Total # of product terms : 1
        List of special equations: 
            Clock  = (Net_122) => Global
            Clock Enable: True
        Main Equation            : 1 pterm
        (
              \Debouncer_1:DEBOUNCER[0]:d_sync_0\
        );
        Output = \Debouncer_1:DEBOUNCER[0]:d_sync_1\ (fanout=1)

    MacroCell: Name=Net_124, Mode=(D-Register)
        Total # of inputs        : 2
        Total # of product terms : 1
        List of special equations: 
            Clock  = (Net_122) => Global
            Clock Enable: True
        Main Equation            : 1 pterm
        (
              !\Debouncer_1:DEBOUNCER[0]:d_sync_0\ * 
              \Debouncer_1:DEBOUNCER[0]:d_sync_1\
        );
        Output = Net_124 (fanout=1)

    MacroCell: Name=cydff_1, Mode=(T-Register)
        Total # of inputs        : 0
        Total # of product terms : 0
        List of special equations: 
            Clock  = (Net_122) => Global
            Clock Enable: PosEdge(Net_124)
        Main Equation            : 0 pterms
        !(
            0
        );
        Output = cydff_1 (fanout=1)
    </CYPRESSTAG>
    <CYPRESSTAG name="Datapath listing">
    </CYPRESSTAG>
    <CYPRESSTAG name="Status register listing">
    </CYPRESSTAG>
    <CYPRESSTAG name="StatusI register listing">
    </CYPRESSTAG>
    <CYPRESSTAG name="Sync listing">
    </CYPRESSTAG>
    <CYPRESSTAG name="Control register listing">
    </CYPRESSTAG>
    <CYPRESSTAG name="Count7 listing">
    </CYPRESSTAG>
    <CYPRESSTAG name="DRQ listing">
    </CYPRESSTAG>
    <CYPRESSTAG name="Interrupt listing">

    ------------------------------------------------------------
    Interrupt listing
    ------------------------------------------------------------

    interrupt: Name =\ADC_SAR_1:IRQ\
        PORT MAP (
            interrupt => Net_110 );
        Properties:
        {
            int_type = "10"
            is_nmi = 0
        }
    </CYPRESSTAG>
</CYPRESSTAG>
<CYPRESSTAG name="Technology mapping summary" expanded>

------------------------------------------------------------
Technology mapping summary
------------------------------------------------------------

Resource Type                 : Used : Free :  Max :  % Used
============================================================
Digital Clocks                :    1 :    7 :    8 : 12.50 %
Analog Clocks                 :    1 :    3 :    4 : 25.00 %
CapSense Buffers              :    0 :    2 :    2 :  0.00 %
Digital Filter Block          :    0 :    1 :    1 :  0.00 %
Interrupts                    :    1 :   31 :   32 :  3.13 %
IO                            :   17 :   31 :   48 : 35.42 %
Segment LCD                   :    0 :    1 :    1 :  0.00 %
CAN 2.0b                      :    0 :    1 :    1 :  0.00 %
I2C                           :    0 :    1 :    1 :  0.00 %
USB                           :    0 :    1 :    1 :  0.00 %
DMA Channels                  :    0 :   24 :   24 :  0.00 %
Timer                         :    0 :    4 :    4 :  0.00 %
UDB                           :      :      :      :        
  Macrocells                  :    4 :  188 :  192 :  2.08 %
  Unique P-terms              :    3 :  381 :  384 :  0.78 %
  Total P-terms               :    3 :      :      :        
  Datapath Cells              :    0 :   24 :   24 :  0.00 %
  Status Cells                :    0 :   24 :   24 :  0.00 %
  Control Cells               :    0 :   24 :   24 :  0.00 %
Opamp                         :    0 :    4 :    4 :  0.00 %
Comparator                    :    0 :    4 :    4 :  0.00 %
Delta-Sigma ADC               :    0 :    1 :    1 :  0.00 %
LPF                           :    0 :    2 :    2 :  0.00 %
SAR ADC                       :    1 :    1 :    2 : 50.00 %
Analog (SC/CT) Blocks         :    0 :    4 :    4 :  0.00 %
DAC                           :      :      :      :        
  VIDAC                       :    0 :    4 :    4 :  0.00 %
</CYPRESSTAG>
Technology Mapping: Elapsed time ==> 0s.088ms
Tech Mapping phase: Elapsed time ==> 0s.146ms
</CYPRESSTAG>
<CYPRESSTAG name="Analog Placement">
Initial Analog Placement Results:
IO_0@[IOP=(0)][IoId=(0)] : HELFT_A(0) (fixed)
IO_1@[IOP=(0)][IoId=(1)] : HELFT_A(1) (fixed)
IO_2@[IOP=(0)][IoId=(2)] : HELFT_A(2) (fixed)
IO_3@[IOP=(0)][IoId=(3)] : HELFT_A(3) (fixed)
IO_4@[IOP=(0)][IoId=(4)] : HELFT_A(4) (fixed)
IO_3@[IOP=(2)][IoId=(3)] : HELFT_B(0) (fixed)
IO_4@[IOP=(2)][IoId=(4)] : HELFT_B(1) (fixed)
IO_5@[IOP=(2)][IoId=(5)] : HELFT_B(2) (fixed)
IO_6@[IOP=(2)][IoId=(6)] : HELFT_B(3) (fixed)
IO_7@[IOP=(2)][IoId=(7)] : HELFT_B(4) (fixed)
IO_0@[IOP=(3)][IoId=(0)] : Pin_1(0) (fixed)
IO_6@[IOP=(0)][IoId=(6)] : Pin_2(0) (fixed)
IO_7@[IOP=(0)][IoId=(7)] : Pin_3(0) (fixed)
SAR[1]@[FFB(SAR,1)] : \ADC_SAR_1:ADC_SAR\
Vref[13]@[FFB(Vref,13)] : \ADC_SAR_1:vRef_Vdda_1\
Log: apr.M0058: The analog placement iterative improvement is 44% done. (App=cydsfit)
Analog Placement Results:
IO_0@[IOP=(0)][IoId=(0)] : HELFT_A(0) (fixed)
IO_1@[IOP=(0)][IoId=(1)] : HELFT_A(1) (fixed)
IO_2@[IOP=(0)][IoId=(2)] : HELFT_A(2) (fixed)
IO_3@[IOP=(0)][IoId=(3)] : HELFT_A(3) (fixed)
IO_4@[IOP=(0)][IoId=(4)] : HELFT_A(4) (fixed)
IO_3@[IOP=(2)][IoId=(3)] : HELFT_B(0) (fixed)
IO_4@[IOP=(2)][IoId=(4)] : HELFT_B(1) (fixed)
IO_5@[IOP=(2)][IoId=(5)] : HELFT_B(2) (fixed)
IO_6@[IOP=(2)][IoId=(6)] : HELFT_B(3) (fixed)
IO_7@[IOP=(2)][IoId=(7)] : HELFT_B(4) (fixed)
IO_0@[IOP=(3)][IoId=(0)] : Pin_1(0) (fixed)
IO_6@[IOP=(0)][IoId=(6)] : Pin_2(0) (fixed)
IO_7@[IOP=(0)][IoId=(7)] : Pin_3(0) (fixed)
SAR[0]@[FFB(SAR,0)] : \ADC_SAR_1:ADC_SAR\
Vref[13]@[FFB(Vref,13)] : \ADC_SAR_1:vRef_Vdda_1\

Analog Placement phase: Elapsed time ==> 0s.370ms
</CYPRESSTAG>
<CYPRESSTAG name="Analog Routing">
Analog Routing phase: Elapsed time ==> 0s.001ms
</CYPRESSTAG>
<CYPRESSTAG name="Analog Code Generation">
============ Analog Final Answer Routes ============
Dump of CyAnalogRoutingResultsDB
Map of net to items {
  Net: Net_107 {
    sar_0_vplus
    agl6_x_sar_0_vplus
    agl6
    agl6_x_p0_6
    p0_6
  }
  Net: \ADC_SAR_1:Net_126\ {
    sar_0_vrefhi
    sar_0_vminus_x_sar_0_vrefhi
    sar_0_vminus
  }
  Net: \ADC_SAR_1:Net_209\ {
  }
  Net: \ADC_SAR_1:Net_235\ {
    common_sar_vref_vdda/2
    common_sar_vref_vdda/2_x_sar_0_vref_vdda_vdda_2
    sar_0_vref_vdda_vdda_2
    sar_0_vref_x_sar_0_vref_vdda_vdda_2
    sar_0_vref
  }
}
Map of item to net {
  sar_0_vplus                                      -> Net_107
  agl6_x_sar_0_vplus                               -> Net_107
  agl6                                             -> Net_107
  agl6_x_p0_6                                      -> Net_107
  p0_6                                             -> Net_107
  sar_0_vrefhi                                     -> \ADC_SAR_1:Net_126\
  sar_0_vminus_x_sar_0_vrefhi                      -> \ADC_SAR_1:Net_126\
  sar_0_vminus                                     -> \ADC_SAR_1:Net_126\
  common_sar_vref_vdda/2                           -> \ADC_SAR_1:Net_235\
  common_sar_vref_vdda/2_x_sar_0_vref_vdda_vdda_2  -> \ADC_SAR_1:Net_235\
  sar_0_vref_vdda_vdda_2                           -> \ADC_SAR_1:Net_235\
  sar_0_vref_x_sar_0_vref_vdda_vdda_2              -> \ADC_SAR_1:Net_235\
  sar_0_vref                                       -> \ADC_SAR_1:Net_235\
}
Mux Info {
}
Dump of CyP35AnalogRoutingResultsDB
IsVddaHalfUsedForComp = False
IsVddaHalfUsedForSar0 = True
IsVddaHalfUsedForSar1 = False
Analog Code Generation phase: Elapsed time ==> 0s.302ms
</CYPRESSTAG>
<CYPRESSTAG name="Digital Placement">
<CYPRESSTAG name="Detailed placement messages">
I2076: Total run-time: 0.7 sec.

</CYPRESSTAG>
<CYPRESSTAG name="PLD Packing">
<CYPRESSTAG name="PLD Packing Summary" expanded>

------------------------------------------------------------
PLD Packing Summary
------------------------------------------------------------
            Resource Type : Used : Free :  Max :  % Used
    ====================================================
                     PLDs :    2 :   46 :   48 :   4.17%

<CYPRESSTAG name="PLD Statistics">

        PLD Resource Type :     Average/LAB
    =======================================
                   Inputs :            1.50
                   Pterms :            1.50
               Macrocells :            2.00
</CYPRESSTAG>
<CYPRESSTAG name="Packed PLD Contents">
Packed PLD Contents not displayed at this verbose level.</CYPRESSTAG>
</CYPRESSTAG>
PLD Packing: Elapsed time ==> 0s.001ms
</CYPRESSTAG>
<CYPRESSTAG name="Partitioning">
<CYPRESSTAG name="Initial Partitioning Summary">
Initial Partitioning Summary not displayed at this verbose level.</CYPRESSTAG>
<CYPRESSTAG name="Final Partitioning Summary">
Final Partitioning Summary not displayed at this verbose level.</CYPRESSTAG>
Partitioning: Elapsed time ==> 0s.019ms
</CYPRESSTAG>
<CYPRESSTAG name="Final Placement Summary">

------------------------------------------------------------
Final Placement Summary
------------------------------------------------------------

       Resource Type :      Count : Avg Inputs : Avg Outputs
    ========================================================
                 UDB :          1 :       3.00 :       4.00
<CYPRESSTAG name="Final Placement Details">
<CYPRESSTAG name="Component Details">

------------------------------------------------------------
Component Placement Details
------------------------------------------------------------
UDB [UDB=(0,0)] is empty.
UDB [UDB=(0,1)] is empty.
UDB [UDB=(0,2)] is empty.
UDB [UDB=(0,3)] is empty.
UDB [UDB=(0,4)] is empty.
UDB [UDB=(0,5)] is empty.
UDB [UDB=(1,0)] is empty.
UDB [UDB=(1,1)] is empty.
UDB [UDB=(1,2)] is empty.
UDB [UDB=(1,3)] is empty.
UDB [UDB=(1,4)] is empty.
UDB [UDB=(1,5)] is empty.
UDB [UDB=(2,0)] is empty.
UDB [UDB=(2,1)] is empty.
UDB [UDB=(2,2)] is empty.
UDB [UDB=(2,3)] is empty.
UDB [UDB=(2,4)] is empty.
UDB [UDB=(2,5)] is empty.
UDB [UDB=(3,0)] is empty.
UDB [UDB=(3,1)] is empty.
UDB [UDB=(3,2)] is empty.
UDB [UDB=(3,3)] is empty.
UDB [UDB=(3,4)] contents:
LAB@[UDB=(3,4)][LB=0] #macrocells=3, #inputs=3, #pterms=3
{
    [McSlotId=0]:     MacroCell: Name=Net_124, Mode=(D-Register) @ [UDB=(3,4)][LB=0][MC=0]
        Total # of inputs        : 2
        Total # of product terms : 1
        List of special equations: 
            Clock  = (Net_122) => Global
            Clock Enable: True
        Main Equation            : 1 pterm
        (
              !\Debouncer_1:DEBOUNCER[0]:d_sync_0\ * 
              \Debouncer_1:DEBOUNCER[0]:d_sync_1\
        );
        Output = Net_124 (fanout=1)
        Properties               : 
        {
        }

    [McSlotId=1]:     MacroCell: Name=\Debouncer_1:DEBOUNCER[0]:d_sync_1\, Mode=(D-Register) @ [UDB=(3,4)][LB=0][MC=1]
        Total # of inputs        : 1
        Total # of product terms : 1
        List of special equations: 
            Clock  = (Net_122) => Global
            Clock Enable: True
        Main Equation            : 1 pterm
        (
              \Debouncer_1:DEBOUNCER[0]:d_sync_0\
        );
        Output = \Debouncer_1:DEBOUNCER[0]:d_sync_1\ (fanout=1)
        Properties               : 
        {
        }

    [McSlotId=2]:     MacroCell: Name=\Debouncer_1:DEBOUNCER[0]:d_sync_0\, Mode=(D-Register) @ [UDB=(3,4)][LB=0][MC=2]
        Total # of inputs        : 1
        Total # of product terms : 1
        List of special equations: 
            Clock  = (Net_122) => Global
            Clock Enable: True
        Main Equation            : 1 pterm
        (
              Net_120
        );
        Output = \Debouncer_1:DEBOUNCER[0]:d_sync_0\ (fanout=2)
        Properties               : 
        {
        }

    [McSlotId=3]: (empty)
}

LAB@[UDB=(3,4)][LB=1] #macrocells=1, #inputs=0, #pterms=0
{
    [McSlotId=0]:     MacroCell: Name=cydff_1, Mode=(T-Register) @ [UDB=(3,4)][LB=1][MC=0]
        Total # of inputs        : 0
        Total # of product terms : 0
        List of special equations: 
            Clock  = (Net_122) => Global
            Clock Enable: PosEdge(Net_124)
        Main Equation            : 0 pterms
        !(
            0
        );
        Output = cydff_1 (fanout=1)
        Properties               : 
        {
        }

    [McSlotId=1]: (empty)
    [McSlotId=2]: (empty)
    [McSlotId=3]: (empty)
}

UDB [UDB=(3,5)] is empty.
Intr container @ [IntrContainer=(0)]: 
  Intr@ [IntrContainer=(0)][IntrId=(0)] 
    interrupt: Name =\ADC_SAR_1:IRQ\
        PORT MAP (
            interrupt => Net_110 );
        Properties:
        {
            int_type = "10"
            is_nmi = 0
        }
Drq container @ [DrqContainer=(0)]: empty
Port 0 contains the following IO cells:
[IoId=0]: 
Pin : Name = HELFT_A(0)
    Attributes:
        In Group/Port: True
        In Sync Option: AUTO
        Out Sync Option: NOSYNC
        Interrupt generated: False
        Interrupt mode: NONE
        Drive mode: CMOS_OUT
        VTrip: EITHER
        Slew: FAST
        Input Sync needed: False
        Output Sync needed: False
        SC shield enabled: False
        POR State: ANY
        LCD Mode: COMMON
        Register Mode: RegComb
        CaSense Mode: NEITHER
        Treat as pin: False
        Is OE Registered: False
        Uses Analog: False
        Can contain Digital: True
        Is SIO: False
        SIO Output Buf: NONREGULATED
        SIO Input Buf: SINGLE_ENDED
        SIO HiFreq: LOW
        SIO Hyst: DISABLED
        SIO Vtrip: MULTIPLIER_0_5
        SIO Multiplier Index: 0
        SIO RefSel: VCC_IO
        Required Capabilities: DIGITAL
        Initial Value: 0
        IO Voltage: 0
    PORT MAP (
        pa_out => HELFT_A(0)__PA ,
        annotation => Net_84 ,
        pad => HELFT_A(0)_PAD );
    Properties:
    {
    }

[IoId=1]: 
Pin : Name = HELFT_A(1)
    Attributes:
        In Group/Port: True
        In Sync Option: AUTO
        Out Sync Option: NOSYNC
        Interrupt generated: False
        Interrupt mode: NONE
        Drive mode: CMOS_OUT
        VTrip: EITHER
        Slew: FAST
        Input Sync needed: False
        Output Sync needed: False
        SC shield enabled: False
        POR State: ANY
        LCD Mode: COMMON
        Register Mode: RegComb
        CaSense Mode: NEITHER
        Treat as pin: False
        Is OE Registered: False
        Uses Analog: False
        Can contain Digital: True
        Is SIO: False
        SIO Output Buf: NONREGULATED
        SIO Input Buf: SINGLE_ENDED
        SIO HiFreq: LOW
        SIO Hyst: DISABLED
        SIO Vtrip: MULTIPLIER_0_5
        SIO Multiplier Index: 0
        SIO RefSel: VCC_IO
        Required Capabilities: DIGITAL
        Initial Value: 0
        IO Voltage: 0
    PORT MAP (
        pa_out => HELFT_A(1)__PA ,
        annotation => Net_85 ,
        pad => HELFT_A(1)_PAD );
    Properties:
    {
    }

[IoId=2]: 
Pin : Name = HELFT_A(2)
    Attributes:
        In Group/Port: True
        In Sync Option: AUTO
        Out Sync Option: NOSYNC
        Interrupt generated: False
        Interrupt mode: NONE
        Drive mode: CMOS_OUT
        VTrip: EITHER
        Slew: FAST
        Input Sync needed: False
        Output Sync needed: False
        SC shield enabled: False
        POR State: ANY
        LCD Mode: COMMON
        Register Mode: RegComb
        CaSense Mode: NEITHER
        Treat as pin: False
        Is OE Registered: False
        Uses Analog: False
        Can contain Digital: True
        Is SIO: False
        SIO Output Buf: NONREGULATED
        SIO Input Buf: SINGLE_ENDED
        SIO HiFreq: LOW
        SIO Hyst: DISABLED
        SIO Vtrip: MULTIPLIER_0_5
        SIO Multiplier Index: 0
        SIO RefSel: VCC_IO
        Required Capabilities: DIGITAL
        Initial Value: 0
        IO Voltage: 0
    PORT MAP (
        pa_out => HELFT_A(2)__PA ,
        annotation => Net_86 ,
        pad => HELFT_A(2)_PAD );
    Properties:
    {
    }

[IoId=3]: 
Pin : Name = HELFT_A(3)
    Attributes:
        In Group/Port: True
        In Sync Option: AUTO
        Out Sync Option: NOSYNC
        Interrupt generated: False
        Interrupt mode: NONE
        Drive mode: CMOS_OUT
        VTrip: EITHER
        Slew: FAST
        Input Sync needed: False
        Output Sync needed: False
        SC shield enabled: False
        POR State: ANY
        LCD Mode: COMMON
        Register Mode: RegComb
        CaSense Mode: NEITHER
        Treat as pin: False
        Is OE Registered: False
        Uses Analog: False
        Can contain Digital: True
        Is SIO: False
        SIO Output Buf: NONREGULATED
        SIO Input Buf: SINGLE_ENDED
        SIO HiFreq: LOW
        SIO Hyst: DISABLED
        SIO Vtrip: MULTIPLIER_0_5
        SIO Multiplier Index: 0
        SIO RefSel: VCC_IO
        Required Capabilities: DIGITAL
        Initial Value: 0
        IO Voltage: 0
    PORT MAP (
        pa_out => HELFT_A(3)__PA ,
        annotation => Net_87 ,
        pad => HELFT_A(3)_PAD );
    Properties:
    {
    }

[IoId=4]: 
Pin : Name = HELFT_A(4)
    Attributes:
        In Group/Port: True
        In Sync Option: AUTO
        Out Sync Option: NOSYNC
        Interrupt generated: False
        Interrupt mode: NONE
        Drive mode: CMOS_OUT
        VTrip: EITHER
        Slew: FAST
        Input Sync needed: False
        Output Sync needed: False
        SC shield enabled: False
        POR State: ANY
        LCD Mode: COMMON
        Register Mode: RegComb
        CaSense Mode: NEITHER
        Treat as pin: False
        Is OE Registered: False
        Uses Analog: False
        Can contain Digital: True
        Is SIO: False
        SIO Output Buf: NONREGULATED
        SIO Input Buf: SINGLE_ENDED
        SIO HiFreq: LOW
        SIO Hyst: DISABLED
        SIO Vtrip: MULTIPLIER_0_5
        SIO Multiplier Index: 0
        SIO RefSel: VCC_IO
        Required Capabilities: DIGITAL
        Initial Value: 0
        IO Voltage: 0
    PORT MAP (
        pa_out => HELFT_A(4)__PA ,
        annotation => Net_88 ,
        pad => HELFT_A(4)_PAD );
    Properties:
    {
    }

[IoId=5]: 
Pin : Name = Outdiv2(0)
    Attributes:
        In Group/Port: True
        In Sync Option: AUTO
        Out Sync Option: NOSYNC
        Interrupt generated: False
        Interrupt mode: NONE
        Drive mode: CMOS_OUT
        VTrip: EITHER
        Slew: FAST
        Input Sync needed: False
        Output Sync needed: False
        SC shield enabled: False
        POR State: ANY
        LCD Mode: COMMON
        Register Mode: RegComb
        CaSense Mode: NEITHER
        Treat as pin: True
        Is OE Registered: False
        Uses Analog: False
        Can contain Digital: True
        Is SIO: False
        SIO Output Buf: NONREGULATED
        SIO Input Buf: SINGLE_ENDED
        SIO HiFreq: LOW
        SIO Hyst: DISABLED
        SIO Vtrip: MULTIPLIER_0_5
        SIO Multiplier Index: 0
        SIO RefSel: VCC_IO
        Required Capabilities: DIGITAL, ROUTABLE
        Initial Value: 0
        IO Voltage: 0
    PORT MAP (
        pa_out => Outdiv2(0)__PA ,
        pin_input => cydff_1 ,
        pad => Outdiv2(0)_PAD );
    Properties:
    {
    }

[IoId=6]: 
Pin : Name = Pin_2(0)
    Attributes:
        In Group/Port: True
        In Sync Option: AUTO
        Out Sync Option: AUTO
        Interrupt generated: False
        Interrupt mode: NONE
        Drive mode: HI_Z_ANALOG
        VTrip: EITHER
        Slew: FAST
        Input Sync needed: False
        Output Sync needed: False
        SC shield enabled: False
        POR State: ANY
        LCD Mode: COMMON
        Register Mode: RegComb
        CaSense Mode: NEITHER
        Treat as pin: True
        Is OE Registered: False
        Uses Analog: True
        Can contain Digital: False
        Is SIO: False
        SIO Output Buf: NONREGULATED
        SIO Input Buf: SINGLE_ENDED
        SIO HiFreq: LOW
        SIO Hyst: DISABLED
        SIO Vtrip: MULTIPLIER_0_5
        SIO Multiplier Index: 0
        SIO RefSel: VCC_IO
        Required Capabilities: ANALOG
        Initial Value: 0
        IO Voltage: 0
    PORT MAP (
        pa_out => Pin_2(0)__PA ,
        analog_term => Net_107 ,
        annotation => Net_108 ,
        pad => Pin_2(0)_PAD );
    Properties:
    {
    }

[IoId=7]: 
Pin : Name = Pin_3(0)
    Attributes:
        In Group/Port: True
        In Sync Option: NOSYNC
        Out Sync Option: AUTO
        Interrupt generated: False
        Interrupt mode: NONE
        Drive mode: RES_PULL_UP
        VTrip: CMOS
        Slew: FAST
        Input Sync needed: False
        Output Sync needed: False
        SC shield enabled: False
        POR State: ANY
        LCD Mode: COMMON
        Register Mode: RegComb
        CaSense Mode: NEITHER
        Treat as pin: True
        Is OE Registered: False
        Uses Analog: False
        Can contain Digital: True
        Is SIO: False
        SIO Output Buf: NONREGULATED
        SIO Input Buf: SINGLE_ENDED
        SIO HiFreq: LOW
        SIO Hyst: DISABLED
        SIO Vtrip: MULTIPLIER_0_5
        SIO Multiplier Index: 0
        SIO RefSel: VCC_IO
        Required Capabilities: DIGITAL, ROUTABLE
        Initial Value: 1
        IO Voltage: 0
    PORT MAP (
        pa_out => Pin_3(0)__PA ,
        fb => Net_120 ,
        annotation => Net_119 ,
        pad => Pin_3(0)_PAD );
    Properties:
    {
    }

Port 1 contains the following IO cells:
Port 2 contains the following IO cells:
[IoId=3]: 
Pin : Name = HELFT_B(0)
    Attributes:
        In Group/Port: True
        In Sync Option: AUTO
        Out Sync Option: NOSYNC
        Interrupt generated: False
        Interrupt mode: NONE
        Drive mode: CMOS_OUT
        VTrip: EITHER
        Slew: FAST
        Input Sync needed: False
        Output Sync needed: False
        SC shield enabled: False
        POR State: ANY
        LCD Mode: COMMON
        Register Mode: RegComb
        CaSense Mode: NEITHER
        Treat as pin: False
        Is OE Registered: False
        Uses Analog: False
        Can contain Digital: True
        Is SIO: False
        SIO Output Buf: NONREGULATED
        SIO Input Buf: SINGLE_ENDED
        SIO HiFreq: LOW
        SIO Hyst: DISABLED
        SIO Vtrip: MULTIPLIER_0_5
        SIO Multiplier Index: 0
        SIO RefSel: VCC_IO
        Required Capabilities: DIGITAL
        Initial Value: 0
        IO Voltage: 0
    PORT MAP (
        pa_out => HELFT_B(0)__PA ,
        annotation => Net_89 ,
        pad => HELFT_B(0)_PAD );
    Properties:
    {
    }

[IoId=4]: 
Pin : Name = HELFT_B(1)
    Attributes:
        In Group/Port: True
        In Sync Option: AUTO
        Out Sync Option: NOSYNC
        Interrupt generated: False
        Interrupt mode: NONE
        Drive mode: CMOS_OUT
        VTrip: EITHER
        Slew: FAST
        Input Sync needed: False
        Output Sync needed: False
        SC shield enabled: False
        POR State: ANY
        LCD Mode: COMMON
        Register Mode: RegComb
        CaSense Mode: NEITHER
        Treat as pin: False
        Is OE Registered: False
        Uses Analog: False
        Can contain Digital: True
        Is SIO: False
        SIO Output Buf: NONREGULATED
        SIO Input Buf: SINGLE_ENDED
        SIO HiFreq: LOW
        SIO Hyst: DISABLED
        SIO Vtrip: MULTIPLIER_0_5
        SIO Multiplier Index: 0
        SIO RefSel: VCC_IO
        Required Capabilities: DIGITAL
        Initial Value: 0
        IO Voltage: 0
    PORT MAP (
        pa_out => HELFT_B(1)__PA ,
        annotation => Net_90 ,
        pad => HELFT_B(1)_PAD );
    Properties:
    {
    }

[IoId=5]: 
Pin : Name = HELFT_B(2)
    Attributes:
        In Group/Port: True
        In Sync Option: AUTO
        Out Sync Option: NOSYNC
        Interrupt generated: False
        Interrupt mode: NONE
        Drive mode: CMOS_OUT
        VTrip: EITHER
        Slew: FAST
        Input Sync needed: False
        Output Sync needed: False
        SC shield enabled: False
        POR State: ANY
        LCD Mode: COMMON
        Register Mode: RegComb
        CaSense Mode: NEITHER
        Treat as pin: False
        Is OE Registered: False
        Uses Analog: False
        Can contain Digital: True
        Is SIO: False
        SIO Output Buf: NONREGULATED
        SIO Input Buf: SINGLE_ENDED
        SIO HiFreq: LOW
        SIO Hyst: DISABLED
        SIO Vtrip: MULTIPLIER_0_5
        SIO Multiplier Index: 0
        SIO RefSel: VCC_IO
        Required Capabilities: DIGITAL
        Initial Value: 0
        IO Voltage: 0
    PORT MAP (
        pa_out => HELFT_B(2)__PA ,
        annotation => Net_91 ,
        pad => HELFT_B(2)_PAD );
    Properties:
    {
    }

[IoId=6]: 
Pin : Name = HELFT_B(3)
    Attributes:
        In Group/Port: True
        In Sync Option: AUTO
        Out Sync Option: NOSYNC
        Interrupt generated: False
        Interrupt mode: NONE
        Drive mode: CMOS_OUT
        VTrip: EITHER
        Slew: FAST
        Input Sync needed: False
        Output Sync needed: False
        SC shield enabled: False
        POR State: ANY
        LCD Mode: COMMON
        Register Mode: RegComb
        CaSense Mode: NEITHER
        Treat as pin: False
        Is OE Registered: False
        Uses Analog: False
        Can contain Digital: True
        Is SIO: False
        SIO Output Buf: NONREGULATED
        SIO Input Buf: SINGLE_ENDED
        SIO HiFreq: LOW
        SIO Hyst: DISABLED
        SIO Vtrip: MULTIPLIER_0_5
        SIO Multiplier Index: 0
        SIO RefSel: VCC_IO
        Required Capabilities: DIGITAL
        Initial Value: 0
        IO Voltage: 0
    PORT MAP (
        pa_out => HELFT_B(3)__PA ,
        annotation => Net_92 ,
        pad => HELFT_B(3)_PAD );
    Properties:
    {
    }

[IoId=7]: 
Pin : Name = HELFT_B(4)
    Attributes:
        In Group/Port: True
        In Sync Option: AUTO
        Out Sync Option: NOSYNC
        Interrupt generated: False
        Interrupt mode: NONE
        Drive mode: CMOS_OUT
        VTrip: EITHER
        Slew: FAST
        Input Sync needed: False
        Output Sync needed: False
        SC shield enabled: False
        POR State: ANY
        LCD Mode: COMMON
        Register Mode: RegComb
        CaSense Mode: NEITHER
        Treat as pin: False
        Is OE Registered: False
        Uses Analog: False
        Can contain Digital: True
        Is SIO: False
        SIO Output Buf: NONREGULATED
        SIO Input Buf: SINGLE_ENDED
        SIO HiFreq: LOW
        SIO Hyst: DISABLED
        SIO Vtrip: MULTIPLIER_0_5
        SIO Multiplier Index: 0
        SIO RefSel: VCC_IO
        Required Capabilities: DIGITAL
        Initial Value: 0
        IO Voltage: 0
    PORT MAP (
        pa_out => HELFT_B(4)__PA ,
        annotation => Net_93 ,
        pad => HELFT_B(4)_PAD );
    Properties:
    {
    }

Port 3 contains the following IO cells:
[IoId=0]: 
Pin : Name = Pin_1(0)
    Attributes:
        In Group/Port: True
        In Sync Option: NOSYNC
        Out Sync Option: AUTO
        Interrupt generated: False
        Interrupt mode: NONE
        Drive mode: HI_Z_DIGITAL
        VTrip: CMOS
        Slew: FAST
        Input Sync needed: False
        Output Sync needed: False
        SC shield enabled: False
        POR State: ANY
        LCD Mode: COMMON
        Register Mode: RegComb
        CaSense Mode: NEITHER
        Treat as pin: True
        Is OE Registered: False
        Uses Analog: False
        Can contain Digital: True
        Is SIO: False
        SIO Output Buf: NONREGULATED
        SIO Input Buf: SINGLE_ENDED
        SIO HiFreq: LOW
        SIO Hyst: DISABLED
        SIO Vtrip: MULTIPLIER_0_5
        SIO Multiplier Index: 0
        SIO RefSel: VCC_IO
        Required Capabilities: DIGITAL
        Initial Value: 0
        IO Voltage: 0
    PORT MAP (
        pa_out => Pin_1(0)__PA ,
        pad => Pin_1(0)_PAD );
    Properties:
    {
    }

Port 12 contains the following IO cells:
Port 15 contains the following IO cells:
ARM group 0: empty
CAN group 0: empty
Cache group 0: empty
CapSense group 0: empty
Clock group 0: 
    Clock Block @ F(Clock,0): 
    clockblockcell: Name =ClockBlock
        PORT MAP (
            imo => ClockBlock_IMO ,
            pllout => ClockBlock_PLL_OUT ,
            ilo => ClockBlock_ILO ,
            clk_100k => ClockBlock_100k ,
            clk_1k => ClockBlock_1k ,
            clk_32k => ClockBlock_32k ,
            xtal => ClockBlock_XTAL ,
            clk_32k_xtal => ClockBlock_XTAL_32KHZ ,
            clk_sync => ClockBlock_MASTER_CLK ,
            clk_bus_glb => ClockBlock_BUS_CLK ,
            clk_bus => ClockBlock_BUS_CLK_local ,
            aclk_glb_0 => \ADC_SAR_1:Net_385\ ,
            aclk_0 => \ADC_SAR_1:Net_385_local\ ,
            clk_a_dig_glb_0 => \ADC_SAR_1:Net_381\ ,
            clk_a_dig_0 => \ADC_SAR_1:Net_381_local\ ,
            dclk_glb_0 => Net_122 ,
            dclk_0 => Net_122_local );
        Properties:
        {
        }
Comparator group 0: empty
DFB group 0: empty
DSM group 0: empty
Decimator group 0: empty
EMIF group 0: empty
I2C group 0: empty
LCD group 0: empty
LVD group 0: empty
PICU group 0: empty
PM group 0: empty
SC group 0: empty
SPC group 0: empty
Timer group 0: empty
USB group 0: empty
VIDAC group 0: empty
OpAmp group 0: empty
CsAbuf group 0: empty
Vref group 0: 
    Vref Block @ F(Vref,13): 
    vrefcell: Name =\ADC_SAR_1:vRef_Vdda_1\
        PORT MAP (
            vout => \ADC_SAR_1:Net_235\ );
        Properties:
        {
            autoenable = 1
            guid = "4720866E-BC14-478d-B8A0-3E44F38CADAC"
            ignoresleep = 0
            name = "Vdda/2"
        }
LPF group 0: empty
SAR group 0: 
    SAR Block @ F(SAR,0): 
    sarcell: Name =\ADC_SAR_1:ADC_SAR\
        PORT MAP (
            vplus => Net_107 ,
            vminus => \ADC_SAR_1:Net_126\ ,
            ext_pin => \ADC_SAR_1:Net_209\ ,
            vrefhi_out => \ADC_SAR_1:Net_126\ ,
            vref => \ADC_SAR_1:Net_235\ ,
            clock => \ADC_SAR_1:Net_385\ ,
            pump_clock => \ADC_SAR_1:Net_385\ ,
            irq => \ADC_SAR_1:Net_252\ ,
            next => Net_111 ,
            data_out_udb_11 => \ADC_SAR_1:Net_207_11\ ,
            data_out_udb_10 => \ADC_SAR_1:Net_207_10\ ,
            data_out_udb_9 => \ADC_SAR_1:Net_207_9\ ,
            data_out_udb_8 => \ADC_SAR_1:Net_207_8\ ,
            data_out_udb_7 => \ADC_SAR_1:Net_207_7\ ,
            data_out_udb_6 => \ADC_SAR_1:Net_207_6\ ,
            data_out_udb_5 => \ADC_SAR_1:Net_207_5\ ,
            data_out_udb_4 => \ADC_SAR_1:Net_207_4\ ,
            data_out_udb_3 => \ADC_SAR_1:Net_207_3\ ,
            data_out_udb_2 => \ADC_SAR_1:Net_207_2\ ,
            data_out_udb_1 => \ADC_SAR_1:Net_207_1\ ,
            data_out_udb_0 => \ADC_SAR_1:Net_207_0\ ,
            eof_udb => Net_110 );
        Properties:
        {
            cy_registers = ""
        }
ANAIF group 0: empty
PHUB group 0: empty
</CYPRESSTAG>
<CYPRESSTAG name="Port Configuration Details">

------------------------------------------------------------
Port Configuration report
------------------------------------------------------------
     |     |       | Interrupt |                  |            | 
Port | Pin | Fixed |      Type |       Drive Mode |       Name | Connections
-----+-----+-------+-----------+------------------+------------+----------------
   0 |   0 |     * |      NONE |         CMOS_OUT | HELFT_A(0) | 
     |   1 |     * |      NONE |         CMOS_OUT | HELFT_A(1) | 
     |   2 |     * |      NONE |         CMOS_OUT | HELFT_A(2) | 
     |   3 |     * |      NONE |         CMOS_OUT | HELFT_A(3) | 
     |   4 |     * |      NONE |         CMOS_OUT | HELFT_A(4) | 
     |   5 |       |      NONE |         CMOS_OUT | Outdiv2(0) | In(cydff_1)
     |   6 |     * |      NONE |      HI_Z_ANALOG |   Pin_2(0) | Analog(Net_107)
     |   7 |     * |      NONE |      RES_PULL_UP |   Pin_3(0) | FB(Net_120)
-----+-----+-------+-----------+------------------+------------+----------------
   2 |   3 |     * |      NONE |         CMOS_OUT | HELFT_B(0) | 
     |   4 |     * |      NONE |         CMOS_OUT | HELFT_B(1) | 
     |   5 |     * |      NONE |         CMOS_OUT | HELFT_B(2) | 
     |   6 |     * |      NONE |         CMOS_OUT | HELFT_B(3) | 
     |   7 |     * |      NONE |         CMOS_OUT | HELFT_B(4) | 
-----+-----+-------+-----------+------------------+------------+----------------
   3 |   0 |     * |      NONE |     HI_Z_DIGITAL |   Pin_1(0) | 
--------------------------------------------------------------------------------
</CYPRESSTAG>
</CYPRESSTAG>
</CYPRESSTAG>
Digital component placer commit/Report: Elapsed time ==> 0s.041ms
Digital Placement phase: Elapsed time ==> 1s.097ms
</CYPRESSTAG>
<CYPRESSTAG name="Digital Routing">
"C:\Program Files (x86)\Cypress\PSoC Creator\4.4\PSoC Creator\bin/sjrouter.exe" --xml-path "C:\Program Files (x86)\Cypress\PSoC Creator\4.4\PSoC Creator\dev\psoc5/psoc5lp/route_arch-rrg.cydata" --vh2-path "E Debouncer V2_r.vh2" --pcf-path "E Debouncer V2.pco" --des-name "E Debouncer V2" --dsf-path "E Debouncer V2.dsf" --sdc-path "E Debouncer V2.sdc" --lib-path "E Debouncer V2_r.lib"
Routing successful.
Digital Routing phase: Elapsed time ==> 1s.242ms
</CYPRESSTAG>
<CYPRESSTAG name="Bitstream Generation">
Bitstream Generation phase: Elapsed time ==> 0s.347ms
</CYPRESSTAG>
<CYPRESSTAG name="Bitstream Verification">
Bitstream Verification phase: Elapsed time ==> 0s.060ms
</CYPRESSTAG>
<CYPRESSTAG name="Static timing analysis">
Timing report is in E Debouncer V2_timing.html.
Static timing analysis phase: Elapsed time ==> 0s.367ms
</CYPRESSTAG>
<CYPRESSTAG name="Data reporting">
Data reporting phase: Elapsed time ==> 0s.000ms
</CYPRESSTAG>
<CYPRESSTAG name="Database update...">
Design database save phase: Elapsed time ==> 0s.192ms
</CYPRESSTAG>
cydsfit: Elapsed time ==> 4s.207ms
</CYPRESSTAG>
Fitter phase: Elapsed time ==> 4s.208ms
API generation phase: Elapsed time ==> 1s.751ms
Dependency generation phase: Elapsed time ==> 0s.035ms
Cleanup phase: Elapsed time ==> 0s.002ms
